#
# There is insufficient memory for the Java Runtime Environment to continue.
# Native memory allocation (malloc) failed to allocate 1667056 bytes for Chunk::new
# Possible reasons:
#   The system is out of physical RAM or swap space
#   In 32 bit mode, the process size limit was hit
# Possible solutions:
#   Reduce memory load on the system
#   Increase physical memory or swap space
#   Check if swap backing store is full
#   Use 64 bit Java on a 64 bit OS
#   Decrease Java heap size (-Xmx/-Xms)
#   Decrease number of Java threads
#   Decrease Java thread stack sizes (-Xss)
#   Set larger code cache with -XX:ReservedCodeCacheSize=
# This output file may be truncated or incomplete.
#
#  Out of Memory Error (allocation.cpp:390), pid=10936, tid=12056
#
# JRE version: Java(TM) SE Runtime Environment (8.0_66-b17) (build 1.8.0_66-b17)
# Java VM: Java HotSpot(TM) 64-Bit Server VM (25.66-b17 mixed mode windows-amd64 compressed oops)
# Failed to write core dump. Minidumps are not enabled by default on client versions of Windows
#

---------------  T H R E A D  ---------------

Current thread (0x0000000001e05800):  JavaThread "C2 CompilerThread0" daemon [_thread_in_native, id=12056, stack(0x0000000016000000,0x0000000016100000)]

Stack: [0x0000000016000000,0x0000000016100000]
[error occurred during error reporting (printing stack bounds), id 0xc0000005]

Native frames: (J=compiled Java code, j=interpreted, Vv=VM code, C=native code)


Current CompileTask:
C2:   2472 1254   !   4       com.android.dx.cf.code.BytecodeArray::parseInstruction (2764 bytes)


---------------  P R O C E S S  ---------------

Java Threads: ( => current thread )
  0x00000000165cf800 JavaThread "pool-1-thread-4" [_thread_blocked, id=12212, stack(0x0000000016d00000,0x0000000016e00000)]
  0x0000000016250800 JavaThread "Service Thread" daemon [_thread_blocked, id=11804, stack(0x0000000016700000,0x0000000016800000)]
  0x000000001624b800 JavaThread "C1 CompilerThread2" daemon [_thread_blocked, id=11816, stack(0x0000000016600000,0x0000000016700000)]
  0x0000000001e08800 JavaThread "C2 CompilerThread1" daemon [_thread_in_native, id=11776, stack(0x0000000016100000,0x0000000016200000)]
=>0x0000000001e05800 JavaThread "C2 CompilerThread0" daemon [_thread_in_native, id=12056, stack(0x0000000016000000,0x0000000016100000)]
  0x0000000001e03800 JavaThread "Attach Listener" daemon [_thread_blocked, id=12052, stack(0x0000000015f00000,0x0000000016000000)]
  0x0000000001e54800 JavaThread "Signal Dispatcher" daemon [_thread_blocked, id=12044, stack(0x0000000015e00000,0x0000000015f00000)]
  0x0000000000e30800 JavaThread "Finalizer" daemon [_thread_blocked, id=11832, stack(0x0000000015d00000,0x0000000015e00000)]
  0x0000000000e2d000 JavaThread "Reference Handler" daemon [_thread_blocked, id=11844, stack(0x0000000015c00000,0x0000000015d00000)]
  0x0000000000d41000 JavaThread "main" [_thread_blocked, id=11848, stack(0x0000000000890000,0x0000000000990000)]

Other Threads:
  0x0000000001dc8000 VMThread [stack: 0x0000000015b00000,0x0000000015c00000] [id=11812]
  0x0000000016299000 WatcherThread [stack: 0x0000000016800000,0x0000000016900000] [id=12092]

VM state:not at safepoint (normal execution)

VM Mutex/Monitor currently owned by a thread:  ([mutex/lock_event])
[0x0000000000f2bf90] Heap_lock - owner thread: 0x0000000000d41000

Heap:
 PSYoungGen      total 38400K, used 5104K [0x00000000eab00000, 0x00000000ed580000, 0x0000000100000000)
  eden space 33280K, 0% used [0x00000000eab00000,0x00000000eab00020,0x00000000ecb80000)
  from space 5120K, 99% used [0x00000000ecb80000,0x00000000ed07c038,0x00000000ed080000)
  to   space 5120K, 0% used [0x00000000ed080000,0x00000000ed080000,0x00000000ed580000)
 ParOldGen       total 87552K, used 1295K [0x00000000c0000000, 0x00000000c5580000, 0x00000000eab00000)
  object space 87552K, 1% used [0x00000000c0000000,0x00000000c0143e00,0x00000000c5580000)
 Metaspace       used 6089K, capacity 6968K, committed 7040K, reserved 1056768K
  class space    used 608K, capacity 624K, committed 640K, reserved 1048576K

Card table byte_map: [0x00000000012f0000,0x0000000001500000] byte_map_base: 0x0000000000cf0000

Marking Bits: (ParMarkBitMap*) 0x000000006ddaa5b0
 Begin Bits: [0x0000000012400000, 0x0000000013400000)
 End Bits:   [0x0000000013400000, 0x0000000014400000)

Polling page: 0x0000000000520000

CodeCache: size=245760Kb used=5166Kb max_used=5166Kb free=240593Kb
 bounds [0x0000000003400000, 0x0000000003920000, 0x0000000012400000]
 total_blobs=1565 nmethods=1296 adapters=182
 compilation: enabled

Compilation events (10 events):
Event: 2.341 Thread 0x000000001624b800 nmethod 1296 0x000000000390c050 code [0x000000000390c1c0, 0x000000000390c430]
Event: 2.341 Thread 0x000000001624b800 1289       3       com.android.dx.dex.file.EncodedField::hashCode (8 bytes)
Event: 2.342 Thread 0x000000001624b800 nmethod 1289 0x000000000390c550 code [0x000000000390c720, 0x000000000390d028]
Event: 2.342 Thread 0x000000001624b800 1302       3       com.android.dx.dex.code.OutputFinisher::addConstants (68 bytes)
Event: 2.343 Thread 0x000000001624b800 nmethod 1302 0x000000000390d4d0 code [0x000000000390d6c0, 0x000000000390e088]
Event: 2.343 Thread 0x000000001624b800 1306       3       java.util.HashMap$HashIterator::nextNode (100 bytes)
Event: 2.343 Thread 0x000000001624b800 nmethod 1306 0x000000000390e4d0 code [0x000000000390e680, 0x000000000390eb58]
Event: 2.343 Thread 0x000000001624b800 1303       3       com.android.dx.dex.file.DexFile::internIfAppropriate (128 bytes)
Event: 2.344 Thread 0x000000001624b800 nmethod 1303 0x000000000390ed90 code [0x000000000390f020, 0x0000000003910598]
Event: 2.344 Thread 0x000000001624b800 1307   !   3       com.android.dx.rop.cst.CstType::intern (48 bytes)

GC Heap History (2 events):
Event: 2.345 GC heap before
{Heap before GC invocations=1 (full 0):
 PSYoungGen      total 38400K, used 33280K [0x00000000eab00000, 0x00000000ed580000, 0x0000000100000000)
  eden space 33280K, 100% used [0x00000000eab00000,0x00000000ecb80000,0x00000000ecb80000)
  from space 5120K, 0% used [0x00000000ed080000,0x00000000ed080000,0x00000000ed580000)
  to   space 5120K, 0% used [0x00000000ecb80000,0x00000000ecb80000,0x00000000ed080000)
 ParOldGen       total 87552K, used 0K [0x00000000c0000000, 0x00000000c5580000, 0x00000000eab00000)
  object space 87552K, 0% used [0x00000000c0000000,0x00000000c0000000,0x00000000c5580000)
 Metaspace       used 6089K, capacity 6968K, committed 7040K, reserved 1056768K
  class space    used 608K, capacity 624K, committed 640K, reserved 1048576K
Event: 2.464 GC heap after
Heap after GC invocations=1 (full 0):
 PSYoungGen      total 38400K, used 5104K [0x00000000eab00000, 0x00000000ed580000, 0x0000000100000000)
  eden space 33280K, 0% used [0x00000000eab00000,0x00000000eab00000,0x00000000ecb80000)
  from space 5120K, 99% used [0x00000000ecb80000,0x00000000ed07c038,0x00000000ed080000)
  to   space 5120K, 0% used [0x00000000ed080000,0x00000000ed080000,0x00000000ed580000)
 ParOldGen       total 87552K, used 1295K [0x00000000c0000000, 0x00000000c5580000, 0x00000000eab00000)
  object space 87552K, 1% used [0x00000000c0000000,0x00000000c0143e00,0x00000000c5580000)
 Metaspace       used 6089K, capacity 6968K, committed 7040K, reserved 1056768K
  class space    used 608K, capacity 624K, committed 640K, reserved 1048576K
}

Deoptimization events (10 events):
Event: 2.332 Thread 0x0000000000d41000 Uncommon trap: reason=class_check action=maybe_recompile pc=0x0000000003853308 method=java.util.Arrays.hashCode([Ljava/lang/Object;)I @ 43
Event: 2.332 Thread 0x0000000000d41000 Uncommon trap: reason=class_check action=maybe_recompile pc=0x000000000384be34 method=java.util.Arrays.hashCode([Ljava/lang/Object;)I @ 43
Event: 2.337 Thread 0x0000000000d41000 Uncommon trap: reason=bimorphic action=maybe_recompile pc=0x0000000003659be8 method=java.util.HashMap.getNode(ILjava/lang/Object;)Ljava/util/HashMap$Node; @ 126
Event: 2.337 Thread 0x0000000000d41000 Uncommon trap: reason=bimorphic action=maybe_recompile pc=0x0000000003659be8 method=java.util.HashMap.getNode(ILjava/lang/Object;)Ljava/util/HashMap$Node; @ 126
Event: 2.337 Thread 0x0000000000d41000 Uncommon trap: reason=class_check action=maybe_recompile pc=0x0000000003839ba8 method=java.util.HashMap.putVal(ILjava/lang/Object;Ljava/lang/Object;ZZ)Ljava/lang/Object; @ 203
Event: 2.337 Thread 0x0000000000d41000 Uncommon trap: reason=bimorphic action=maybe_recompile pc=0x0000000003659be8 method=java.util.HashMap.getNode(ILjava/lang/Object;)Ljava/util/HashMap$Node; @ 126
Event: 2.337 Thread 0x0000000000d41000 Uncommon trap: reason=class_check action=maybe_recompile pc=0x0000000003839ba8 method=java.util.HashMap.putVal(ILjava/lang/Object;Ljava/lang/Object;ZZ)Ljava/lang/Object; @ 203
Event: 2.337 Thread 0x0000000000d41000 Uncommon trap: reason=bimorphic action=maybe_recompile pc=0x0000000003659be8 method=java.util.HashMap.getNode(ILjava/lang/Object;)Ljava/util/HashMap$Node; @ 126
Event: 2.337 Thread 0x0000000000d41000 Uncommon trap: reason=bimorphic action=maybe_recompile pc=0x000000000386b4d0 method=java.util.HashMap.getNode(ILjava/lang/Object;)Ljava/util/HashMap$Node; @ 126
Event: 2.338 Thread 0x0000000000d41000 Uncommon trap: reason=class_check action=maybe_recompile pc=0x0000000003839ba8 method=java.util.HashMap.putVal(ILjava/lang/Object;Ljava/lang/Object;ZZ)Ljava/lang/Object; @ 203

Internal exceptions (3 events):
Event: 0.186 Thread 0x0000000000d41000 Exception <a 'java/lang/NoSuchMethodError': Method sun.misc.Unsafe.defineClass(Ljava/lang/String;[BII)Ljava/lang/Class; name or signature does not match> (0x00000000eab13080) thrown at [C:\re\workspace\8-2-build-windows-amd64-cygwin\jdk8u66\4988\hotspot\srÌfÁ|õàÇ?
Event: 0.187 Thread 0x0000000000d41000 Exception <a 'java/lang/NoSuchMethodError': Method sun.misc.Unsafe.prefetchRead(Ljava/lang/Object;J)V name or signature does not match> (0x00000000eab13368) thrown at [C:\re\workspace\8-2-build-windows-amd64-cygwin\jdk8u66\4988\hotspot\src\share\vm\prims\jùª/9µû?
Event: 1.732 Thread 0x0000000000d41000 Implicit null exception at 0x00000000036ec2d4 to 0x00000000036ee1ad

Events (10 events):
Event: 2.337 Thread 0x0000000000d41000 Uncommon trap: trap_request=0xffffffc6 fr.pc=0x000000000386b4d0
Event: 2.337 Thread 0x0000000000d41000 DEOPT PACKING pc=0x000000000386b4d0 sp=0x000000000098f130
Event: 2.337 Thread 0x0000000000d41000 DEOPT UNPACKING pc=0x000000000344582a sp=0x000000000098f0c8 mode 2
Event: 2.338 Thread 0x0000000000d41000 Uncommon trap: trap_request=0xffffffde fr.pc=0x0000000003839ba8
Event: 2.338 Thread 0x0000000000d41000 DEOPT PACKING pc=0x0000000003839ba8 sp=0x000000000098f1e0
Event: 2.338 Thread 0x0000000000d41000 DEOPT UNPACKING pc=0x000000000344582a sp=0x000000000098f108 mode 2
Event: 2.339 loading class com/android/dx/dex/file/CatchStructs
Event: 2.339 loading class com/android/dx/dex/file/CatchStructs done
Event: 2.344 Executing VM operation: ParallelGCFailedAllocation
Event: 2.464 Executing VM operation: ParallelGCFailedAllocation done


Dynamic libraries:
0x00007ff719a70000 - 0x00007ff719aa7000 	C:\Program Files\Java\jdk1.8.0_66\bin\java.exe
0x00007ff89e510000 - 0x00007ff89e6d1000 	C:\Windows\SYSTEM32\ntdll.dll
0x00007ff89da60000 - 0x00007ff89db0d000 	C:\Windows\system32\KERNEL32.DLL
0x00007ff89ac70000 - 0x00007ff89ae58000 	C:\Windows\system32\KERNELBASE.dll
0x00007ff89bfd0000 - 0x00007ff89c077000 	C:\Windows\system32\ADVAPI32.dll
0x00007ff89df80000 - 0x00007ff89e01d000 	C:\Windows\system32\msvcrt.dll
0x00007ff89da00000 - 0x00007ff89da5b000 	C:\Windows\system32\sechost.dll
0x00007ff89e290000 - 0x00007ff89e3ac000 	C:\Windows\system32\RPCRT4.dll
0x00007ff89ba20000 - 0x00007ff89bb76000 	C:\Windows\system32\USER32.dll
0x00007ff89db10000 - 0x00007ff89dc96000 	C:\Windows\system32\GDI32.dll
0x00007ff88e4b0000 - 0x00007ff88e724000 	C:\Windows\WinSxS\amd64_microsoft.windows.common-controls_6595b64144ccf1df_6.0.10586.0_none_8c15ae12515e1c22\COMCTL32.dll
0x00007ff89dca0000 - 0x00007ff89df1d000 	C:\Windows\system32\combase.dll
0x00007ff89b680000 - 0x00007ff89b6ea000 	C:\Windows\system32\bcryptPrimitives.dll
0x00007ff89b9e0000 - 0x00007ff89ba1b000 	C:\Windows\system32\IMM32.DLL
0x000000006d120000 - 0x000000006d1f2000 	C:\Program Files\Java\jdk1.8.0_66\jre\bin\msvcr100.dll
0x000000006d5a0000 - 0x000000006de29000 	C:\Program Files\Java\jdk1.8.0_66\jre\bin\server\jvm.dll
0x00007ff89d840000 - 0x00007ff89d848000 	C:\Windows\system32\PSAPI.DLL
0x00007ff8904e0000 - 0x00007ff8904e9000 	C:\Windows\SYSTEM32\WSOCK32.dll
0x00007ff89e150000 - 0x00007ff89e1bb000 	C:\Windows\system32\WS2_32.dll
0x00007ff898d50000 - 0x00007ff898d73000 	C:\Windows\SYSTEM32\WINMM.dll
0x00007ff8913f0000 - 0x00007ff8913fa000 	C:\Windows\SYSTEM32\VERSION.dll
0x00007ff898cb0000 - 0x00007ff898cdc000 	C:\Windows\SYSTEM32\WINMMBASE.dll
0x00007ff89ac20000 - 0x00007ff89ac63000 	C:\Windows\system32\cfgmgr32.dll
0x000000006d590000 - 0x000000006d59f000 	C:\Program Files\Java\jdk1.8.0_66\jre\bin\verify.dll
0x000000006d560000 - 0x000000006d589000 	C:\Program Files\Java\jdk1.8.0_66\jre\bin\java.dll
0x000000006d540000 - 0x000000006d556000 	C:\Program Files\Java\jdk1.8.0_66\jre\bin\zip.dll
0x00007ff89c080000 - 0x00007ff89d5dc000 	C:\Windows\system32\SHELL32.dll
0x00007ff89ae60000 - 0x00007ff89b4a5000 	C:\Windows\system32\windows.storage.dll
0x00007ff89d850000 - 0x00007ff89d8a2000 	C:\Windows\system32\shlwapi.dll
0x00007ff89ab40000 - 0x00007ff89ab4f000 	C:\Windows\system32\kernel.appcore.dll
0x00007ff89b710000 - 0x00007ff89b7c5000 	C:\Windows\system32\shcore.dll
0x00007ff89ab70000 - 0x00007ff89abbb000 	C:\Windows\system32\powrprof.dll
0x00007ff89ab50000 - 0x00007ff89ab64000 	C:\Windows\system32\profapi.dll

VM Arguments:
jvm_args: -Djava.awt.headless=true -Xmx1024M -Dfile.encoding=windows-1258 -Duser.country=US -Duser.language=en -Duser.variant 
java_command: com.android.dx.command.Main --dex --num-threads=4 --output D:\Dazone\crewemail\CrewEmail\app\build\intermediates\pre-dexed\debug\com.crashlytics.sdk.android-answers-1.3.6_7fb680754288829b5da8f557fb383b01d2e299ea.jar D:\Dazone\crewemail\CrewEmail\app\build\intermediates\exploded-aar\com.crashlytics.sdk.android\answers\1.3.6\jars\classes.jar
java_class_path (initial): E:\android-sdk_r24.4.1-windows\android-sdk-windows\build-tools\23.0.2\lib\dx.jar
Launcher Type: SUN_STANDARD

Environment Variables:
JAVA_HOME=C:\Program Files\Java\jdk1.8.0_66
PATH=C:\ProgramData\Oracle\Java\javapath;C:\Windows\system32;C:\Windows;C:\Windows\System32\Wbem;C:\Windows\System32\WindowsPowerShell\v1.0\;C:\Program Files (x86)\Intel\OpenCL SDK\2.0\bin\x86;C:\Program Files (x86)\Intel\OpenCL SDK\2.0\bin\x64;C:\Program Files\Java\jdk1.8.0_66\bin;C:\Program Files (x86)\Skype\Phone\;E:\android-sdk_r24.4.1-windows\android-sdk-windows\tools;E:\android-sdk_r24.4.1-windows\android-sdk-windows\platform-tools;C:\Program Files\Bandizip\7z
USERNAME=THANHTUNG
OS=Windows_NT
PROCESSOR_IDENTIFIER=Intel64 Family 6 Model 42 Stepping 7, GenuineIntel



---------------  S Y S T E M  ---------------

OS: Windows 10.0 , 64 bit Build 10586 (10.0.10586.0)

CPU:total 4 (2 cores per cpu, 2 threads per core) family 6 model 42 stepping 7, cmov, cx8, fxsr, mmx, sse, sse2, sse3, ssse3, sse4.1, sse4.2, popcnt, avx, aes, clmul, ht, tsc, tscinvbit

Memory: 4k page, physical 8269036k(415480k free), swap 9317612k(6560k free)

vm_info: Java HotSpot(TM) 64-Bit Server VM (25.66-b17) for windows-amd64 JRE (1.8.0_66-b17), built on Oct  6 2015 18:55:33 by "java_re" with MS VC++ 10.0 (VS2010)

time: Thu Feb 25 15:12:06 2016
elapsed time: 2 seconds (0d 0h 0m 2s)

