#
# There is insufficient memory for the Java Runtime Environment to continue.
# Native memory allocation (malloc) failed to allocate 120 bytes for AllocateHeap
# Possible reasons:
#   The system is out of physical RAM or swap space
#   In 32 bit mode, the process size limit was hit
# Possible solutions:
#   Reduce memory load on the system
#   Increase physical memory or swap space
#   Check if swap backing store is full
#   Use 64 bit Java on a 64 bit OS
#   Decrease Java heap size (-Xmx/-Xms)
#   Decrease number of Java threads
#   Decrease Java thread stack sizes (-Xss)
#   Set larger code cache with -XX:ReservedCodeCacheSize=
# This output file may be truncated or incomplete.
#
#  Out of Memory Error (memory/allocation.inline.hpp:61), pid=1144, tid=9404
#
# JRE version: Java(TM) SE Runtime Environment (8.0_66-b17) (build 1.8.0_66-b17)
# Java VM: Java HotSpot(TM) 64-Bit Server VM (25.66-b17 mixed mode windows-amd64 compressed oops)
# Failed to write core dump. Minidumps are not enabled by default on client versions of Windows
#

---------------  T H R E A D  ---------------

Current thread (0x0000000000fa1000):  JavaThread "main" [_thread_in_vm, id=9404, stack(0x0000000000ea0000,0x0000000000fa0000)]

Stack: [0x0000000000ea0000,0x0000000000fa0000]
[error occurred during error reporting (printing stack bounds), id 0xc0000005]

Native frames: (J=compiled Java code, j=interpreted, Vv=VM code, C=native code)

Java frames: (J=compiled Java code, j=interpreted, Vv=VM code)
j  java.util.zip.ZipFile.<clinit>()V+37
v  ~StubRoutines::call_stub
j  sun.misc.Unsafe.ensureClassInitialized(Ljava/lang/Class;)V+0
j  sun.misc.SharedSecrets.getJavaUtilZipFileAccess()Lsun/misc/JavaUtilZipFileAccess;+11
j  sun.misc.URLClassPath$JarLoader.<clinit>()V+0
v  ~StubRoutines::call_stub
j  sun.misc.URLClassPath$3.run()Lsun/misc/URLClassPath$Loader;+60
j  sun.misc.URLClassPath$3.run()Ljava/lang/Object;+1
v  ~StubRoutines::call_stub
j  java.security.AccessController.doPrivileged(Ljava/security/PrivilegedExceptionAction;)Ljava/lang/Object;+0
j  sun.misc.URLClassPath.getLoader(Ljava/net/URL;)Lsun/misc/URLClassPath$Loader;+9
j  sun.misc.URLClassPath.getLoader(I)Lsun/misc/URLClassPath$Loader;+87
j  sun.misc.URLClassPath.getNextLoader([II)Lsun/misc/URLClassPath$Loader;+84
j  sun.misc.URLClassPath.getResource(Ljava/lang/String;Z)Lsun/misc/Resource;+51
j  java.net.URLClassLoader$1.run()Ljava/lang/Class;+26
j  java.net.URLClassLoader$1.run()Ljava/lang/Object;+1
v  ~StubRoutines::call_stub
j  java.security.AccessController.doPrivileged(Ljava/security/PrivilegedExceptionAction;Ljava/security/AccessControlContext;)Ljava/lang/Object;+0
j  java.net.URLClassLoader.findClass(Ljava/lang/String;)Ljava/lang/Class;+13
j  java.lang.ClassLoader.loadClass(Ljava/lang/String;Z)Ljava/lang/Class;+70
j  java.lang.ClassLoader.loadClass(Ljava/lang/String;Z)Ljava/lang/Class;+38
j  sun.misc.Launcher$AppClassLoader.loadClass(Ljava/lang/String;Z)Ljava/lang/Class;+81
j  java.lang.ClassLoader.loadClass(Ljava/lang/String;)Ljava/lang/Class;+3
j  sun.launcher.LauncherHelper.checkAndLoadMain(ZILjava/lang/String;)Ljava/lang/Class;+93
v  ~StubRoutines::call_stub

---------------  P R O C E S S  ---------------

Java Threads: ( => current thread )
  0x0000000001fce800 JavaThread "Service Thread" daemon [_thread_blocked, id=7612, stack(0x00000000168e0000,0x00000000169e0000)]
  0x0000000001fc2000 JavaThread "C1 CompilerThread2" daemon [_thread_blocked, id=8988, stack(0x00000000163e0000,0x00000000164e0000)]
  0x0000000001fbe000 JavaThread "C2 CompilerThread1" daemon [_thread_blocked, id=11224, stack(0x00000000162e0000,0x00000000163e0000)]
  0x0000000001fbb000 JavaThread "C2 CompilerThread0" daemon [_thread_blocked, id=4480, stack(0x00000000161e0000,0x00000000162e0000)]
  0x0000000001fb9000 JavaThread "Attach Listener" daemon [_thread_blocked, id=10272, stack(0x00000000160e0000,0x00000000161e0000)]
  0x0000000001fb8800 JavaThread "Signal Dispatcher" daemon [_thread_blocked, id=6388, stack(0x0000000015fe0000,0x00000000160e0000)]
  0x0000000001097000 JavaThread "Finalizer" daemon [_thread_blocked, id=10520, stack(0x0000000015e00000,0x0000000015f00000)]
  0x000000000108e000 JavaThread "Reference Handler" daemon [_thread_blocked, id=11028, stack(0x0000000015d00000,0x0000000015e00000)]
=>0x0000000000fa1000 JavaThread "main" [_thread_in_vm, id=9404, stack(0x0000000000ea0000,0x0000000000fa0000)]

Other Threads:
  0x0000000001f38000 VMThread [stack: 0x0000000015c00000,0x0000000015d00000] [id=756]

VM state:not at safepoint (normal execution)

VM Mutex/Monitor currently owned by a thread: None

Heap:
 PSYoungGen      total 38400K, used 1331K [0x00000000eab00000, 0x00000000ed580000, 0x0000000100000000)
  eden space 33280K, 4% used [0x00000000eab00000,0x00000000eac4cd80,0x00000000ecb80000)
  from space 5120K, 0% used [0x00000000ed080000,0x00000000ed080000,0x00000000ed580000)
  to   space 5120K, 0% used [0x00000000ecb80000,0x00000000ecb80000,0x00000000ed080000)
 ParOldGen       total 87552K, used 0K [0x00000000c0000000, 0x00000000c5580000, 0x00000000eab00000)
  object space 87552K, 0% used [0x00000000c0000000,0x00000000c0000000,0x00000000c5580000)
 Metaspace       used 2404K, capacity 4480K, committed 4480K, reserved 1056768K
  class space    used 260K, capacity 384K, committed 384K, reserved 1048576K

Card table byte_map: [0x0000000001460000,0x0000000001670000] byte_map_base: 0x0000000000e60000

Marking Bits: (ParMarkBitMap*) 0x000000006ddaa5b0
 Begin Bits: [0x0000000012400000, 0x0000000013400000)
 End Bits:   [0x0000000013400000, 0x0000000014400000)

Polling page: 0x0000000000460000

CodeCache: size=245760Kb used=1080Kb max_used=1088Kb free=244679Kb
 bounds [0x0000000003400000, 0x0000000003670000, 0x0000000012400000]
 total_blobs=243 nmethods=16 adapters=141
 compilation: enabled

Compilation events (10 events):
Event: 0.129 Thread 0x0000000001fc2000   14       3       java.lang.Character::toUpperCase (6 bytes)
Event: 0.129 Thread 0x0000000001fc2000 nmethod 14 0x000000000350f3d0 code [0x000000000350f540, 0x000000000350f7d8]
Event: 0.129 Thread 0x0000000001fbe000 nmethod 12 0x0000000003502010 code [0x0000000003502140, 0x0000000003502198]
Event: 0.129 Thread 0x0000000001fc2000   16       3       java.lang.CharacterDataLatin1::toUpperCase (53 bytes)
Event: 0.129 Thread 0x0000000001fbe000   13       4       java.lang.String::length (6 bytes)
Event: 0.129 Thread 0x0000000001fc2000 nmethod 16 0x000000000350d910 code [0x000000000350da80, 0x000000000350dd70]
Event: 0.129 Thread 0x0000000001fbb000 nmethod 11 0x000000000350d610 code [0x000000000350d760, 0x000000000350d818]
Event: 0.129 Thread 0x0000000001fc2000   15       3       java.lang.Character::toUpperCase (9 bytes)
Event: 0.129 Thread 0x0000000001fbe000 nmethod 13 0x0000000003501d90 code [0x0000000003501ec0, 0x0000000003501f38]
Event: 0.129 Thread 0x0000000001fc2000 nmethod 15 0x000000000350d190 code [0x000000000350d300, 0x000000000350d538]

GC Heap History (0 events):
No events

Deoptimization events (0 events):
No events

Internal exceptions (2 events):
Event: 0.052 Thread 0x0000000000fa1000 Exception <a 'java/lang/NoSuchMethodError': Method sun.misc.Unsafe.defineClass(Ljava/lang/String;[BII)Ljava/lang/Class; name or signature does not match> (0x00000000eab13080) thrown at [C:\re\workspace\8-2-build-windows-amd64-cygwin\jdk8u66\4988\hotspot\sr ’€Hóšª?
Event: 0.052 Thread 0x0000000000fa1000 Exception <a 'java/lang/NoSuchMethodError': Method sun.misc.Unsafe.prefetchRead(Ljava/lang/Object;J)V name or signature does not match> (0x00000000eab13368) thrown at [C:\re\workspace\8-2-build-windows-amd64-cygwin\jdk8u66\4988\hotspot\src\share\vm\prims\j

Events (10 events):
Event: 0.136 loading class sun/misc/URLClassPath$3 done
Event: 0.136 loading class sun/misc/URLClassPath$JarLoader
Event: 0.137 loading class sun/misc/URLClassPath$Loader
Event: 0.137 loading class sun/misc/URLClassPath$Loader done
Event: 0.137 loading class sun/misc/URLClassPath$JarLoader done
Event: 0.137 loading class java/util/zip/ZipFile
Event: 0.137 loading class java/util/zip/ZipConstants
Event: 0.137 loading class java/util/zip/ZipConstants done
Event: 0.137 loading class java/util/zip/ZipFile done
Event: 0.137 loading class java/util/zip/ZipFile$1


Dynamic libraries:
0x00007ff719a70000 - 0x00007ff719aa7000 	C:\Program Files\Java\jdk1.8.0_66\bin\java.exe
0x00007ff89e510000 - 0x00007ff89e6d1000 	C:\Windows\SYSTEM32\ntdll.dll
0x00007ff89da60000 - 0x00007ff89db0d000 	C:\Windows\system32\KERNEL32.DLL
0x00007ff89ac70000 - 0x00007ff89ae58000 	C:\Windows\system32\KERNELBASE.dll
0x00007ff89bfd0000 - 0x00007ff89c077000 	C:\Windows\system32\ADVAPI32.dll
0x00007ff89df80000 - 0x00007ff89e01d000 	C:\Windows\system32\msvcrt.dll
0x00007ff89da00000 - 0x00007ff89da5b000 	C:\Windows\system32\sechost.dll
0x00007ff89e290000 - 0x00007ff89e3ac000 	C:\Windows\system32\RPCRT4.dll
0x00007ff89ba20000 - 0x00007ff89bb76000 	C:\Windows\system32\USER32.dll
0x00007ff89db10000 - 0x00007ff89dc96000 	C:\Windows\system32\GDI32.dll
0x00007ff88e4b0000 - 0x00007ff88e724000 	C:\Windows\WinSxS\amd64_microsoft.windows.common-controls_6595b64144ccf1df_6.0.10586.0_none_8c15ae12515e1c22\COMCTL32.dll
0x00007ff89dca0000 - 0x00007ff89df1d000 	C:\Windows\system32\combase.dll
0x00007ff89b680000 - 0x00007ff89b6ea000 	C:\Windows\system32\bcryptPrimitives.dll
0x00007ff89b9e0000 - 0x00007ff89ba1b000 	C:\Windows\system32\IMM32.DLL
0x000000006d120000 - 0x000000006d1f2000 	C:\Program Files\Java\jdk1.8.0_66\jre\bin\msvcr100.dll
0x000000006d5a0000 - 0x000000006de29000 	C:\Program Files\Java\jdk1.8.0_66\jre\bin\server\jvm.dll
0x00007ff89d840000 - 0x00007ff89d848000 	C:\Windows\system32\PSAPI.DLL
0x00007ff8904e0000 - 0x00007ff8904e9000 	C:\Windows\SYSTEM32\WSOCK32.dll
0x00007ff898d50000 - 0x00007ff898d73000 	C:\Windows\SYSTEM32\WINMM.dll
0x00007ff898cb0000 - 0x00007ff898cdc000 	C:\Windows\SYSTEM32\WINMMBASE.dll
0x00007ff8913f0000 - 0x00007ff8913fa000 	C:\Windows\SYSTEM32\VERSION.dll
0x00007ff89ac20000 - 0x00007ff89ac63000 	C:\Windows\system32\cfgmgr32.dll
0x00007ff89e150000 - 0x00007ff89e1bb000 	C:\Windows\system32\WS2_32.dll
0x000000006d590000 - 0x000000006d59f000 	C:\Program Files\Java\jdk1.8.0_66\jre\bin\verify.dll
0x000000006d560000 - 0x000000006d589000 	C:\Program Files\Java\jdk1.8.0_66\jre\bin\java.dll
0x000000006d540000 - 0x000000006d556000 	C:\Program Files\Java\jdk1.8.0_66\jre\bin\zip.dll
0x00007ff89c080000 - 0x00007ff89d5dc000 	C:\Windows\system32\SHELL32.dll
0x00007ff89ae60000 - 0x00007ff89b4a5000 	C:\Windows\system32\windows.storage.dll
0x00007ff89d850000 - 0x00007ff89d8a2000 	C:\Windows\system32\shlwapi.dll
0x00007ff89ab40000 - 0x00007ff89ab4f000 	C:\Windows\system32\kernel.appcore.dll
0x00007ff89b710000 - 0x00007ff89b7c5000 	C:\Windows\system32\shcore.dll
0x00007ff89ab70000 - 0x00007ff89abbb000 	C:\Windows\system32\powrprof.dll
0x00007ff89ab50000 - 0x00007ff89ab64000 	C:\Windows\system32\profapi.dll

VM Arguments:
jvm_args: -Djava.awt.headless=true -Xmx1024M -Dfile.encoding=windows-1258 -Duser.country=US -Duser.language=en -Duser.variant 
java_command: com.android.dx.command.Main --dex --num-threads=4 --output D:\Dazone\crewemail\CrewEmail\app\build\intermediates\pre-dexed\debug\jdom2-2.0.5_0e8e1b93c67917a80ae70581089c35d3d65e0cd2.jar C:\Users\THANHTUNG\.gradle\caches\modules-2\files-2.1\org.jdom\jdom2\2.0.5\2001db51c131e555bafdb77fc52af6a9408c505e\jdom2-2.0.5.jar
java_class_path (initial): E:\android-sdk_r24.4.1-windows\android-sdk-windows\build-tools\23.0.2\lib\dx.jar
Launcher Type: SUN_STANDARD

Environment Variables:
JAVA_HOME=C:\Program Files\Java\jdk1.8.0_66
PATH=C:\ProgramData\Oracle\Java\javapath;C:\Windows\system32;C:\Windows;C:\Windows\System32\Wbem;C:\Windows\System32\WindowsPowerShell\v1.0\;C:\Program Files (x86)\Intel\OpenCL SDK\2.0\bin\x86;C:\Program Files (x86)\Intel\OpenCL SDK\2.0\bin\x64;C:\Program Files\Java\jdk1.8.0_66\bin;C:\Program Files (x86)\Skype\Phone\;E:\android-sdk_r24.4.1-windows\android-sdk-windows\tools;E:\android-sdk_r24.4.1-windows\android-sdk-windows\platform-tools;C:\Program Files\Bandizip\7z
USERNAME=THANHTUNG
OS=Windows_NT
PROCESSOR_IDENTIFIER=Intel64 Family 6 Model 42 Stepping 7, GenuineIntel



---------------  S Y S T E M  ---------------

OS: Windows 10.0 , 64 bit Build 10586 (10.0.10586.0)

CPU:total 4 (2 cores per cpu, 2 threads per core) family 6 model 42 stepping 7, cmov, cx8, fxsr, mmx, sse, sse2, sse3, ssse3, sse4.1, sse4.2, popcnt, avx, aes, clmul, ht, tsc, tscinvbit

Memory: 4k page, physical 8269036k(431204k free), swap 9317612k(2660k free)

vm_info: Java HotSpot(TM) 64-Bit Server VM (25.66-b17) for windows-amd64 JRE (1.8.0_66-b17), built on Oct  6 2015 18:55:33 by "java_re" with MS VC++ 10.0 (VS2010)

time: Thu Feb 25 15:06:25 2016
elapsed time: 0 seconds (0d 0h 0m 0s)

