#
# There is insufficient memory for the Java Runtime Environment to continue.
# Native memory allocation (malloc) failed to allocate 32744 bytes for ChunkPool::allocate
# Possible reasons:
#   The system is out of physical RAM or swap space
#   In 32 bit mode, the process size limit was hit
# Possible solutions:
#   Reduce memory load on the system
#   Increase physical memory or swap space
#   Check if swap backing store is full
#   Use 64 bit Java on a 64 bit OS
#   Decrease Java heap size (-Xmx/-Xms)
#   Decrease number of Java threads
#   Decrease Java thread stack sizes (-Xss)
#   Set larger code cache with -XX:ReservedCodeCacheSize=
# This output file may be truncated or incomplete.
#
#  Out of Memory Error (allocation.cpp:273), pid=11412, tid=11844
#
# JRE version: Java(TM) SE Runtime Environment (8.0_66-b17) (build 1.8.0_66-b17)
# Java VM: Java HotSpot(TM) 64-Bit Server VM (25.66-b17 mixed mode windows-amd64 compressed oops)
# Failed to write core dump. Minidumps are not enabled by default on client versions of Windows
#

---------------  T H R E A D  ---------------

Current thread (0x0000000001f14800):  JavaThread "C1 CompilerThread2" daemon [_thread_in_native, id=11844, stack(0x00000000163e0000,0x00000000164e0000)]

Stack: [0x00000000163e0000,0x00000000164e0000]
[error occurred during error reporting (printing stack bounds), id 0xc0000005]

Native frames: (J=compiled Java code, j=interpreted, Vv=VM code, C=native code)


Current CompileTask:
C1:    538  510   !   3       com.android.dx.cf.code.BytecodeArray::parseInstruction (2764 bytes)


---------------  P R O C E S S  ---------------

Java Threads: ( => current thread )
  0x00000000166ba800 JavaThread "pool-1-thread-4" [_thread_in_Java, id=11588, stack(0x0000000016ee0000,0x0000000016fe0000)]
  0x00000000166b9800 JavaThread "pool-1-thread-3" [_thread_blocked, id=11752, stack(0x0000000016de0000,0x0000000016ee0000)]
  0x00000000166b5800 JavaThread "pool-1-thread-2" [_thread_in_vm, id=11688, stack(0x0000000016ce0000,0x0000000016de0000)]
  0x00000000166a4800 JavaThread "pool-2-thread-1" [_thread_blocked, id=11692, stack(0x0000000016be0000,0x0000000016ce0000)]
  0x0000000016699800 JavaThread "pool-1-thread-1" [_thread_blocked, id=11724, stack(0x0000000016ae0000,0x0000000016be0000)]
  0x000000001655c000 JavaThread "Service Thread" daemon [_thread_blocked, id=11832, stack(0x00000000168e0000,0x00000000169e0000)]
=>0x0000000001f14800 JavaThread "C1 CompilerThread2" daemon [_thread_in_native, id=11844, stack(0x00000000163e0000,0x00000000164e0000)]
  0x0000000001f0e000 JavaThread "C2 CompilerThread1" daemon [_thread_in_native, id=11812, stack(0x00000000162e0000,0x00000000163e0000)]
  0x0000000001f0b000 JavaThread "C2 CompilerThread0" daemon [_thread_in_native, id=11944, stack(0x00000000161e0000,0x00000000162e0000)]
  0x0000000001f09000 JavaThread "Attach Listener" daemon [_thread_blocked, id=11940, stack(0x00000000160e0000,0x00000000161e0000)]
  0x0000000001f08800 JavaThread "Signal Dispatcher" daemon [_thread_blocked, id=11936, stack(0x0000000015fe0000,0x00000000160e0000)]
  0x0000000000fe7800 JavaThread "Finalizer" daemon [_thread_blocked, id=9576, stack(0x0000000015e00000,0x0000000015f00000)]
  0x0000000000fdf000 JavaThread "Reference Handler" daemon [_thread_blocked, id=12008, stack(0x0000000015d00000,0x0000000015e00000)]
  0x0000000000ef1000 JavaThread "main" [_thread_blocked, id=11676, stack(0x0000000000df0000,0x0000000000ef0000)]

Other Threads:
  0x0000000001e88000 VMThread [stack: 0x0000000015c00000,0x0000000015d00000] [id=12120]
  0x0000000016599000 WatcherThread [stack: 0x00000000169e0000,0x0000000016ae0000] [id=12044]

VM state:not at safepoint (normal execution)

VM Mutex/Monitor currently owned by a thread:  ([mutex/lock_event])
[0x0000000000d6e210] MethodData_lock - owner thread: 0x00000000166b5800

Heap:
 PSYoungGen      total 38400K, used 14733K [0x00000000eab00000, 0x00000000ed580000, 0x0000000100000000)
  eden space 33280K, 44% used [0x00000000eab00000,0x00000000eb963778,0x00000000ecb80000)
  from space 5120K, 0% used [0x00000000ed080000,0x00000000ed080000,0x00000000ed580000)
  to   space 5120K, 0% used [0x00000000ecb80000,0x00000000ecb80000,0x00000000ed080000)
 ParOldGen       total 87552K, used 0K [0x00000000c0000000, 0x00000000c5580000, 0x00000000eab00000)
  object space 87552K, 0% used [0x00000000c0000000,0x00000000c0000000,0x00000000c5580000)
 Metaspace       used 5577K, capacity 6512K, committed 6784K, reserved 1058816K
  class space    used 598K, capacity 616K, committed 640K, reserved 1048576K

Card table byte_map: [0x00000000013b0000,0x00000000015c0000] byte_map_base: 0x0000000000db0000

Marking Bits: (ParMarkBitMap*) 0x000000006ddaa5b0
 Begin Bits: [0x0000000012400000, 0x0000000013400000)
 End Bits:   [0x0000000013400000, 0x0000000014400000)

Polling page: 0x0000000000520000

CodeCache: size=245760Kb used=2161Kb max_used=2172Kb free=243598Kb
 bounds [0x0000000003400000, 0x0000000003670000, 0x0000000012400000]
 total_blobs=788 nmethods=519 adapters=182
 compilation: enabled

Compilation events (10 events):
Event: 0.526 Thread 0x0000000001f0e000 nmethod 521 0x000000000361c210 code [0x000000000361c380, 0x000000000361c7a8]
Event: 0.527 Thread 0x0000000001f0b000  535       4       com.android.dx.util.IntList::add (65 bytes)
Event: 0.528 Thread 0x0000000001f0e000  536       4       com.android.dx.cf.code.LineNumberList::get (9 bytes)
Event: 0.529 Thread 0x0000000001f0e000 nmethod 536 0x000000000361e750 code [0x000000000361e8a0, 0x000000000361e978]
Event: 0.529 Thread 0x0000000001f0e000  537       4       com.android.dx.util.IntList::growIfNeeded (46 bytes)
Event: 0.531 Thread 0x0000000001f0b000 nmethod 535 0x000000000361bb90 code [0x000000000361bce0, 0x000000000361c038]
Event: 0.532 Thread 0x0000000001f0e000 nmethod 537 0x000000000361b6d0 code [0x000000000361b820, 0x000000000361ba78]
Event: 0.533 Thread 0x0000000001f0b000  541       4       java.lang.Long::bitCount (61 bytes)
Event: 0.534 Thread 0x0000000001f0b000 nmethod 541 0x0000000003614c50 code [0x0000000003614d80, 0x0000000003614e38]
Event: 0.535 Thread 0x0000000001f0e000  542       4       java.util.ArrayList::ensureExplicitCapacity (26 bytes)

GC Heap History (0 events):
No events

Deoptimization events (2 events):
Event: 0.511 Thread 0x0000000016699800 Uncommon trap: reason=unstable_if action=reinterpret pc=0x0000000003604718 method=java.util.HashMap.getNode(ILjava/lang/Object;)Ljava/util/HashMap$Node; @ 129
Event: 0.519 Thread 0x00000000166b9800 Uncommon trap: reason=unstable_if action=reinterpret pc=0x0000000003614ab0 method=java.util.BitSet.nextSetBit(I)I @ 87

Internal exceptions (2 events):
Event: 0.037 Thread 0x0000000000ef1000 Exception <a 'java/lang/NoSuchMethodError': Method sun.misc.Unsafe.defineClass(Ljava/lang/String;[BII)Ljava/lang/Class; name or signature does not match> (0x00000000eab13080) thrown at [C:\re\workspace\8-2-build-windows-amd64-cygwin\jdk8u66\4988\hotspot\sr†ð›Ô¢?
Event: 0.037 Thread 0x0000000000ef1000 Exception <a 'java/lang/NoSuchMethodError': Method sun.misc.Unsafe.prefetchRead(Ljava/lang/Object;J)V name or signature does not match> (0x00000000eab13368) thrown at [C:\re\workspace\8-2-build-windows-amd64-cygwin\jdk8u66\4988\hotspot\src\share\vm\prims\j

Events (10 events):
Event: 0.507 loading class com/android/dx/dex/file/UniformListItem
Event: 0.507 loading class com/android/dx/dex/file/UniformListItem done
Event: 0.508 loading class com/android/dx/dex/file/AnnotationSetRefItem
Event: 0.508 loading class com/android/dx/dex/file/AnnotationSetRefItem done
Event: 0.511 Thread 0x0000000016699800 Uncommon trap: trap_request=0xffffff65 fr.pc=0x0000000003604718
Event: 0.511 Thread 0x0000000016699800 DEOPT PACKING pc=0x0000000003604718 sp=0x0000000016bde800
Event: 0.511 Thread 0x0000000016699800 DEOPT UNPACKING pc=0x000000000344582a sp=0x0000000016bde778 mode 2
Event: 0.519 Thread 0x00000000166b9800 Uncommon trap: trap_request=0xffffff65 fr.pc=0x0000000003614ab0
Event: 0.519 Thread 0x00000000166b9800 DEOPT PACKING pc=0x0000000003614ab0 sp=0x0000000016edea20
Event: 0.520 Thread 0x00000000166b9800 DEOPT UNPACKING pc=0x000000000344582a sp=0x0000000016ede9b8 mode 2


Dynamic libraries:
0x00007ff719a70000 - 0x00007ff719aa7000 	C:\Program Files\Java\jdk1.8.0_66\bin\java.exe
0x00007ff89e510000 - 0x00007ff89e6d1000 	C:\Windows\SYSTEM32\ntdll.dll
0x00007ff89da60000 - 0x00007ff89db0d000 	C:\Windows\system32\KERNEL32.DLL
0x00007ff89ac70000 - 0x00007ff89ae58000 	C:\Windows\system32\KERNELBASE.dll
0x00007ff89bfd0000 - 0x00007ff89c077000 	C:\Windows\system32\ADVAPI32.dll
0x00007ff89df80000 - 0x00007ff89e01d000 	C:\Windows\system32\msvcrt.dll
0x00007ff89da00000 - 0x00007ff89da5b000 	C:\Windows\system32\sechost.dll
0x00007ff89e290000 - 0x00007ff89e3ac000 	C:\Windows\system32\RPCRT4.dll
0x00007ff89ba20000 - 0x00007ff89bb76000 	C:\Windows\system32\USER32.dll
0x00007ff89db10000 - 0x00007ff89dc96000 	C:\Windows\system32\GDI32.dll
0x00007ff88e4b0000 - 0x00007ff88e724000 	C:\Windows\WinSxS\amd64_microsoft.windows.common-controls_6595b64144ccf1df_6.0.10586.0_none_8c15ae12515e1c22\COMCTL32.dll
0x00007ff89dca0000 - 0x00007ff89df1d000 	C:\Windows\system32\combase.dll
0x00007ff89b680000 - 0x00007ff89b6ea000 	C:\Windows\system32\bcryptPrimitives.dll
0x00007ff89b9e0000 - 0x00007ff89ba1b000 	C:\Windows\system32\IMM32.DLL
0x000000006d120000 - 0x000000006d1f2000 	C:\Program Files\Java\jdk1.8.0_66\jre\bin\msvcr100.dll
0x000000006d5a0000 - 0x000000006de29000 	C:\Program Files\Java\jdk1.8.0_66\jre\bin\server\jvm.dll
0x00007ff89d840000 - 0x00007ff89d848000 	C:\Windows\system32\PSAPI.DLL
0x00007ff8904e0000 - 0x00007ff8904e9000 	C:\Windows\SYSTEM32\WSOCK32.dll
0x00007ff8913f0000 - 0x00007ff8913fa000 	C:\Windows\SYSTEM32\VERSION.dll
0x00007ff898d50000 - 0x00007ff898d73000 	C:\Windows\SYSTEM32\WINMM.dll
0x00007ff89e150000 - 0x00007ff89e1bb000 	C:\Windows\system32\WS2_32.dll
0x0000000000dc0000 - 0x0000000000dec000 	C:\Windows\SYSTEM32\WINMMBASE.dll
0x00007ff89ac20000 - 0x00007ff89ac63000 	C:\Windows\system32\cfgmgr32.dll
0x000000006d590000 - 0x000000006d59f000 	C:\Program Files\Java\jdk1.8.0_66\jre\bin\verify.dll
0x000000006d560000 - 0x000000006d589000 	C:\Program Files\Java\jdk1.8.0_66\jre\bin\java.dll
0x000000006d540000 - 0x000000006d556000 	C:\Program Files\Java\jdk1.8.0_66\jre\bin\zip.dll
0x00007ff89c080000 - 0x00007ff89d5dc000 	C:\Windows\system32\SHELL32.dll
0x00007ff89ae60000 - 0x00007ff89b4a5000 	C:\Windows\system32\windows.storage.dll
0x00007ff89d850000 - 0x00007ff89d8a2000 	C:\Windows\system32\shlwapi.dll
0x00007ff89ab40000 - 0x00007ff89ab4f000 	C:\Windows\system32\kernel.appcore.dll
0x00007ff89b710000 - 0x00007ff89b7c5000 	C:\Windows\system32\shcore.dll
0x00007ff89ab70000 - 0x00007ff89abbb000 	C:\Windows\system32\powrprof.dll
0x00007ff89ab50000 - 0x00007ff89ab64000 	C:\Windows\system32\profapi.dll

VM Arguments:
jvm_args: -Djava.awt.headless=true -Xmx1024M -Dfile.encoding=windows-1258 -Duser.country=US -Duser.language=en -Duser.variant 
java_command: com.android.dx.command.Main --dex --num-threads=4 --output D:\Dazone\crewemail\CrewEmail\app\build\intermediates\pre-dexed\debug\com.facebook.fresco-drawee-0.8.1_b7b19f3d156ced131190c46288b44f01599448ca.jar D:\Dazone\crewemail\CrewEmail\app\build\intermediates\exploded-aar\com.facebook.fresco\drawee\0.8.1\jars\classes.jar
java_class_path (initial): E:\android-sdk_r24.4.1-windows\android-sdk-windows\build-tools\23.0.2\lib\dx.jar
Launcher Type: SUN_STANDARD

Environment Variables:
JAVA_HOME=C:\Program Files\Java\jdk1.8.0_66
PATH=C:\ProgramData\Oracle\Java\javapath;C:\Windows\system32;C:\Windows;C:\Windows\System32\Wbem;C:\Windows\System32\WindowsPowerShell\v1.0\;C:\Program Files (x86)\Intel\OpenCL SDK\2.0\bin\x86;C:\Program Files (x86)\Intel\OpenCL SDK\2.0\bin\x64;C:\Program Files\Java\jdk1.8.0_66\bin;C:\Program Files (x86)\Skype\Phone\;E:\android-sdk_r24.4.1-windows\android-sdk-windows\tools;E:\android-sdk_r24.4.1-windows\android-sdk-windows\platform-tools;C:\Program Files\Bandizip\7z
USERNAME=THANHTUNG
OS=Windows_NT
PROCESSOR_IDENTIFIER=Intel64 Family 6 Model 42 Stepping 7, GenuineIntel



---------------  S Y S T E M  ---------------

OS: Windows 10.0 , 64 bit Build 10586 (10.0.10586.0)

CPU:total 4 (2 cores per cpu, 2 threads per core) family 6 model 42 stepping 7, cmov, cx8, fxsr, mmx, sse, sse2, sse3, ssse3, sse4.1, sse4.2, popcnt, avx, aes, clmul, ht, tsc, tscinvbit

Memory: 4k page, physical 8269036k(494476k free), swap 9317612k(852k free)

vm_info: Java HotSpot(TM) 64-Bit Server VM (25.66-b17) for windows-amd64 JRE (1.8.0_66-b17), built on Oct  6 2015 18:55:33 by "java_re" with MS VC++ 10.0 (VS2010)

time: Thu Feb 25 15:12:09 2016
elapsed time: 0 seconds (0d 0h 0m 0s)

