#
# There is insufficient memory for the Java Runtime Environment to continue.
# Native memory allocation (malloc) failed to allocate 476496 bytes for Chunk::new
# Possible reasons:
#   The system is out of physical RAM or swap space
#   In 32 bit mode, the process size limit was hit
# Possible solutions:
#   Reduce memory load on the system
#   Increase physical memory or swap space
#   Check if swap backing store is full
#   Use 64 bit Java on a 64 bit OS
#   Decrease Java heap size (-Xmx/-Xms)
#   Decrease number of Java threads
#   Decrease Java thread stack sizes (-Xss)
#   Set larger code cache with -XX:ReservedCodeCacheSize=
# This output file may be truncated or incomplete.
#
#  Out of Memory Error (allocation.cpp:390), pid=11788, tid=8388
#
# JRE version: Java(TM) SE Runtime Environment (8.0_66-b17) (build 1.8.0_66-b17)
# Java VM: Java HotSpot(TM) 64-Bit Server VM (25.66-b17 mixed mode windows-amd64 compressed oops)
# Failed to write core dump. Minidumps are not enabled by default on client versions of Windows
#

---------------  T H R E A D  ---------------

Current thread (0x0000000001e2a000):  JavaThread "C2 CompilerThread0" daemon [_thread_in_native, id=8388, stack(0x00000000160c0000,0x00000000161c0000)]

Stack: [0x00000000160c0000,0x00000000161c0000]
[error occurred during error reporting (printing stack bounds), id 0xc0000005]

Native frames: (J=compiled Java code, j=interpreted, Vv=VM code, C=native code)


Current CompileTask:
C2:    805  853       4       com.android.dx.ssa.SsaBasicBlock::forEachInsn (37 bytes)


---------------  P R O C E S S  ---------------

Java Threads: ( => current thread )
  0x000000001658b000 JavaThread "pool-1-thread-4" [_thread_in_Java, id=1344, stack(0x00000000175c0000,0x00000000176c0000)]
  0x0000000016587800 JavaThread "pool-1-thread-3" [_thread_in_Java, id=11100, stack(0x00000000174c0000,0x00000000175c0000)]
  0x0000000016524800 JavaThread "pool-1-thread-2" [_thread_in_Java, id=10708, stack(0x00000000173c0000,0x00000000174c0000)]
  0x000000001656b800 JavaThread "pool-2-thread-1" [_thread_blocked, id=480, stack(0x00000000172c0000,0x00000000173c0000)]
  0x000000001655a800 JavaThread "pool-1-thread-1" [_thread_blocked, id=11372, stack(0x00000000171c0000,0x00000000172c0000)]
  0x0000000016319800 JavaThread "Service Thread" daemon [_thread_blocked, id=11200, stack(0x00000000167c0000,0x00000000168c0000)]
  0x000000001630b800 JavaThread "C1 CompilerThread2" daemon [_thread_in_native, id=11084, stack(0x00000000166c0000,0x00000000167c0000)]
  0x0000000001e2d000 JavaThread "C2 CompilerThread1" daemon [_thread_in_vm, id=1580, stack(0x00000000161c0000,0x00000000162c0000)]
=>0x0000000001e2a000 JavaThread "C2 CompilerThread0" daemon [_thread_in_native, id=8388, stack(0x00000000160c0000,0x00000000161c0000)]
  0x0000000001e28000 JavaThread "Attach Listener" daemon [_thread_blocked, id=4336, stack(0x0000000015fc0000,0x00000000160c0000)]
  0x0000000001e27800 JavaThread "Signal Dispatcher" daemon [_thread_blocked, id=11280, stack(0x0000000015ec0000,0x0000000015fc0000)]
  0x0000000000e86000 JavaThread "Finalizer" daemon [_thread_blocked, id=3040, stack(0x0000000015ce0000,0x0000000015de0000)]
  0x0000000000e7d000 JavaThread "Reference Handler" daemon [_thread_blocked, id=8416, stack(0x0000000015be0000,0x0000000015ce0000)]
  0x0000000000d91000 JavaThread "main" [_thread_in_native, id=12256, stack(0x0000000000960000,0x0000000000a60000)]

Other Threads:
  0x0000000001da8000 VMThread [stack: 0x0000000015ae0000,0x0000000015be0000] [id=12284]
  0x0000000016373000 WatcherThread [stack: 0x00000000168c0000,0x00000000169c0000] [id=11072]

VM state:not at safepoint (normal execution)

VM Mutex/Monitor currently owned by a thread: None

Heap:
 PSYoungGen      total 38400K, used 21983K [0x00000000eab00000, 0x00000000ed580000, 0x0000000100000000)
  eden space 33280K, 66% used [0x00000000eab00000,0x00000000ec077fe0,0x00000000ecb80000)
  from space 5120K, 0% used [0x00000000ed080000,0x00000000ed080000,0x00000000ed580000)
  to   space 5120K, 0% used [0x00000000ecb80000,0x00000000ecb80000,0x00000000ed080000)
 ParOldGen       total 87552K, used 0K [0x00000000c0000000, 0x00000000c5580000, 0x00000000eab00000)
  object space 87552K, 0% used [0x00000000c0000000,0x00000000c0000000,0x00000000c5580000)
 Metaspace       used 5854K, capacity 6770K, committed 7040K, reserved 1056768K
  class space    used 602K, capacity 618K, committed 640K, reserved 1048576K

Card table byte_map: [0x00000000012d0000,0x00000000014e0000] byte_map_base: 0x0000000000cd0000

Marking Bits: (ParMarkBitMap*) 0x000000006ddaa5b0
 Begin Bits: [0x0000000012400000, 0x0000000013400000)
 End Bits:   [0x0000000013400000, 0x0000000014400000)

Polling page: 0x0000000000530000

CodeCache: size=245760Kb used=3310Kb max_used=3325Kb free=242449Kb
 bounds [0x0000000003400000, 0x0000000003750000, 0x0000000012400000]
 total_blobs=1129 nmethods=860 adapters=182
 compilation: enabled

Compilation events (10 events):
Event: 0.791 Thread 0x000000001630b800 nmethod 840 0x00000000037363d0 code [0x0000000003736520, 0x0000000003736630]
Event: 0.791 Thread 0x000000001630b800  821       1       java.util.concurrent.locks.AbstractQueuedSynchronizer::getState (5 bytes)
Event: 0.791 Thread 0x000000001630b800 nmethod 821 0x0000000003736690 code [0x00000000037367e0, 0x00000000037368f0]
Event: 0.792 Thread 0x000000001630b800  861       3       com.android.dx.cf.code.ByteBlock::<init> (181 bytes)
Event: 0.793 Thread 0x000000001630b800 nmethod 861 0x0000000003736950 code [0x0000000003736c20, 0x0000000003737f28]
Event: 0.793 Thread 0x000000001630b800  864       3       com.android.dx.ssa.SsaMethod::mapRegisters (87 bytes)
Event: 0.794 Thread 0x000000001630b800 nmethod 864 0x0000000003738850 code [0x0000000003738ac0, 0x0000000003739c28]
Event: 0.794 Thread 0x000000001630b800  867       3       com.android.dx.dex.code.RopTranslator$TranslationVisitor::visitPlainInsn (161 bytes)
Event: 0.796 Thread 0x000000001630b800 nmethod 867 0x000000000373a410 code [0x000000000373a6a0, 0x000000000373ba38]
Event: 0.796 Thread 0x000000001630b800  873   !   3       com.android.dx.cf.code.Ropper::processBlock (1101 bytes)

GC Heap History (0 events):
No events

Deoptimization events (3 events):
Event: 0.660 Thread 0x000000001655a800 Uncommon trap: reason=unstable_if action=reinterpret pc=0x0000000003624970 method=java.util.BitSet.nextSetBit(I)I @ 87
Event: 0.676 Thread 0x000000001655a800 Uncommon trap: reason=unstable_if action=reinterpret pc=0x000000000361161c method=java.util.HashMap.getNode(ILjava/lang/Object;)Ljava/util/HashMap$Node; @ 129
Event: 0.770 Thread 0x0000000016524800 Uncommon trap: reason=null_check action=make_not_entrant pc=0x0000000003708db8 method=com.android.dx.ssa.SsaRenamer.getLocalForNewReg(I)Lcom/android/dx/rop/code/LocalItem; @ 19

Internal exceptions (3 events):
Event: 0.049 Thread 0x0000000000d91000 Exception <a 'java/lang/NoSuchMethodError': Method sun.misc.Unsafe.defineClass(Ljava/lang/String;[BII)Ljava/lang/Class; name or signature does not match> (0x00000000eab13080) thrown at [C:\re\workspace\8-2-build-windows-amd64-cygwin\jdk8u66\4988\hotspot\srJÙ<µ©á¨?
Event: 0.049 Thread 0x0000000000d91000 Exception <a 'java/lang/NoSuchMethodError': Method sun.misc.Unsafe.prefetchRead(Ljava/lang/Object;J)V name or signature does not match> (0x00000000eab13368) thrown at [C:\re\workspace\8-2-build-windows-amd64-cygwin\jdk8u66\4988\hotspot\src\share\vm\prims\jXæ.˜¢è?
Event: 0.770 Thread 0x0000000016524800 Implicit null exception at 0x0000000003707192 to 0x0000000003708d6d

Events (10 events):
Event: 0.676 Thread 0x000000001655a800 DEOPT UNPACKING pc=0x000000000344582a sp=0x00000000172be7a8 mode 2
Event: 0.733 loading class java/util/HashMap$Values
Event: 0.733 loading class java/util/HashMap$Values done
Event: 0.741 Executing VM operation: ForceSafepoint
Event: 0.743 Executing VM operation: ForceSafepoint done
Event: 0.750 loading class java/util/HashMap$ValueIterator
Event: 0.751 loading class java/util/HashMap$ValueIterator done
Event: 0.770 Thread 0x0000000016524800 Uncommon trap: trap_request=0xfffffff4 fr.pc=0x0000000003708db8
Event: 0.770 Thread 0x0000000016524800 DEOPT PACKING pc=0x0000000003708db8 sp=0x00000000174be9e0
Event: 0.770 Thread 0x0000000016524800 DEOPT UNPACKING pc=0x000000000344582a sp=0x00000000174be848 mode 2


Dynamic libraries:
0x00007ff719a70000 - 0x00007ff719aa7000 	C:\Program Files\Java\jdk1.8.0_66\bin\java.exe
0x00007ff89e510000 - 0x00007ff89e6d1000 	C:\Windows\SYSTEM32\ntdll.dll
0x00007ff89da60000 - 0x00007ff89db0d000 	C:\Windows\system32\KERNEL32.DLL
0x00007ff89ac70000 - 0x00007ff89ae58000 	C:\Windows\system32\KERNELBASE.dll
0x00007ff89bfd0000 - 0x00007ff89c077000 	C:\Windows\system32\ADVAPI32.dll
0x00007ff89df80000 - 0x00007ff89e01d000 	C:\Windows\system32\msvcrt.dll
0x00007ff89da00000 - 0x00007ff89da5b000 	C:\Windows\system32\sechost.dll
0x00007ff89e290000 - 0x00007ff89e3ac000 	C:\Windows\system32\RPCRT4.dll
0x00007ff89ba20000 - 0x00007ff89bb76000 	C:\Windows\system32\USER32.dll
0x00007ff89db10000 - 0x00007ff89dc96000 	C:\Windows\system32\GDI32.dll
0x00007ff88e4b0000 - 0x00007ff88e724000 	C:\Windows\WinSxS\amd64_microsoft.windows.common-controls_6595b64144ccf1df_6.0.10586.0_none_8c15ae12515e1c22\COMCTL32.dll
0x00007ff89dca0000 - 0x00007ff89df1d000 	C:\Windows\system32\combase.dll
0x00007ff89b680000 - 0x00007ff89b6ea000 	C:\Windows\system32\bcryptPrimitives.dll
0x00007ff89b9e0000 - 0x00007ff89ba1b000 	C:\Windows\system32\IMM32.DLL
0x000000006d120000 - 0x000000006d1f2000 	C:\Program Files\Java\jdk1.8.0_66\jre\bin\msvcr100.dll
0x000000006d5a0000 - 0x000000006de29000 	C:\Program Files\Java\jdk1.8.0_66\jre\bin\server\jvm.dll
0x00007ff89d840000 - 0x00007ff89d848000 	C:\Windows\system32\PSAPI.DLL
0x00007ff898d50000 - 0x00007ff898d73000 	C:\Windows\SYSTEM32\WINMM.dll
0x00007ff8904e0000 - 0x00007ff8904e9000 	C:\Windows\SYSTEM32\WSOCK32.dll
0x00007ff8913f0000 - 0x00007ff8913fa000 	C:\Windows\SYSTEM32\VERSION.dll
0x00007ff89e150000 - 0x00007ff89e1bb000 	C:\Windows\system32\WS2_32.dll
0x00007ff898cb0000 - 0x00007ff898cdc000 	C:\Windows\SYSTEM32\WINMMBASE.dll
0x00007ff89ac20000 - 0x00007ff89ac63000 	C:\Windows\system32\cfgmgr32.dll
0x000000006d590000 - 0x000000006d59f000 	C:\Program Files\Java\jdk1.8.0_66\jre\bin\verify.dll
0x000000006d560000 - 0x000000006d589000 	C:\Program Files\Java\jdk1.8.0_66\jre\bin\java.dll
0x000000006d540000 - 0x000000006d556000 	C:\Program Files\Java\jdk1.8.0_66\jre\bin\zip.dll
0x00007ff89c080000 - 0x00007ff89d5dc000 	C:\Windows\system32\SHELL32.dll
0x00007ff89ae60000 - 0x00007ff89b4a5000 	C:\Windows\system32\windows.storage.dll
0x00007ff89d850000 - 0x00007ff89d8a2000 	C:\Windows\system32\shlwapi.dll
0x00007ff89ab40000 - 0x00007ff89ab4f000 	C:\Windows\system32\kernel.appcore.dll
0x00007ff89b710000 - 0x00007ff89b7c5000 	C:\Windows\system32\shcore.dll
0x00007ff89ab70000 - 0x00007ff89abbb000 	C:\Windows\system32\powrprof.dll
0x00007ff89ab50000 - 0x00007ff89ab64000 	C:\Windows\system32\profapi.dll

VM Arguments:
jvm_args: -Djava.awt.headless=true -Xmx1024M -Dfile.encoding=windows-1258 -Duser.country=US -Duser.language=en -Duser.variant 
java_command: com.android.dx.command.Main --dex --num-threads=4 --output D:\Dazone\crewemail\CrewEmail\app\build\intermediates\pre-dexed\debug\com.facebook.fresco-imagepipeline-0.8.1_6f8b210450d840bc44513fdbbefcea0ad9a23d3b.jar D:\Dazone\crewemail\CrewEmail\app\build\intermediates\exploded-aar\com.facebook.fresco\imagepipeline\0.8.1\jars\classes.jar
java_class_path (initial): E:\android-sdk_r24.4.1-windows\android-sdk-windows\build-tools\23.0.2\lib\dx.jar
Launcher Type: SUN_STANDARD

Environment Variables:
JAVA_HOME=C:\Program Files\Java\jdk1.8.0_66
PATH=C:\ProgramData\Oracle\Java\javapath;C:\Windows\system32;C:\Windows;C:\Windows\System32\Wbem;C:\Windows\System32\WindowsPowerShell\v1.0\;C:\Program Files (x86)\Intel\OpenCL SDK\2.0\bin\x86;C:\Program Files (x86)\Intel\OpenCL SDK\2.0\bin\x64;C:\Program Files\Java\jdk1.8.0_66\bin;C:\Program Files (x86)\Skype\Phone\;E:\android-sdk_r24.4.1-windows\android-sdk-windows\tools;E:\android-sdk_r24.4.1-windows\android-sdk-windows\platform-tools;C:\Program Files\Bandizip\7z
USERNAME=THANHTUNG
OS=Windows_NT
PROCESSOR_IDENTIFIER=Intel64 Family 6 Model 42 Stepping 7, GenuineIntel



---------------  S Y S T E M  ---------------

OS: Windows 10.0 , 64 bit Build 10586 (10.0.10586.0)

CPU:total 4 (2 cores per cpu, 2 threads per core) family 6 model 42 stepping 7, cmov, cx8, fxsr, mmx, sse, sse2, sse3, ssse3, sse4.1, sse4.2, popcnt, avx, aes, clmul, ht, tsc, tscinvbit

Memory: 4k page, physical 8269036k(386936k free), swap 9317612k(5252k free)

vm_info: Java HotSpot(TM) 64-Bit Server VM (25.66-b17) for windows-amd64 JRE (1.8.0_66-b17), built on Oct  6 2015 18:55:33 by "java_re" with MS VC++ 10.0 (VS2010)

time: Thu Feb 25 15:12:01 2016
elapsed time: 0 seconds (0d 0h 0m 0s)

