#
# There is insufficient memory for the Java Runtime Environment to continue.
# Native memory allocation (malloc) failed to allocate 1346736 bytes for Chunk::new
# Possible reasons:
#   The system is out of physical RAM or swap space
#   In 32 bit mode, the process size limit was hit
# Possible solutions:
#   Reduce memory load on the system
#   Increase physical memory or swap space
#   Check if swap backing store is full
#   Use 64 bit Java on a 64 bit OS
#   Decrease Java heap size (-Xmx/-Xms)
#   Decrease number of Java threads
#   Decrease Java thread stack sizes (-Xss)
#   Set larger code cache with -XX:ReservedCodeCacheSize=
# This output file may be truncated or incomplete.
#
#  Out of Memory Error (allocation.cpp:390), pid=11004, tid=3560
#
# JRE version: Java(TM) SE Runtime Environment (8.0_66-b17) (build 1.8.0_66-b17)
# Java VM: Java HotSpot(TM) 64-Bit Server VM (25.66-b17 mixed mode windows-amd64 compressed oops)
# Failed to write core dump. Minidumps are not enabled by default on client versions of Windows
#

---------------  T H R E A D  ---------------

Current thread (0x0000000001ee9800):  JavaThread "C2 CompilerThread0" daemon [_thread_in_native, id=3560, stack(0x00000000161d0000,0x00000000162d0000)]

Stack: [0x00000000161d0000,0x00000000162d0000]
[error occurred during error reporting (printing stack bounds), id 0xc0000005]

Native frames: (J=compiled Java code, j=interpreted, Vv=VM code, C=native code)


Current CompileTask:
C2:   1401 1294   !   4       com.android.dx.cf.code.BytecodeArray::parseInstruction (2764 bytes)


---------------  P R O C E S S  ---------------

Java Threads: ( => current thread )
  0x00000000167a4800 JavaThread "pool-1-thread-4" [_thread_blocked, id=6472, stack(0x00000000176d0000,0x00000000177d0000)]
  0x00000000167a4000 JavaThread "pool-1-thread-3" [_thread_blocked, id=8388, stack(0x00000000175d0000,0x00000000176d0000)]
  0x00000000167aa800 JavaThread "pool-1-thread-2" [_thread_blocked, id=10228, stack(0x00000000174d0000,0x00000000175d0000)]
  0x00000000167a7800 JavaThread "pool-2-thread-1" [_thread_blocked, id=6376, stack(0x00000000173d0000,0x00000000174d0000)]
  0x00000000167a1800 JavaThread "pool-1-thread-1" [_thread_blocked, id=9992, stack(0x00000000172d0000,0x00000000173d0000)]
  0x000000001655a800 JavaThread "Service Thread" daemon [_thread_blocked, id=9532, stack(0x00000000168d0000,0x00000000169d0000)]
  0x0000000001ef6800 JavaThread "C1 CompilerThread2" daemon [_thread_blocked, id=8128, stack(0x00000000163d0000,0x00000000164d0000)]
  0x0000000001eee800 JavaThread "C2 CompilerThread1" daemon [_thread_in_native, id=3196, stack(0x00000000162d0000,0x00000000163d0000)]
=>0x0000000001ee9800 JavaThread "C2 CompilerThread0" daemon [_thread_in_native, id=3560, stack(0x00000000161d0000,0x00000000162d0000)]
  0x0000000001ee7800 JavaThread "Attach Listener" daemon [_thread_blocked, id=11200, stack(0x00000000160d0000,0x00000000161d0000)]
  0x0000000001e97800 JavaThread "Signal Dispatcher" daemon [_thread_blocked, id=1064, stack(0x0000000015fd0000,0x00000000160d0000)]
  0x0000000000fc6000 JavaThread "Finalizer" daemon [_thread_blocked, id=2660, stack(0x0000000015df0000,0x0000000015ef0000)]
  0x0000000000fbd000 JavaThread "Reference Handler" daemon [_thread_blocked, id=11084, stack(0x0000000015cf0000,0x0000000015df0000)]
  0x0000000000ed1000 JavaThread "main" [_thread_in_Java, id=10536, stack(0x0000000000dd0000,0x0000000000ed0000)]

Other Threads:
  0x0000000001e68000 VMThread [stack: 0x0000000015bf0000,0x0000000015cf0000] [id=11072]
  0x0000000016560000 WatcherThread [stack: 0x00000000169d0000,0x0000000016ad0000] [id=8096]

VM state:not at safepoint (normal execution)

VM Mutex/Monitor currently owned by a thread: None

Heap:
 PSYoungGen      total 38400K, used 16238K [0x00000000eab00000, 0x00000000ef600000, 0x0000000100000000)
  eden space 33280K, 33% used [0x00000000eab00000,0x00000000eb5e26a0,0x00000000ecb80000)
  from space 5120K, 99% used [0x00000000ecb80000,0x00000000ed0791e0,0x00000000ed080000)
  to   space 5120K, 0% used [0x00000000ef100000,0x00000000ef100000,0x00000000ef600000)
 ParOldGen       total 87552K, used 1182K [0x00000000c0000000, 0x00000000c5580000, 0x00000000eab00000)
  object space 87552K, 1% used [0x00000000c0000000,0x00000000c01279d8,0x00000000c5580000)
 Metaspace       used 6122K, capacity 6964K, committed 7040K, reserved 1056768K
  class space    used 604K, capacity 620K, committed 640K, reserved 1048576K

Card table byte_map: [0x0000000001390000,0x00000000015a0000] byte_map_base: 0x0000000000d90000

Marking Bits: (ParMarkBitMap*) 0x000000006ddaa5b0
 Begin Bits: [0x0000000012400000, 0x0000000013400000)
 End Bits:   [0x0000000013400000, 0x0000000014400000)

Polling page: 0x0000000000460000

CodeCache: size=245760Kb used=5303Kb max_used=5303Kb free=240457Kb
 bounds [0x0000000003400000, 0x0000000003940000, 0x0000000012400000]
 total_blobs=1589 nmethods=1320 adapters=182
 compilation: enabled

Compilation events (10 events):
Event: 1.381 Thread 0x0000000001ef6800 1321       3       com.android.dx.ssa.DomFront::buildDomTree (72 bytes)
Event: 1.382 Thread 0x0000000001ef6800 nmethod 1321 0x000000000392a2d0 code [0x000000000392a520, 0x000000000392b388]
Event: 1.382 Thread 0x0000000001ef6800 1322       3       com.android.dx.ssa.DomFront::run (264 bytes)
Event: 1.386 Thread 0x0000000001ef6800 nmethod 1322 0x000000000392be50 code [0x000000000392c3c0, 0x000000000392fa28]
Event: 1.386 Thread 0x0000000001ef6800 1325       3       com.android.dx.util.FixedSizeList::shrinkToFit (103 bytes)
Event: 1.387 Thread 0x0000000001ef6800 nmethod 1325 0x00000000039318d0 code [0x0000000003931a80, 0x0000000003932308]
Event: 1.387 Thread 0x0000000001ef6800 1326       3       com.android.dx.util.LabeledList::rebuildLabelToIndex (46 bytes)
Event: 1.387 Thread 0x0000000001ef6800 nmethod 1326 0x0000000003932650 code [0x0000000003932800, 0x0000000003932e88]
Event: 1.387 Thread 0x0000000001ef6800 1324       3       com.android.dx.cf.direct.DirectClassFile::getSourceFile (31 bytes)
Event: 1.388 Thread 0x0000000001ef6800 nmethod 1324 0x0000000003933090 code [0x0000000003933240, 0x00000000039337f8]

GC Heap History (2 events):
Event: 1.162 GC heap before
{Heap before GC invocations=1 (full 0):
 PSYoungGen      total 38400K, used 33280K [0x00000000eab00000, 0x00000000ed580000, 0x0000000100000000)
  eden space 33280K, 100% used [0x00000000eab00000,0x00000000ecb80000,0x00000000ecb80000)
  from space 5120K, 0% used [0x00000000ed080000,0x00000000ed080000,0x00000000ed580000)
  to   space 5120K, 0% used [0x00000000ecb80000,0x00000000ecb80000,0x00000000ed080000)
 ParOldGen       total 87552K, used 0K [0x00000000c0000000, 0x00000000c5580000, 0x00000000eab00000)
  object space 87552K, 0% used [0x00000000c0000000,0x00000000c0000000,0x00000000c5580000)
 Metaspace       used 6039K, capacity 6900K, committed 7040K, reserved 1056768K
  class space    used 604K, capacity 620K, committed 640K, reserved 1048576K
Event: 1.176 GC heap after
Heap after GC invocations=1 (full 0):
 PSYoungGen      total 38400K, used 5092K [0x00000000eab00000, 0x00000000ef600000, 0x0000000100000000)
  eden space 33280K, 0% used [0x00000000eab00000,0x00000000eab00000,0x00000000ecb80000)
  from space 5120K, 99% used [0x00000000ecb80000,0x00000000ed0791e0,0x00000000ed080000)
  to   space 5120K, 0% used [0x00000000ef100000,0x00000000ef100000,0x00000000ef600000)
 ParOldGen       total 87552K, used 1182K [0x00000000c0000000, 0x00000000c5580000, 0x00000000eab00000)
  object space 87552K, 1% used [0x00000000c0000000,0x00000000c01279d8,0x00000000c5580000)
 Metaspace       used 6039K, capacity 6900K, committed 7040K, reserved 1056768K
  class space    used 604K, capacity 620K, committed 640K, reserved 1048576K
}

Deoptimization events (3 events):
Event: 0.637 Thread 0x00000000167aa800 Uncommon trap: reason=unstable_if action=reinterpret pc=0x000000000363a8bc method=java.util.HashMap.getNode(ILjava/lang/Object;)Ljava/util/HashMap$Node; @ 62
Event: 0.954 Thread 0x00000000167a4000 Uncommon trap: reason=unstable_if action=reinterpret pc=0x000000000375132c method=com.android.dx.rop.code.RegisterSpecSet.put(Lcom/android/dx/rop/code/RegisterSpec;)V @ 77
Event: 1.184 Thread 0x00000000167aa800 Uncommon trap: reason=unstable_if action=reinterpret pc=0x00000000036e8fa0 method=com.android.dx.rop.code.RegisterSpec.equals(ILcom/android/dx/rop/type/TypeBearer;Lcom/android/dx/rop/code/LocalItem;)Z @ 42

Internal exceptions (2 events):
Event: 0.061 Thread 0x0000000000ed1000 Exception <a 'java/lang/NoSuchMethodError': Method sun.misc.Unsafe.defineClass(Ljava/lang/String;[BII)Ljava/lang/Class; name or signature does not match> (0x00000000eab12db8) thrown at [C:\re\workspace\8-2-build-windows-amd64-cygwin\jdk8u66\4988\hotspot\srº»d¯?
Event: 0.061 Thread 0x0000000000ed1000 Exception <a 'java/lang/NoSuchMethodError': Method sun.misc.Unsafe.prefetchRead(Ljava/lang/Object;J)V name or signature does not match> (0x00000000eab130a0) thrown at [C:\re\workspace\8-2-build-windows-amd64-cygwin\jdk8u66\4988\hotspot\src\share\vm\prims\j

Events (10 events):
Event: 0.954 Thread 0x00000000167a4000 DEOPT UNPACKING pc=0x000000000344582a sp=0x00000000176ce8b8 mode 2
Event: 1.111 loading class java/util/DualPivotQuicksort
Event: 1.111 loading class java/util/DualPivotQuicksort done
Event: 1.112 Executing VM operation: ForceSafepoint
Event: 1.132 Executing VM operation: ForceSafepoint done
Event: 1.162 Executing VM operation: ParallelGCFailedAllocation
Event: 1.176 Executing VM operation: ParallelGCFailedAllocation done
Event: 1.184 Thread 0x00000000167aa800 Uncommon trap: trap_request=0xffffff65 fr.pc=0x00000000036e8fa0
Event: 1.184 Thread 0x00000000167aa800 DEOPT PACKING pc=0x00000000036e8fa0 sp=0x00000000175cec90
Event: 1.184 Thread 0x00000000167aa800 DEOPT UNPACKING pc=0x000000000344582a sp=0x00000000175cec18 mode 2


Dynamic libraries:
0x00007ff719a70000 - 0x00007ff719aa7000 	C:\Program Files\Java\jdk1.8.0_66\bin\java.exe
0x00007ff89e510000 - 0x00007ff89e6d1000 	C:\Windows\SYSTEM32\ntdll.dll
0x00007ff89da60000 - 0x00007ff89db0d000 	C:\Windows\system32\KERNEL32.DLL
0x00007ff89ac70000 - 0x00007ff89ae58000 	C:\Windows\system32\KERNELBASE.dll
0x00007ff89bfd0000 - 0x00007ff89c077000 	C:\Windows\system32\ADVAPI32.dll
0x00007ff89df80000 - 0x00007ff89e01d000 	C:\Windows\system32\msvcrt.dll
0x00007ff89da00000 - 0x00007ff89da5b000 	C:\Windows\system32\sechost.dll
0x00007ff89e290000 - 0x00007ff89e3ac000 	C:\Windows\system32\RPCRT4.dll
0x00007ff89ba20000 - 0x00007ff89bb76000 	C:\Windows\system32\USER32.dll
0x00007ff89db10000 - 0x00007ff89dc96000 	C:\Windows\system32\GDI32.dll
0x00007ff88e4b0000 - 0x00007ff88e724000 	C:\Windows\WinSxS\amd64_microsoft.windows.common-controls_6595b64144ccf1df_6.0.10586.0_none_8c15ae12515e1c22\COMCTL32.dll
0x00007ff89dca0000 - 0x00007ff89df1d000 	C:\Windows\system32\combase.dll
0x00007ff89b680000 - 0x00007ff89b6ea000 	C:\Windows\system32\bcryptPrimitives.dll
0x00007ff89b9e0000 - 0x00007ff89ba1b000 	C:\Windows\system32\IMM32.DLL
0x000000006d120000 - 0x000000006d1f2000 	C:\Program Files\Java\jdk1.8.0_66\jre\bin\msvcr100.dll
0x000000006d5a0000 - 0x000000006de29000 	C:\Program Files\Java\jdk1.8.0_66\jre\bin\server\jvm.dll
0x00007ff89d840000 - 0x00007ff89d848000 	C:\Windows\system32\PSAPI.DLL
0x00007ff8904e0000 - 0x00007ff8904e9000 	C:\Windows\SYSTEM32\WSOCK32.dll
0x00007ff898d50000 - 0x00007ff898d73000 	C:\Windows\SYSTEM32\WINMM.dll
0x00007ff8913f0000 - 0x00007ff8913fa000 	C:\Windows\SYSTEM32\VERSION.dll
0x00007ff89e150000 - 0x00007ff89e1bb000 	C:\Windows\system32\WS2_32.dll
0x0000000000870000 - 0x000000000089c000 	C:\Windows\SYSTEM32\WINMMBASE.dll
0x00007ff89ac20000 - 0x00007ff89ac63000 	C:\Windows\system32\cfgmgr32.dll
0x000000006d590000 - 0x000000006d59f000 	C:\Program Files\Java\jdk1.8.0_66\jre\bin\verify.dll
0x000000006d560000 - 0x000000006d589000 	C:\Program Files\Java\jdk1.8.0_66\jre\bin\java.dll
0x000000006d540000 - 0x000000006d556000 	C:\Program Files\Java\jdk1.8.0_66\jre\bin\zip.dll
0x00007ff89c080000 - 0x00007ff89d5dc000 	C:\Windows\system32\SHELL32.dll
0x00007ff89ae60000 - 0x00007ff89b4a5000 	C:\Windows\system32\windows.storage.dll
0x00007ff89d850000 - 0x00007ff89d8a2000 	C:\Windows\system32\shlwapi.dll
0x00007ff89ab40000 - 0x00007ff89ab4f000 	C:\Windows\system32\kernel.appcore.dll
0x00007ff89b710000 - 0x00007ff89b7c5000 	C:\Windows\system32\shcore.dll
0x00007ff89ab70000 - 0x00007ff89abbb000 	C:\Windows\system32\powrprof.dll
0x00007ff89ab50000 - 0x00007ff89ab64000 	C:\Windows\system32\profapi.dll

VM Arguments:
jvm_args: -Djava.awt.headless=true -Xmx1024M -Dfile.encoding=windows-1258 -Duser.country=US -Duser.language=en -Duser.variant 
java_command: com.android.dx.command.Main --dex --num-threads=4 --output D:\Dazone\crewemail\CrewEmail\app\build\intermediates\pre-dexed\debug\com.android.support-appcompat-v7-23.1.1_a61730fb4cf020cac8109f916a752506f8626614.jar D:\Dazone\crewemail\CrewEmail\app\build\intermediates\exploded-aar\com.android.support\appcompat-v7\23.1.1\jars\classes.jar
java_class_path (initial): E:\android-sdk_r24.4.1-windows\android-sdk-windows\build-tools\23.0.2\lib\dx.jar
Launcher Type: SUN_STANDARD

Environment Variables:
JAVA_HOME=C:\Program Files\Java\jdk1.8.0_66
PATH=C:\ProgramData\Oracle\Java\javapath;C:\Windows\system32;C:\Windows;C:\Windows\System32\Wbem;C:\Windows\System32\WindowsPowerShell\v1.0\;C:\Program Files (x86)\Intel\OpenCL SDK\2.0\bin\x86;C:\Program Files (x86)\Intel\OpenCL SDK\2.0\bin\x64;C:\Program Files\Java\jdk1.8.0_66\bin;C:\Program Files (x86)\Skype\Phone\;E:\android-sdk_r24.4.1-windows\android-sdk-windows\tools;E:\android-sdk_r24.4.1-windows\android-sdk-windows\platform-tools;C:\Program Files\Bandizip\7z
USERNAME=THANHTUNG
OS=Windows_NT
PROCESSOR_IDENTIFIER=Intel64 Family 6 Model 42 Stepping 7, GenuineIntel



---------------  S Y S T E M  ---------------

OS: Windows 10.0 , 64 bit Build 10586 (10.0.10586.0)

CPU:total 4 (2 cores per cpu, 2 threads per core) family 6 model 42 stepping 7, cmov, cx8, fxsr, mmx, sse, sse2, sse3, ssse3, sse4.1, sse4.2, popcnt, avx, aes, clmul, ht, tsc, tscinvbit

Memory: 4k page, physical 8269036k(371368k free), swap 9317612k(5316k free)

vm_info: Java HotSpot(TM) 64-Bit Server VM (25.66-b17) for windows-amd64 JRE (1.8.0_66-b17), built on Oct  6 2015 18:55:33 by "java_re" with MS VC++ 10.0 (VS2010)

time: Thu Feb 25 15:11:51 2016
elapsed time: 1 seconds (0d 0h 0m 1s)

