#
# There is insufficient memory for the Java Runtime Environment to continue.
# Native memory allocation (malloc) failed to allocate 1353984 bytes for Chunk::new
# Possible reasons:
#   The system is out of physical RAM or swap space
#   In 32 bit mode, the process size limit was hit
# Possible solutions:
#   Reduce memory load on the system
#   Increase physical memory or swap space
#   Check if swap backing store is full
#   Use 64 bit Java on a 64 bit OS
#   Decrease Java heap size (-Xmx/-Xms)
#   Decrease number of Java threads
#   Decrease Java thread stack sizes (-Xss)
#   Set larger code cache with -XX:ReservedCodeCacheSize=
# This output file may be truncated or incomplete.
#
#  Out of Memory Error (allocation.cpp:390), pid=1032, tid=11208
#
# JRE version: Java(TM) SE Runtime Environment (8.0_66-b17) (build 1.8.0_66-b17)
# Java VM: Java HotSpot(TM) 64-Bit Server VM (25.66-b17 mixed mode windows-amd64 compressed oops)
# Failed to write core dump. Minidumps are not enabled by default on client versions of Windows
#

---------------  T H R E A D  ---------------

Current thread (0x0000000001cfa800):  JavaThread "C2 CompilerThread0" daemon [_thread_in_native, id=11208, stack(0x0000000015fb0000,0x00000000160b0000)]

Stack: [0x0000000015fb0000,0x00000000160b0000]
[error occurred during error reporting (printing stack bounds), id 0xc0000005]

Native frames: (J=compiled Java code, j=interpreted, Vv=VM code, C=native code)


Current CompileTask:
C2:   1727 1279   !   4       com.android.dx.cf.cst.ConstantPoolParser::parse0 (731 bytes)


---------------  P R O C E S S  ---------------

Java Threads: ( => current thread )
  0x0000000016510800 JavaThread "pool-1-thread-4" [_thread_in_Java, id=10156, stack(0x00000000174b0000,0x00000000175b0000)]
  0x000000001650f800 JavaThread "pool-1-thread-3" [_thread_in_Java, id=3816, stack(0x00000000173b0000,0x00000000174b0000)]
  0x000000001650f000 JavaThread "pool-1-thread-2" [_thread_in_Java, id=8868, stack(0x00000000172b0000,0x00000000173b0000)]
  0x0000000016590000 JavaThread "pool-2-thread-1" [_thread_blocked, id=10036, stack(0x00000000171b0000,0x00000000172b0000)]
  0x000000001658f800 JavaThread "pool-1-thread-1" [_thread_in_Java, id=5344, stack(0x00000000170b0000,0x00000000171b0000)]
  0x0000000001d0e800 JavaThread "Service Thread" daemon [_thread_blocked, id=1324, stack(0x00000000166b0000,0x00000000167b0000)]
  0x0000000001d05000 JavaThread "C1 CompilerThread2" daemon [_thread_blocked, id=6768, stack(0x00000000161b0000,0x00000000162b0000)]
  0x0000000001cfd800 JavaThread "C2 CompilerThread1" daemon [_thread_in_native, id=11184, stack(0x00000000160b0000,0x00000000161b0000)]
=>0x0000000001cfa800 JavaThread "C2 CompilerThread0" daemon [_thread_in_native, id=11208, stack(0x0000000015fb0000,0x00000000160b0000)]
  0x0000000001cf8000 JavaThread "Attach Listener" daemon [_thread_blocked, id=4236, stack(0x0000000015eb0000,0x0000000015fb0000)]
  0x0000000001cf7800 JavaThread "Signal Dispatcher" daemon [_thread_blocked, id=10972, stack(0x0000000015db0000,0x0000000015eb0000)]
  0x0000000000dd6000 JavaThread "Finalizer" daemon [_thread_blocked, id=8072, stack(0x0000000015bd0000,0x0000000015cd0000)]
  0x0000000000dcd000 JavaThread "Reference Handler" daemon [_thread_blocked, id=7188, stack(0x0000000015ad0000,0x0000000015bd0000)]
  0x0000000000ce1000 JavaThread "main" [_thread_in_Java, id=10540, stack(0x0000000000be0000,0x0000000000ce0000)]

Other Threads:
  0x0000000001c78000 VMThread [stack: 0x00000000159d0000,0x0000000015ad0000] [id=4392]
  0x000000001635d000 WatcherThread [stack: 0x00000000167b0000,0x00000000168b0000] [id=9292]

VM state:not at safepoint (normal execution)

VM Mutex/Monitor currently owned by a thread: None

Heap:
 PSYoungGen      total 71680K, used 46188K [0x00000000eab00000, 0x00000000ef600000, 0x0000000100000000)
  eden space 66560K, 61% used [0x00000000eab00000,0x00000000ed31e9b8,0x00000000eec00000)
  from space 5120K, 99% used [0x00000000ef100000,0x00000000ef5fc8f0,0x00000000ef600000)
  to   space 5120K, 0% used [0x00000000eec00000,0x00000000eec00000,0x00000000ef100000)
 ParOldGen       total 87552K, used 5056K [0x00000000c0000000, 0x00000000c5580000, 0x00000000eab00000)
  object space 87552K, 5% used [0x00000000c0000000,0x00000000c04f0088,0x00000000c5580000)
 Metaspace       used 6298K, capacity 7156K, committed 7296K, reserved 1056768K
  class space    used 605K, capacity 620K, committed 640K, reserved 1048576K

Card table byte_map: [0x00000000011a0000,0x00000000013b0000] byte_map_base: 0x0000000000ba0000

Marking Bits: (ParMarkBitMap*) 0x000000006ddaa5b0
 Begin Bits: [0x0000000012400000, 0x0000000013400000)
 End Bits:   [0x0000000013400000, 0x0000000014400000)

Polling page: 0x0000000000830000

CodeCache: size=245760Kb used=6517Kb max_used=6517Kb free=239242Kb
 bounds [0x0000000003400000, 0x0000000003a70000, 0x0000000012400000]
 total_blobs=1862 nmethods=1593 adapters=182
 compilation: enabled

Compilation events (10 events):
Event: 1.720 Thread 0x0000000001d05000 nmethod 1610 0x0000000003a60890 code [0x0000000003a60a00, 0x0000000003a60b88]
Event: 1.720 Thread 0x0000000001d05000 1611       1       com.android.dx.cf.direct.FieldListParser::getAttributeContext (2 bytes)
Event: 1.720 Thread 0x0000000001d05000 nmethod 1611 0x0000000003a60c10 code [0x0000000003a60d60, 0x0000000003a60e70]
Event: 1.720 Thread 0x0000000001d05000 1612       1       com.android.dx.cf.direct.MethodListParser::getAttributeContext (2 bytes)
Event: 1.720 Thread 0x0000000001d05000 nmethod 1612 0x0000000003a60ed0 code [0x0000000003a61020, 0x0000000003a61130]
Event: 1.720 Thread 0x0000000001d05000 1613       1       com.android.dx.cf.attrib.AttSourceFile::byteLength (3 bytes)
Event: 1.720 Thread 0x0000000001d05000 nmethod 1613 0x0000000003a61190 code [0x0000000003a612e0, 0x0000000003a613f0]
Event: 1.723 Thread 0x0000000001d05000 1615       2       java.util.concurrent.AbstractExecutorService::submit (25 bytes)
Event: 1.724 Thread 0x0000000001d05000 nmethod 1615 0x0000000003a61450 code [0x0000000003a615e0, 0x0000000003a61948]
Event: 1.724 Thread 0x0000000001d05000 1616       2       java.util.concurrent.ThreadPoolExecutor::execute (132 bytes)

GC Heap History (4 events):
Event: 0.918 GC heap before
{Heap before GC invocations=1 (full 0):
 PSYoungGen      total 38400K, used 33280K [0x00000000eab00000, 0x00000000ed580000, 0x0000000100000000)
  eden space 33280K, 100% used [0x00000000eab00000,0x00000000ecb80000,0x00000000ecb80000)
  from space 5120K, 0% used [0x00000000ed080000,0x00000000ed080000,0x00000000ed580000)
  to   space 5120K, 0% used [0x00000000ecb80000,0x00000000ecb80000,0x00000000ed080000)
 ParOldGen       total 87552K, used 0K [0x00000000c0000000, 0x00000000c5580000, 0x00000000eab00000)
  object space 87552K, 0% used [0x00000000c0000000,0x00000000c0000000,0x00000000c5580000)
 Metaspace       used 5988K, capacity 6900K, committed 7040K, reserved 1056768K
  class space    used 604K, capacity 620K, committed 640K, reserved 1048576K
Event: 0.930 GC heap after
Heap after GC invocations=1 (full 0):
 PSYoungGen      total 38400K, used 5091K [0x00000000eab00000, 0x00000000ef600000, 0x0000000100000000)
  eden space 33280K, 0% used [0x00000000eab00000,0x00000000eab00000,0x00000000ecb80000)
  from space 5120K, 99% used [0x00000000ecb80000,0x00000000ed078ec8,0x00000000ed080000)
  to   space 5120K, 0% used [0x00000000ef100000,0x00000000ef100000,0x00000000ef600000)
 ParOldGen       total 87552K, used 897K [0x00000000c0000000, 0x00000000c5580000, 0x00000000eab00000)
  object space 87552K, 1% used [0x00000000c0000000,0x00000000c00e0638,0x00000000c5580000)
 Metaspace       used 5988K, capacity 6900K, committed 7040K, reserved 1056768K
  class space    used 604K, capacity 620K, committed 640K, reserved 1048576K
}
Event: 1.391 GC heap before
{Heap before GC invocations=2 (full 0):
 PSYoungGen      total 38400K, used 38371K [0x00000000eab00000, 0x00000000ef600000, 0x0000000100000000)
  eden space 33280K, 100% used [0x00000000eab00000,0x00000000ecb80000,0x00000000ecb80000)
  from space 5120K, 99% used [0x00000000ecb80000,0x00000000ed078ec8,0x00000000ed080000)
  to   space 5120K, 0% used [0x00000000ef100000,0x00000000ef100000,0x00000000ef600000)
 ParOldGen       total 87552K, used 897K [0x00000000c0000000, 0x00000000c5580000, 0x00000000eab00000)
  object space 87552K, 1% used [0x00000000c0000000,0x00000000c00e0638,0x00000000c5580000)
 Metaspace       used 6233K, capacity 7092K, committed 7296K, reserved 1056768K
  class space    used 605K, capacity 620K, committed 640K, reserved 1048576K
Event: 1.405 GC heap after
Heap after GC invocations=2 (full 0):
 PSYoungGen      total 71680K, used 5106K [0x00000000eab00000, 0x00000000ef600000, 0x0000000100000000)
  eden space 66560K, 0% used [0x00000000eab00000,0x00000000eab00000,0x00000000eec00000)
  from space 5120K, 99% used [0x00000000ef100000,0x00000000ef5fc8f0,0x00000000ef600000)
  to   space 5120K, 0% used [0x00000000eec00000,0x00000000eec00000,0x00000000ef100000)
 ParOldGen       total 87552K, used 5056K [0x00000000c0000000, 0x00000000c5580000, 0x00000000eab00000)
  object space 87552K, 5% used [0x00000000c0000000,0x00000000c04f0088,0x00000000c5580000)
 Metaspace       used 6233K, capacity 7092K, committed 7296K, reserved 1056768K
  class space    used 605K, capacity 620K, committed 640K, reserved 1048576K
}

Deoptimization events (10 events):
Event: 0.888 Thread 0x000000001650f800 Uncommon trap: reason=unstable_if action=reinterpret pc=0x00000000036dc160 method=com.android.dx.rop.code.RegisterSpec.equals(ILcom/android/dx/rop/type/TypeBearer;Lcom/android/dx/rop/code/LocalItem;)Z @ 42
Event: 0.912 Thread 0x000000001650f800 Uncommon trap: reason=bimorphic action=maybe_recompile pc=0x000000000364fa5c method=java.util.HashMap.getNode(ILjava/lang/Object;)Ljava/util/HashMap$Node; @ 126
Event: 1.261 Thread 0x0000000000ce1000 Uncommon trap: reason=uninitialized action=reinterpret pc=0x00000000039551d8 method=com.android.dx.cf.code.BytecodeArray.parseInstruction(ILcom/android/dx/cf/code/BytecodeArray$Visitor;)I @ 1095
Event: 1.264 Thread 0x0000000000ce1000 Uncommon trap: reason=bimorphic action=maybe_recompile pc=0x000000000364fa5c method=java.util.HashMap.getNode(ILjava/lang/Object;)Ljava/util/HashMap$Node; @ 126
Event: 1.265 Thread 0x0000000000ce1000 Uncommon trap: reason=bimorphic action=maybe_recompile pc=0x000000000364fa5c method=java.util.HashMap.getNode(ILjava/lang/Object;)Ljava/util/HashMap$Node; @ 126
Event: 1.265 Thread 0x0000000000ce1000 Uncommon trap: reason=unstable_if action=reinterpret pc=0x00000000036a731c method=com.android.dx.rop.cst.Constant.compareTo(Lcom/android/dx/rop/cst/Constant;)I @ 12
Event: 1.341 Thread 0x000000001650f800 Uncommon trap: reason=unstable_if action=reinterpret pc=0x0000000003968e38 method=com.android.dx.ssa.SCCP.simulateBranch(Lcom/android/dx/ssa/SsaInsn;)V @ 64
Event: 1.380 Thread 0x000000001650f000 Uncommon trap: reason=bimorphic action=maybe_recompile pc=0x00000000037cae54 method=java.util.HashMap.putVal(ILjava/lang/Object;Ljava/lang/Object;ZZ)Ljava/lang/Object; @ 203
Event: 1.566 Thread 0x000000001650f000 Uncommon trap: reason=unstable_if action=reinterpret pc=0x000000000389c2b0 method=com.android.dx.ssa.SCCP.simulateStmt(Lcom/android/dx/ssa/SsaInsn;)V @ 53
Event: 1.644 Thread 0x000000001650f800 Uncommon trap: reason=unstable_if action=reinterpret pc=0x00000000037cd7fc method=com.android.dx.util.IntList.binarysearch(I)I @ 105

Internal exceptions (3 events):
Event: 0.042 Thread 0x0000000000ce1000 Exception <a 'java/lang/NoSuchMethodError': Method sun.misc.Unsafe.defineClass(Ljava/lang/String;[BII)Ljava/lang/Class; name or signature does not match> (0x00000000eab13080) thrown at [C:\re\workspace\8-2-build-windows-amd64-cygwin\jdk8u66\4988\hotspot\srÂœ"¤k¥?
Event: 0.042 Thread 0x0000000000ce1000 Exception <a 'java/lang/NoSuchMethodError': Method sun.misc.Unsafe.prefetchRead(Ljava/lang/Object;J)V name or signature does not match> (0x00000000eab13368) thrown at [C:\re\workspace\8-2-build-windows-amd64-cygwin\jdk8u66\4988\hotspot\src\share\vm\prims\j% ofïæ?
Event: 0.717 Thread 0x000000001658f800 Implicit null exception at 0x00000000036d9b62 to 0x00000000036d9c52

Events (10 events):
Event: 1.380 Thread 0x000000001650f000 DEOPT PACKING pc=0x00000000037cae54 sp=0x00000000173aed40
Event: 1.380 Thread 0x000000001650f000 DEOPT UNPACKING pc=0x000000000344582a sp=0x00000000173aecc8 mode 2
Event: 1.383 Executing VM operation: ParallelGCFailedAllocation
Event: 1.405 Executing VM operation: ParallelGCFailedAllocation done
Event: 1.566 Thread 0x000000001650f000 Uncommon trap: trap_request=0xffffff65 fr.pc=0x000000000389c2b0
Event: 1.566 Thread 0x000000001650f000 DEOPT PACKING pc=0x000000000389c2b0 sp=0x00000000173aee00
Event: 1.566 Thread 0x000000001650f000 DEOPT UNPACKING pc=0x000000000344582a sp=0x00000000173aedc8 mode 2
Event: 1.644 Thread 0x000000001650f800 Uncommon trap: trap_request=0xffffff65 fr.pc=0x00000000037cd7fc
Event: 1.644 Thread 0x000000001650f800 DEOPT PACKING pc=0x00000000037cd7fc sp=0x00000000174aeb60
Event: 1.644 Thread 0x000000001650f800 DEOPT UNPACKING pc=0x000000000344582a sp=0x00000000174aead8 mode 2


Dynamic libraries:
0x00007ff719a70000 - 0x00007ff719aa7000 	C:\Program Files\Java\jdk1.8.0_66\bin\java.exe
0x00007ff89e510000 - 0x00007ff89e6d1000 	C:\Windows\SYSTEM32\ntdll.dll
0x00007ff89da60000 - 0x00007ff89db0d000 	C:\Windows\system32\KERNEL32.DLL
0x00007ff89ac70000 - 0x00007ff89ae58000 	C:\Windows\system32\KERNELBASE.dll
0x00007ff89bfd0000 - 0x00007ff89c077000 	C:\Windows\system32\ADVAPI32.dll
0x00007ff89df80000 - 0x00007ff89e01d000 	C:\Windows\system32\msvcrt.dll
0x00007ff89da00000 - 0x00007ff89da5b000 	C:\Windows\system32\sechost.dll
0x00007ff89e290000 - 0x00007ff89e3ac000 	C:\Windows\system32\RPCRT4.dll
0x00007ff89ba20000 - 0x00007ff89bb76000 	C:\Windows\system32\USER32.dll
0x00007ff89db10000 - 0x00007ff89dc96000 	C:\Windows\system32\GDI32.dll
0x00007ff88e4b0000 - 0x00007ff88e724000 	C:\Windows\WinSxS\amd64_microsoft.windows.common-controls_6595b64144ccf1df_6.0.10586.0_none_8c15ae12515e1c22\COMCTL32.dll
0x00007ff89dca0000 - 0x00007ff89df1d000 	C:\Windows\system32\combase.dll
0x00007ff89b680000 - 0x00007ff89b6ea000 	C:\Windows\system32\bcryptPrimitives.dll
0x00007ff89b9e0000 - 0x00007ff89ba1b000 	C:\Windows\system32\IMM32.DLL
0x000000006d120000 - 0x000000006d1f2000 	C:\Program Files\Java\jdk1.8.0_66\jre\bin\msvcr100.dll
0x000000006d5a0000 - 0x000000006de29000 	C:\Program Files\Java\jdk1.8.0_66\jre\bin\server\jvm.dll
0x00007ff89d840000 - 0x00007ff89d848000 	C:\Windows\system32\PSAPI.DLL
0x00007ff8904e0000 - 0x00007ff8904e9000 	C:\Windows\SYSTEM32\WSOCK32.dll
0x00007ff898d50000 - 0x00007ff898d73000 	C:\Windows\SYSTEM32\WINMM.dll
0x00007ff89e150000 - 0x00007ff89e1bb000 	C:\Windows\system32\WS2_32.dll
0x00007ff8913f0000 - 0x00007ff8913fa000 	C:\Windows\SYSTEM32\VERSION.dll
0x00007ff898cb0000 - 0x00007ff898cdc000 	C:\Windows\SYSTEM32\WINMMBASE.dll
0x00007ff89ac20000 - 0x00007ff89ac63000 	C:\Windows\system32\cfgmgr32.dll
0x000000006d590000 - 0x000000006d59f000 	C:\Program Files\Java\jdk1.8.0_66\jre\bin\verify.dll
0x000000006d560000 - 0x000000006d589000 	C:\Program Files\Java\jdk1.8.0_66\jre\bin\java.dll
0x000000006d540000 - 0x000000006d556000 	C:\Program Files\Java\jdk1.8.0_66\jre\bin\zip.dll
0x00007ff89c080000 - 0x00007ff89d5dc000 	C:\Windows\system32\SHELL32.dll
0x00007ff89ae60000 - 0x00007ff89b4a5000 	C:\Windows\system32\windows.storage.dll
0x00007ff89d850000 - 0x00007ff89d8a2000 	C:\Windows\system32\shlwapi.dll
0x00007ff89ab40000 - 0x00007ff89ab4f000 	C:\Windows\system32\kernel.appcore.dll
0x00007ff89b710000 - 0x00007ff89b7c5000 	C:\Windows\system32\shcore.dll
0x00007ff89ab70000 - 0x00007ff89abbb000 	C:\Windows\system32\powrprof.dll
0x00007ff89ab50000 - 0x00007ff89ab64000 	C:\Windows\system32\profapi.dll

VM Arguments:
jvm_args: -Djava.awt.headless=true -Xmx1024M -Dfile.encoding=windows-1258 -Duser.country=US -Duser.language=en -Duser.variant 
java_command: com.android.dx.command.Main --dex --num-threads=4 --output D:\Dazone\crewemail\CrewEmail\app\build\intermediates\pre-dexed\debug\com.android.support-appcompat-v7-23.1.1_a61730fb4cf020cac8109f916a752506f8626614.jar D:\Dazone\crewemail\CrewEmail\app\build\intermediates\exploded-aar\com.android.support\appcompat-v7\23.1.1\jars\classes.jar
java_class_path (initial): E:\android-sdk_r24.4.1-windows\android-sdk-windows\build-tools\23.0.2\lib\dx.jar
Launcher Type: SUN_STANDARD

Environment Variables:
JAVA_HOME=C:\Program Files\Java\jdk1.8.0_66
PATH=C:\ProgramData\Oracle\Java\javapath;C:\Windows\system32;C:\Windows;C:\Windows\System32\Wbem;C:\Windows\System32\WindowsPowerShell\v1.0\;C:\Program Files (x86)\Intel\OpenCL SDK\2.0\bin\x86;C:\Program Files (x86)\Intel\OpenCL SDK\2.0\bin\x64;C:\Program Files\Java\jdk1.8.0_66\bin;C:\Program Files (x86)\Skype\Phone\;E:\android-sdk_r24.4.1-windows\android-sdk-windows\tools;E:\android-sdk_r24.4.1-windows\android-sdk-windows\platform-tools;C:\Program Files\Bandizip\7z
USERNAME=THANHTUNG
OS=Windows_NT
PROCESSOR_IDENTIFIER=Intel64 Family 6 Model 42 Stepping 7, GenuineIntel



---------------  S Y S T E M  ---------------

OS: Windows 10.0 , 64 bit Build 10586 (10.0.10586.0)

CPU:total 4 (2 cores per cpu, 2 threads per core) family 6 model 42 stepping 7, cmov, cx8, fxsr, mmx, sse, sse2, sse3, ssse3, sse4.1, sse4.2, popcnt, avx, aes, clmul, ht, tsc, tscinvbit

Memory: 4k page, physical 8269036k(313676k free), swap 9317612k(5488k free)

vm_info: Java HotSpot(TM) 64-Bit Server VM (25.66-b17) for windows-amd64 JRE (1.8.0_66-b17), built on Oct  6 2015 18:55:33 by "java_re" with MS VC++ 10.0 (VS2010)

time: Thu Feb 25 15:06:38 2016
elapsed time: 1 seconds (0d 0h 0m 1s)

