#
# There is insufficient memory for the Java Runtime Environment to continue.
# Native memory allocation (malloc) failed to allocate 1560416 bytes for Chunk::new
# Possible reasons:
#   The system is out of physical RAM or swap space
#   In 32 bit mode, the process size limit was hit
# Possible solutions:
#   Reduce memory load on the system
#   Increase physical memory or swap space
#   Check if swap backing store is full
#   Use 64 bit Java on a 64 bit OS
#   Decrease Java heap size (-Xmx/-Xms)
#   Decrease number of Java threads
#   Decrease Java thread stack sizes (-Xss)
#   Set larger code cache with -XX:ReservedCodeCacheSize=
# This output file may be truncated or incomplete.
#
#  Out of Memory Error (allocation.cpp:390), pid=10208, tid=10360
#
# JRE version: Java(TM) SE Runtime Environment (8.0_66-b17) (build 1.8.0_66-b17)
# Java VM: Java HotSpot(TM) 64-Bit Server VM (25.66-b17 mixed mode windows-amd64 compressed oops)
# Failed to write core dump. Minidumps are not enabled by default on client versions of Windows
#

---------------  T H R E A D  ---------------

Current thread (0x0000000001dd8000):  JavaThread "C2 CompilerThread0" daemon [_thread_in_native, id=10360, stack(0x00000000160c0000,0x00000000161c0000)]

Stack: [0x00000000160c0000,0x00000000161c0000]
[error occurred during error reporting (printing stack bounds), id 0xc0000005]

Native frames: (J=compiled Java code, j=interpreted, Vv=VM code, C=native code)


Current CompileTask:
C2:   4103 1857   !   4       com.android.dx.cf.code.RopperMachine::run (1550 bytes)


---------------  P R O C E S S  ---------------

Java Threads: ( => current thread )
  0x00000000166c3000 JavaThread "pool-1-thread-4" [_thread_blocked, id=10612, stack(0x00000000175c0000,0x00000000176c0000)]
  0x00000000166bf800 JavaThread "pool-1-thread-3" [_thread_blocked, id=1236, stack(0x00000000174c0000,0x00000000175c0000)]
  0x00000000166be800 JavaThread "pool-1-thread-2" [_thread_in_Java, id=10808, stack(0x00000000173c0000,0x00000000174c0000)]
  0x0000000016610000 JavaThread "pool-2-thread-1" [_thread_blocked, id=10588, stack(0x00000000172c0000,0x00000000173c0000)]
  0x000000001660d800 JavaThread "pool-1-thread-1" [_thread_in_Java, id=7948, stack(0x00000000171c0000,0x00000000172c0000)]
  0x0000000016444000 JavaThread "Service Thread" daemon [_thread_blocked, id=5028, stack(0x00000000167c0000,0x00000000168c0000)]
  0x0000000001e26800 JavaThread "C1 CompilerThread2" daemon [_thread_blocked, id=11200, stack(0x00000000162c0000,0x00000000163c0000)]
  0x0000000001ddb000 JavaThread "C2 CompilerThread1" daemon [_thread_in_native, id=2108, stack(0x00000000161c0000,0x00000000162c0000)]
=>0x0000000001dd8000 JavaThread "C2 CompilerThread0" daemon [_thread_in_native, id=10360, stack(0x00000000160c0000,0x00000000161c0000)]
  0x0000000001dd6000 JavaThread "Attach Listener" daemon [_thread_blocked, id=10980, stack(0x0000000015fc0000,0x00000000160c0000)]
  0x0000000001e22800 JavaThread "Signal Dispatcher" daemon [_thread_blocked, id=9404, stack(0x0000000015ec0000,0x0000000015fc0000)]
  0x0000000000ef6000 JavaThread "Finalizer" daemon [_thread_blocked, id=2508, stack(0x0000000015ce0000,0x0000000015de0000)]
  0x0000000000eed000 JavaThread "Reference Handler" daemon [_thread_blocked, id=10712, stack(0x0000000015be0000,0x0000000015ce0000)]
  0x0000000000e01000 JavaThread "main" [_thread_blocked, id=9868, stack(0x0000000000c90000,0x0000000000d90000)]

Other Threads:
  0x0000000001d98000 VMThread [stack: 0x0000000015ae0000,0x0000000015be0000] [id=6628]
  0x0000000016476800 WatcherThread [stack: 0x00000000168c0000,0x00000000169c0000] [id=772]

VM state:not at safepoint (normal execution)

VM Mutex/Monitor currently owned by a thread: None

Heap:
 PSYoungGen      total 150016K, used 23671K [0x00000000eab00000, 0x00000000f5600000, 0x0000000100000000)
  eden space 131072K, 5% used [0x00000000eab00000,0x00000000eb27bde0,0x00000000f2b00000)
  from space 18944K, 84% used [0x00000000f3f80000,0x00000000f4f221a8,0x00000000f5200000)
  to   space 20992K, 0% used [0x00000000f2b00000,0x00000000f2b00000,0x00000000f3f80000)
 ParOldGen       total 87552K, used 27907K [0x00000000c0000000, 0x00000000c5580000, 0x00000000eab00000)
  object space 87552K, 31% used [0x00000000c0000000,0x00000000c1b40ca0,0x00000000c5580000)
 Metaspace       used 6446K, capacity 7192K, committed 7424K, reserved 1056768K
  class space    used 621K, capacity 656K, committed 768K, reserved 1048576K

Card table byte_map: [0x00000000012c0000,0x00000000014d0000] byte_map_base: 0x0000000000cc0000

Marking Bits: (ParMarkBitMap*) 0x000000006ddaa5b0
 Begin Bits: [0x0000000012400000, 0x0000000013400000)
 End Bits:   [0x0000000013400000, 0x0000000014400000)

Polling page: 0x0000000000d90000

CodeCache: size=245760Kb used=7864Kb max_used=7864Kb free=237895Kb
 bounds [0x0000000003400000, 0x0000000003bc0000, 0x0000000012400000]
 total_blobs=2154 nmethods=1884 adapters=182
 compilation: enabled

Compilation events (10 events):
Event: 4.020 Thread 0x0000000001e26800 1942   !   3       com.android.dx.cf.cst.ConstantPoolParser::determineOffsets (285 bytes)
Event: 4.022 Thread 0x0000000001e26800 nmethod 1942 0x0000000003bacad0 code [0x0000000003bace60, 0x0000000003bae958]
Event: 4.022 Thread 0x0000000001e26800 1943 %     3       com.android.dx.cf.cst.ConstantPoolParser::parse @ 96 (365 bytes)
Event: 4.026 Thread 0x0000000001e26800 nmethod 1943% 0x0000000003bafd10 code [0x0000000003bb02a0, 0x0000000003bb3908]
Event: 4.085 Thread 0x0000000001e26800 1944       2       java.util.zip.ZipFile$ZipFileInputStream::finalize (5 bytes)
Event: 4.085 Thread 0x0000000001e26800 nmethod 1944 0x0000000003baaa10 code [0x0000000003baab80, 0x0000000003baace8]
Event: 4.085 Thread 0x0000000001e26800 1945       2       java.util.zip.ZipFile$ZipFileInflaterInputStream::finalize (5 bytes)
Event: 4.085 Thread 0x0000000001e26800 nmethod 1945 0x0000000003baa690 code [0x0000000003baa800, 0x0000000003baa968]
Event: 4.096 Thread 0x0000000001e26800 1946       2       com.android.dx.dex.code.OddSpacer::<init> (9 bytes)
Event: 4.097 Thread 0x0000000001e26800 nmethod 1946 0x0000000003baa2d0 code [0x0000000003baa440, 0x0000000003baa5c8]

GC Heap History (10 events):
Event: 1.217 GC heap before
{Heap before GC invocations=2 (full 0):
 PSYoungGen      total 38400K, used 37902K [0x00000000eab00000, 0x00000000ef600000, 0x0000000100000000)
  eden space 33280K, 100% used [0x00000000eab00000,0x00000000ecb80000,0x00000000ecb80000)
  from space 5120K, 90% used [0x00000000ecb80000,0x00000000ed003a38,0x00000000ed080000)
  to   space 5120K, 0% used [0x00000000ef100000,0x00000000ef100000,0x00000000ef600000)
 ParOldGen       total 87552K, used 8K [0x00000000c0000000, 0x00000000c5580000, 0x00000000eab00000)
  object space 87552K, 0% used [0x00000000c0000000,0x00000000c0002000,0x00000000c5580000)
 Metaspace       used 6084K, capacity 6964K, committed 7040K, reserved 1056768K
  class space    used 599K, capacity 620K, committed 640K, reserved 1048576K
Event: 1.236 GC heap after
Heap after GC invocations=2 (full 0):
 PSYoungGen      total 71680K, used 5110K [0x00000000eab00000, 0x00000000ef600000, 0x0000000100000000)
  eden space 66560K, 0% used [0x00000000eab00000,0x00000000eab00000,0x00000000eec00000)
  from space 5120K, 99% used [0x00000000ef100000,0x00000000ef5fd8b0,0x00000000ef600000)
  to   space 5120K, 0% used [0x00000000eec00000,0x00000000eec00000,0x00000000ef100000)
 ParOldGen       total 87552K, used 1639K [0x00000000c0000000, 0x00000000c5580000, 0x00000000eab00000)
  object space 87552K, 1% used [0x00000000c0000000,0x00000000c0199fd8,0x00000000c5580000)
 Metaspace       used 6084K, capacity 6964K, committed 7040K, reserved 1056768K
  class space    used 599K, capacity 620K, committed 640K, reserved 1048576K
}
Event: 1.914 GC heap before
{Heap before GC invocations=3 (full 0):
 PSYoungGen      total 71680K, used 71670K [0x00000000eab00000, 0x00000000ef600000, 0x0000000100000000)
  eden space 66560K, 100% used [0x00000000eab00000,0x00000000eec00000,0x00000000eec00000)
  from space 5120K, 99% used [0x00000000ef100000,0x00000000ef5fd8b0,0x00000000ef600000)
  to   space 5120K, 0% used [0x00000000eec00000,0x00000000eec00000,0x00000000ef100000)
 ParOldGen       total 87552K, used 1639K [0x00000000c0000000, 0x00000000c5580000, 0x00000000eab00000)
  object space 87552K, 1% used [0x00000000c0000000,0x00000000c0199fd8,0x00000000c5580000)
 Metaspace       used 6246K, capacity 7092K, committed 7296K, reserved 1056768K
  class space    used 601K, capacity 620K, committed 640K, reserved 1048576K
Event: 1.948 GC heap after
Heap after GC invocations=3 (full 0):
 PSYoungGen      total 71680K, used 5103K [0x00000000eab00000, 0x00000000ef600000, 0x0000000100000000)
  eden space 66560K, 0% used [0x00000000eab00000,0x00000000eab00000,0x00000000eec00000)
  from space 5120K, 99% used [0x00000000eec00000,0x00000000ef0fbf58,0x00000000ef100000)
  to   space 5120K, 0% used [0x00000000ef100000,0x00000000ef100000,0x00000000ef600000)
 ParOldGen       total 87552K, used 10488K [0x00000000c0000000, 0x00000000c5580000, 0x00000000eab00000)
  object space 87552K, 11% used [0x00000000c0000000,0x00000000c0a3e0f0,0x00000000c5580000)
 Metaspace       used 6246K, capacity 7092K, committed 7296K, reserved 1056768K
  class space    used 601K, capacity 620K, committed 640K, reserved 1048576K
}
Event: 2.564 GC heap before
{Heap before GC invocations=4 (full 0):
 PSYoungGen      total 71680K, used 71663K [0x00000000eab00000, 0x00000000ef600000, 0x0000000100000000)
  eden space 66560K, 100% used [0x00000000eab00000,0x00000000eec00000,0x00000000eec00000)
  from space 5120K, 99% used [0x00000000eec00000,0x00000000ef0fbf58,0x00000000ef100000)
  to   space 5120K, 0% used [0x00000000ef100000,0x00000000ef100000,0x00000000ef600000)
 ParOldGen       total 87552K, used 10488K [0x00000000c0000000, 0x00000000c5580000, 0x00000000eab00000)
  object space 87552K, 11% used [0x00000000c0000000,0x00000000c0a3e0f0,0x00000000c5580000)
 Metaspace       used 6268K, capacity 7156K, committed 7296K, reserved 1056768K
  class space    used 601K, capacity 620K, committed 640K, reserved 1048576K
Event: 2.588 GC heap after
Heap after GC invocations=4 (full 0):
 PSYoungGen      total 71680K, used 5118K [0x00000000eab00000, 0x00000000ef600000, 0x0000000100000000)
  eden space 66560K, 0% used [0x00000000eab00000,0x00000000eab00000,0x00000000eec00000)
  from space 5120K, 99% used [0x00000000ef100000,0x00000000ef5ffbf0,0x00000000ef600000)
  to   space 5120K, 0% used [0x00000000eec00000,0x00000000eec00000,0x00000000ef100000)
 ParOldGen       total 87552K, used 18817K [0x00000000c0000000, 0x00000000c5580000, 0x00000000eab00000)
  object space 87552K, 21% used [0x00000000c0000000,0x00000000c1260780,0x00000000c5580000)
 Metaspace       used 6268K, capacity 7156K, committed 7296K, reserved 1056768K
  class space    used 601K, capacity 620K, committed 640K, reserved 1048576K
}
Event: 3.299 GC heap before
{Heap before GC invocations=5 (full 0):
 PSYoungGen      total 71680K, used 71678K [0x00000000eab00000, 0x00000000ef600000, 0x0000000100000000)
  eden space 66560K, 100% used [0x00000000eab00000,0x00000000eec00000,0x00000000eec00000)
  from space 5120K, 99% used [0x00000000ef100000,0x00000000ef5ffbf0,0x00000000ef600000)
  to   space 5120K, 0% used [0x00000000eec00000,0x00000000eec00000,0x00000000ef100000)
 ParOldGen       total 87552K, used 18817K [0x00000000c0000000, 0x00000000c5580000, 0x00000000eab00000)
  object space 87552K, 21% used [0x00000000c0000000,0x00000000c1260780,0x00000000c5580000)
 Metaspace       used 6413K, capacity 7192K, committed 7424K, reserved 1056768K
  class space    used 621K, capacity 656K, committed 768K, reserved 1048576K
Event: 3.463 GC heap after
Heap after GC invocations=5 (full 0):
 PSYoungGen      total 71680K, used 5102K [0x00000000eab00000, 0x00000000f5200000, 0x0000000100000000)
  eden space 66560K, 0% used [0x00000000eab00000,0x00000000eab00000,0x00000000eec00000)
  from space 5120K, 99% used [0x00000000eec00000,0x00000000ef0fba08,0x00000000ef100000)
  to   space 18944K, 0% used [0x00000000f3f80000,0x00000000f3f80000,0x00000000f5200000)
 ParOldGen       total 87552K, used 27907K [0x00000000c0000000, 0x00000000c5580000, 0x00000000eab00000)
  object space 87552K, 31% used [0x00000000c0000000,0x00000000c1b40ca0,0x00000000c5580000)
 Metaspace       used 6413K, capacity 7192K, committed 7424K, reserved 1056768K
  class space    used 621K, capacity 656K, committed 768K, reserved 1048576K
}
Event: 4.032 GC heap before
{Heap before GC invocations=6 (full 0):
 PSYoungGen      total 71680K, used 71662K [0x00000000eab00000, 0x00000000f5200000, 0x0000000100000000)
  eden space 66560K, 100% used [0x00000000eab00000,0x00000000eec00000,0x00000000eec00000)
  from space 5120K, 99% used [0x00000000eec00000,0x00000000ef0fba08,0x00000000ef100000)
  to   space 18944K, 0% used [0x00000000f3f80000,0x00000000f3f80000,0x00000000f5200000)
 ParOldGen       total 87552K, used 27907K [0x00000000c0000000, 0x00000000c5580000, 0x00000000eab00000)
  object space 87552K, 31% used [0x00000000c0000000,0x00000000c1b40ca0,0x00000000c5580000)
 Metaspace       used 6445K, capacity 7192K, committed 7424K, reserved 1056768K
  class space    used 621K, capacity 656K, committed 768K, reserved 1048576K
Event: 4.084 GC heap after
Heap after GC invocations=6 (full 0):
 PSYoungGen      total 150016K, used 16008K [0x00000000eab00000, 0x00000000f5600000, 0x0000000100000000)
  eden space 131072K, 0% used [0x00000000eab00000,0x00000000eab00000,0x00000000f2b00000)
  from space 18944K, 84% used [0x00000000f3f80000,0x00000000f4f221a8,0x00000000f5200000)
  to   space 20992K, 0% used [0x00000000f2b00000,0x00000000f2b00000,0x00000000f3f80000)
 ParOldGen       total 87552K, used 27907K [0x00000000c0000000, 0x00000000c5580000, 0x00000000eab00000)
  object space 87552K, 31% used [0x00000000c0000000,0x00000000c1b40ca0,0x00000000c5580000)
 Metaspace       used 6445K, capacity 7192K, committed 7424K, reserved 1056768K
  class space    used 621K, capacity 656K, committed 768K, reserved 1048576K
}

Deoptimization events (10 events):
Event: 2.623 Thread 0x0000000000e01000 Uncommon trap: reason=bimorphic action=maybe_recompile pc=0x0000000003ab61ec method=com.android.dx.cf.code.BytecodeArray.parseInstruction(ILcom/android/dx/cf/code/BytecodeArray$Visitor;)I @ 939
Event: 2.624 Thread 0x0000000000e01000 Uncommon trap: reason=unstable_if action=reinterpret pc=0x000000000374b118 method=java.util.HashMap.putVal(ILjava/lang/Object;Ljava/lang/Object;ZZ)Ljava/lang/Object; @ 162
Event: 2.640 Thread 0x0000000000e01000 Uncommon trap: reason=unstable_if action=reinterpret pc=0x00000000036cf704 method=java.util.HashMap.getNode(ILjava/lang/Object;)Ljava/util/HashMap$Node; @ 84
Event: 2.647 Thread 0x000000001660d800 Uncommon trap: reason=unstable_if action=reinterpret pc=0x0000000003742718 method=java.util.HashMap.getNode(ILjava/lang/Object;)Ljava/util/HashMap$Node; @ 84
Event: 2.741 Thread 0x00000000166c3000 Uncommon trap: reason=unstable_if action=reinterpret pc=0x0000000003a62928 method=com.android.dx.ssa.SCCP.simulateStmt(Lcom/android/dx/ssa/SsaInsn;)V @ 59
Event: 3.487 Thread 0x000000001660d800 Uncommon trap: reason=bimorphic action=maybe_recompile pc=0x0000000003b47cdc method=com.android.dx.cf.code.BytecodeArray.parseInstruction(ILcom/android/dx/cf/code/BytecodeArray$Visitor;)I @ 971
Event: 3.487 Thread 0x000000001660d800 Uncommon trap: reason=bimorphic action=maybe_recompile pc=0x0000000003b47b40 method=com.android.dx.cf.code.BytecodeArray.parseInstruction(ILcom/android/dx/cf/code/BytecodeArray$Visitor;)I @ 907
Event: 3.487 Thread 0x000000001660d800 Uncommon trap: reason=bimorphic action=maybe_recompile pc=0x0000000003b4814c method=com.android.dx.cf.code.BytecodeArray.parseInstruction(ILcom/android/dx/cf/code/BytecodeArray$Visitor;)I @ 1161
Event: 3.487 Thread 0x000000001660d800 Uncommon trap: reason=bimorphic action=maybe_recompile pc=0x0000000003b47bcc method=com.android.dx.cf.code.BytecodeArray.parseInstruction(ILcom/android/dx/cf/code/BytecodeArray$Visitor;)I @ 923
Event: 3.487 Thread 0x000000001660d800 Uncommon trap: reason=bimorphic action=maybe_recompile pc=0x0000000003b4814c method=com.android.dx.cf.code.BytecodeArray.parseInstruction(ILcom/android/dx/cf/code/BytecodeArray$Visitor;)I @ 1161

Internal exceptions (8 events):
Event: 0.042 Thread 0x0000000000e01000 Exception <a 'java/lang/NoSuchMethodError': Method sun.misc.Unsafe.defineClass(Ljava/lang/String;[BII)Ljava/lang/Class; name or signature does not match> (0x00000000eab12e88) thrown at [C:\re\workspace\8-2-build-windows-amd64-cygwin\jdk8u66\4988\hotspot\srAiÒHG¥?
Event: 0.042 Thread 0x0000000000e01000 Exception <a 'java/lang/NoSuchMethodError': Method sun.misc.Unsafe.prefetchRead(Ljava/lang/Object;J)V name or signature does not match> (0x00000000eab13170) thrown at [C:\re\workspace\8-2-build-windows-amd64-cygwin\jdk8u66\4988\hotspot\src\share\vm\prims\j9RzdN±ê?
Event: 0.834 Thread 0x00000000166c3000 Implicit null exception at 0x000000000373e8e2 to 0x000000000373e9d2
Event: 0.971 Thread 0x00000000166be800 Implicit null exception at 0x00000000036e744c to 0x00000000036e9491
Event: 1.136 Thread 0x00000000166be800 Implicit null exception at 0x00000000036dc86d to 0x00000000036de1f5
Event: 2.632 Thread 0x0000000000e01000 Exception <a 'java/lang/ArrayIndexOutOfBoundsException': 18> (0x00000000eafe6180) thrown at [C:\re\workspace\8-2-build-windows-amd64-cygwin\jdk8u66\4988\hotspot\src\share\vm\interpreter\interpreterRuntime.cpp, line 366]
Event: 2.633 Thread 0x0000000000e01000 Exception <a 'java/lang/ArrayIndexOutOfBoundsException': 145> (0x00000000eafe7d00) thrown at [C:\re\workspace\8-2-build-windows-amd64-cygwin\jdk8u66\4988\hotspot\src\share\vm\interpreter\interpreterRuntime.cpp, line 366]
Event: 2.638 Thread 0x0000000000e01000 Exception <a 'java/lang/ArrayIndexOutOfBoundsException'> (0x00000000eafe8fe8) thrown at [C:\re\workspace\8-2-build-windows-amd64-cygwin\jdk8u66\4988\hotspot\src\share\vm\runtime\sharedRuntime.cpp, line 605]

Events (10 events):
Event: 3.487 Thread 0x000000001660d800 DEOPT UNPACKING pc=0x000000000344582a sp=0x00000000172be408 mode 2
Event: 3.487 Thread 0x000000001660d800 Uncommon trap: trap_request=0xffffffc6 fr.pc=0x0000000003b4814c
Event: 3.487 Thread 0x000000001660d800 DEOPT PACKING pc=0x0000000003b4814c sp=0x00000000172be440
Event: 3.487 Thread 0x000000001660d800 DEOPT UNPACKING pc=0x000000000344582a sp=0x00000000172be408 mode 2
Event: 3.519 Thread 0x000000001660d800 DEOPT PACKING pc=0x000000000394e36a sp=0x00000000172be870
Event: 3.519 Thread 0x000000001660d800 DEOPT UNPACKING pc=0x000000000344787f sp=0x00000000172be600 mode 0
Event: 4.020 Thread 0x0000000000e01000 DEOPT PACKING pc=0x0000000003ae0e21 sp=0x0000000000d8e970
Event: 4.020 Thread 0x0000000000e01000 DEOPT UNPACKING pc=0x000000000344787f sp=0x0000000000d8e730 mode 0
Event: 4.030 Executing VM operation: ParallelGCFailedAllocation
Event: 4.084 Executing VM operation: ParallelGCFailedAllocation done


Dynamic libraries:
0x00007ff719a70000 - 0x00007ff719aa7000 	C:\Program Files\Java\jdk1.8.0_66\bin\java.exe
0x00007ff89e510000 - 0x00007ff89e6d1000 	C:\Windows\SYSTEM32\ntdll.dll
0x00007ff89da60000 - 0x00007ff89db0d000 	C:\Windows\system32\KERNEL32.DLL
0x00007ff89ac70000 - 0x00007ff89ae58000 	C:\Windows\system32\KERNELBASE.dll
0x00007ff89bfd0000 - 0x00007ff89c077000 	C:\Windows\system32\ADVAPI32.dll
0x00007ff89df80000 - 0x00007ff89e01d000 	C:\Windows\system32\msvcrt.dll
0x00007ff89da00000 - 0x00007ff89da5b000 	C:\Windows\system32\sechost.dll
0x00007ff89e290000 - 0x00007ff89e3ac000 	C:\Windows\system32\RPCRT4.dll
0x00007ff89ba20000 - 0x00007ff89bb76000 	C:\Windows\system32\USER32.dll
0x00007ff89db10000 - 0x00007ff89dc96000 	C:\Windows\system32\GDI32.dll
0x00007ff88e4b0000 - 0x00007ff88e724000 	C:\Windows\WinSxS\amd64_microsoft.windows.common-controls_6595b64144ccf1df_6.0.10586.0_none_8c15ae12515e1c22\COMCTL32.dll
0x00007ff89dca0000 - 0x00007ff89df1d000 	C:\Windows\system32\combase.dll
0x00007ff89b680000 - 0x00007ff89b6ea000 	C:\Windows\system32\bcryptPrimitives.dll
0x00007ff89b9e0000 - 0x00007ff89ba1b000 	C:\Windows\system32\IMM32.DLL
0x000000006d120000 - 0x000000006d1f2000 	C:\Program Files\Java\jdk1.8.0_66\jre\bin\msvcr100.dll
0x000000006d5a0000 - 0x000000006de29000 	C:\Program Files\Java\jdk1.8.0_66\jre\bin\server\jvm.dll
0x00007ff89d840000 - 0x00007ff89d848000 	C:\Windows\system32\PSAPI.DLL
0x00007ff898d50000 - 0x00007ff898d73000 	C:\Windows\SYSTEM32\WINMM.dll
0x00007ff8913f0000 - 0x00007ff8913fa000 	C:\Windows\SYSTEM32\VERSION.dll
0x00007ff8904e0000 - 0x00007ff8904e9000 	C:\Windows\SYSTEM32\WSOCK32.dll
0x0000000000c40000 - 0x0000000000c6c000 	C:\Windows\SYSTEM32\WINMMBASE.dll
0x00007ff89e150000 - 0x00007ff89e1bb000 	C:\Windows\system32\WS2_32.dll
0x00007ff89ac20000 - 0x00007ff89ac63000 	C:\Windows\system32\cfgmgr32.dll
0x000000006d590000 - 0x000000006d59f000 	C:\Program Files\Java\jdk1.8.0_66\jre\bin\verify.dll
0x000000006d560000 - 0x000000006d589000 	C:\Program Files\Java\jdk1.8.0_66\jre\bin\java.dll
0x000000006d540000 - 0x000000006d556000 	C:\Program Files\Java\jdk1.8.0_66\jre\bin\zip.dll
0x00007ff89c080000 - 0x00007ff89d5dc000 	C:\Windows\system32\SHELL32.dll
0x00007ff89ae60000 - 0x00007ff89b4a5000 	C:\Windows\system32\windows.storage.dll
0x00007ff89d850000 - 0x00007ff89d8a2000 	C:\Windows\system32\shlwapi.dll
0x00007ff89ab40000 - 0x00007ff89ab4f000 	C:\Windows\system32\kernel.appcore.dll
0x00007ff89b710000 - 0x00007ff89b7c5000 	C:\Windows\system32\shcore.dll
0x00007ff89ab70000 - 0x00007ff89abbb000 	C:\Windows\system32\powrprof.dll
0x00007ff89ab50000 - 0x00007ff89ab64000 	C:\Windows\system32\profapi.dll

VM Arguments:
jvm_args: -Djava.awt.headless=true -Xmx1024M -Dfile.encoding=windows-1258 -Duser.country=US -Duser.language=en -Duser.variant 
java_command: com.android.dx.command.Main --dex --num-threads=4 --output D:\Dazone\crewemail\CrewEmail\app\build\intermediates\pre-dexed\debug\itextpdf-5.5.8_6e8ee3687bea30115d337d71a9a9a1021937a806.jar C:\Users\THANHTUNG\.gradle\caches\modules-2\files-2.1\com.itextpdf\itextpdf\5.5.8\329e8b0c76b3265cea48e746ac794eaee6828b7b\itextpdf-5.5.8.jar
java_class_path (initial): E:\android-sdk_r24.4.1-windows\android-sdk-windows\build-tools\23.0.2\lib\dx.jar
Launcher Type: SUN_STANDARD

Environment Variables:
JAVA_HOME=C:\Program Files\Java\jdk1.8.0_66
PATH=C:\ProgramData\Oracle\Java\javapath;C:\Windows\system32;C:\Windows;C:\Windows\System32\Wbem;C:\Windows\System32\WindowsPowerShell\v1.0\;C:\Program Files (x86)\Intel\OpenCL SDK\2.0\bin\x86;C:\Program Files (x86)\Intel\OpenCL SDK\2.0\bin\x64;C:\Program Files\Java\jdk1.8.0_66\bin;C:\Program Files (x86)\Skype\Phone\;E:\android-sdk_r24.4.1-windows\android-sdk-windows\tools;E:\android-sdk_r24.4.1-windows\android-sdk-windows\platform-tools;C:\Program Files\Bandizip\7z
USERNAME=THANHTUNG
OS=Windows_NT
PROCESSOR_IDENTIFIER=Intel64 Family 6 Model 42 Stepping 7, GenuineIntel



---------------  S Y S T E M  ---------------

OS: Windows 10.0 , 64 bit Build 10586 (10.0.10586.0)

CPU:total 4 (2 cores per cpu, 2 threads per core) family 6 model 42 stepping 7, cmov, cx8, fxsr, mmx, sse, sse2, sse3, ssse3, sse4.1, sse4.2, popcnt, avx, aes, clmul, ht, tsc, tscinvbit

Memory: 4k page, physical 8269036k(288368k free), swap 9317612k(6528k free)

vm_info: Java HotSpot(TM) 64-Bit Server VM (25.66-b17) for windows-amd64 JRE (1.8.0_66-b17), built on Oct  6 2015 18:55:33 by "java_re" with MS VC++ 10.0 (VS2010)

time: Thu Feb 25 15:10:39 2016
elapsed time: 4 seconds (0d 0h 0m 4s)

