#
# There is insufficient memory for the Java Runtime Environment to continue.
# Native memory allocation (malloc) failed to allocate 32744 bytes for ChunkPool::allocate
# Possible reasons:
#   The system is out of physical RAM or swap space
#   In 32 bit mode, the process size limit was hit
# Possible solutions:
#   Reduce memory load on the system
#   Increase physical memory or swap space
#   Check if swap backing store is full
#   Use 64 bit Java on a 64 bit OS
#   Decrease Java heap size (-Xmx/-Xms)
#   Decrease number of Java threads
#   Decrease Java thread stack sizes (-Xss)
#   Set larger code cache with -XX:ReservedCodeCacheSize=
# This output file may be truncated or incomplete.
#
#  Out of Memory Error (allocation.cpp:273), pid=164, tid=3272
#
# JRE version: Java(TM) SE Runtime Environment (8.0_66-b17) (build 1.8.0_66-b17)
# Java VM: Java HotSpot(TM) 64-Bit Server VM (25.66-b17 mixed mode windows-amd64 compressed oops)
# Failed to write core dump. Minidumps are not enabled by default on client versions of Windows
#

---------------  T H R E A D  ---------------

Current thread (0x0000000001dfd800):  JavaThread "C2 CompilerThread1" daemon [_thread_in_native, id=3272, stack(0x00000000161f0000,0x00000000162f0000)]

Stack: [0x00000000161f0000,0x00000000162f0000]
[error occurred during error reporting (printing stack bounds), id 0xc0000005]

Native frames: (J=compiled Java code, j=interpreted, Vv=VM code, C=native code)


Current CompileTask:
C2:   1858 1395   !   4       com.android.dx.cf.code.BytecodeArray::parseInstruction (2764 bytes)


---------------  P R O C E S S  ---------------

Java Threads: ( => current thread )
  0x000000001646b000 JavaThread "Service Thread" daemon [_thread_blocked, id=10128, stack(0x00000000167f0000,0x00000000168f0000)]
  0x0000000001e01800 JavaThread "C1 CompilerThread2" daemon [_thread_in_vm, id=4476, stack(0x00000000162f0000,0x00000000163f0000)]
=>0x0000000001dfd800 JavaThread "C2 CompilerThread1" daemon [_thread_in_native, id=3272, stack(0x00000000161f0000,0x00000000162f0000)]
  0x0000000001dfa000 JavaThread "C2 CompilerThread0" daemon [_thread_in_native, id=6492, stack(0x00000000160f0000,0x00000000161f0000)]
  0x0000000001df8800 JavaThread "Attach Listener" daemon [_thread_blocked, id=10936, stack(0x0000000015ff0000,0x00000000160f0000)]
  0x0000000001df7800 JavaThread "Signal Dispatcher" daemon [_thread_blocked, id=9252, stack(0x0000000015ef0000,0x0000000015ff0000)]
  0x0000000000ed6000 JavaThread "Finalizer" daemon [_thread_blocked, id=6628, stack(0x0000000015d10000,0x0000000015e10000)]
  0x0000000000ecd000 JavaThread "Reference Handler" daemon [_thread_blocked, id=7916, stack(0x0000000015c10000,0x0000000015d10000)]
  0x0000000000de1000 JavaThread "main" [_thread_in_Java, id=10940, stack(0x0000000000cb0000,0x0000000000db0000)]

Other Threads:
  0x0000000001d78000 VMThread [stack: 0x0000000015b10000,0x0000000015c10000] [id=10368]
  0x00000000164a6800 WatcherThread [stack: 0x00000000168f0000,0x00000000169f0000] [id=11088]

VM state:not at safepoint (normal execution)

VM Mutex/Monitor currently owned by a thread: None

Heap:
 PSYoungGen      total 71680K, used 24518K [0x00000000eab00000, 0x00000000ef600000, 0x0000000100000000)
  eden space 66560K, 29% used [0x00000000eab00000,0x00000000ebdf7b20,0x00000000eec00000)
  from space 5120K, 99% used [0x00000000ef100000,0x00000000ef5f9d88,0x00000000ef600000)
  to   space 5120K, 0% used [0x00000000eec00000,0x00000000eec00000,0x00000000ef100000)
 ParOldGen       total 87552K, used 6178K [0x00000000c0000000, 0x00000000c5580000, 0x00000000eab00000)
  object space 87552K, 7% used [0x00000000c0000000,0x00000000c0608950,0x00000000c5580000)
 Metaspace       used 6510K, capacity 7320K, committed 7680K, reserved 1056768K
  class space    used 622K, capacity 656K, committed 768K, reserved 1048576K

Card table byte_map: [0x00000000012a0000,0x00000000014b0000] byte_map_base: 0x0000000000ca0000

Marking Bits: (ParMarkBitMap*) 0x000000006ddaa5b0
 Begin Bits: [0x0000000012400000, 0x0000000013400000)
 End Bits:   [0x0000000013400000, 0x0000000014400000)

Polling page: 0x0000000000920000

CodeCache: size=245760Kb used=6739Kb max_used=6739Kb free=239020Kb
 bounds [0x0000000003400000, 0x0000000003aa0000, 0x0000000012400000]
 total_blobs=2085 nmethods=1816 adapters=182
 compilation: enabled

Compilation events (10 events):
Event: 1.853 Thread 0x0000000001e01800 nmethod 1824 0x0000000003a941d0 code [0x0000000003a94360, 0x0000000003a94758]
Event: 1.853 Thread 0x0000000001e01800 1825       3       com.android.dx.rop.code.RegisterSpecList::access$400 (7 bytes)
Event: 1.854 Thread 0x0000000001e01800 nmethod 1825 0x0000000003a99490 code [0x0000000003a99660, 0x0000000003a99e48]
Event: 1.854 Thread 0x0000000001e01800 1826       3       com.android.dx.util.ByteArrayAnnotatedOutput::writeByte (51 bytes)
Event: 1.854 Thread 0x0000000001e01800 nmethod 1826 0x0000000003a98d50 code [0x0000000003a98ee0, 0x0000000003a99278]
Event: 1.854 Thread 0x0000000001e01800 1827       3       com.android.dx.dex.file.StringIdsSection::get (49 bytes)
Event: 1.855 Thread 0x0000000001e01800 nmethod 1827 0x0000000003a98010 code [0x0000000003a98200, 0x0000000003a98a58]
Event: 1.855 Thread 0x0000000001e01800 1828       1       com.android.dx.dex.code.Dop::getNextOpcode (5 bytes)
Event: 1.855 Thread 0x0000000001e01800 nmethod 1828 0x0000000003a92590 code [0x0000000003a926e0, 0x0000000003a927f0]
Event: 1.855 Thread 0x0000000001dfa000 1829       4       com.android.dx.rop.code.RegisterSpecSet::withOffset (77 bytes)

GC Heap History (4 events):
Event: 1.086 GC heap before
{Heap before GC invocations=1 (full 0):
 PSYoungGen      total 38400K, used 33280K [0x00000000eab00000, 0x00000000ed580000, 0x0000000100000000)
  eden space 33280K, 100% used [0x00000000eab00000,0x00000000ecb80000,0x00000000ecb80000)
  from space 5120K, 0% used [0x00000000ed080000,0x00000000ed080000,0x00000000ed580000)
  to   space 5120K, 0% used [0x00000000ecb80000,0x00000000ecb80000,0x00000000ed080000)
 ParOldGen       total 87552K, used 0K [0x00000000c0000000, 0x00000000c5580000, 0x00000000eab00000)
  object space 87552K, 0% used [0x00000000c0000000,0x00000000c0000000,0x00000000c5580000)
 Metaspace       used 6067K, capacity 6964K, committed 7040K, reserved 1056768K
  class space    used 602K, capacity 620K, committed 640K, reserved 1048576K
Event: 1.104 GC heap after
Heap after GC invocations=1 (full 0):
 PSYoungGen      total 38400K, used 5107K [0x00000000eab00000, 0x00000000ef600000, 0x0000000100000000)
  eden space 33280K, 0% used [0x00000000eab00000,0x00000000eab00000,0x00000000ecb80000)
  from space 5120K, 99% used [0x00000000ecb80000,0x00000000ed07cd48,0x00000000ed080000)
  to   space 5120K, 0% used [0x00000000ef100000,0x00000000ef100000,0x00000000ef600000)
 ParOldGen       total 87552K, used 1685K [0x00000000c0000000, 0x00000000c5580000, 0x00000000eab00000)
  object space 87552K, 1% used [0x00000000c0000000,0x00000000c01a5500,0x00000000c5580000)
 Metaspace       used 6067K, capacity 6964K, committed 7040K, reserved 1056768K
  class space    used 602K, capacity 620K, committed 640K, reserved 1048576K
}
Event: 1.391 GC heap before
{Heap before GC invocations=2 (full 0):
 PSYoungGen      total 38400K, used 38387K [0x00000000eab00000, 0x00000000ef600000, 0x0000000100000000)
  eden space 33280K, 100% used [0x00000000eab00000,0x00000000ecb80000,0x00000000ecb80000)
  from space 5120K, 99% used [0x00000000ecb80000,0x00000000ed07cd48,0x00000000ed080000)
  to   space 5120K, 0% used [0x00000000ef100000,0x00000000ef100000,0x00000000ef600000)
 ParOldGen       total 87552K, used 1685K [0x00000000c0000000, 0x00000000c5580000, 0x00000000eab00000)
  object space 87552K, 1% used [0x00000000c0000000,0x00000000c01a5500,0x00000000c5580000)
 Metaspace       used 6213K, capacity 7094K, committed 7296K, reserved 1056768K
  class space    used 604K, capacity 622K, committed 640K, reserved 1048576K
Event: 1.414 GC heap after
Heap after GC invocations=2 (full 0):
 PSYoungGen      total 71680K, used 5095K [0x00000000eab00000, 0x00000000ef600000, 0x0000000100000000)
  eden space 66560K, 0% used [0x00000000eab00000,0x00000000eab00000,0x00000000eec00000)
  from space 5120K, 99% used [0x00000000ef100000,0x00000000ef5f9d88,0x00000000ef600000)
  to   space 5120K, 0% used [0x00000000eec00000,0x00000000eec00000,0x00000000ef100000)
 ParOldGen       total 87552K, used 6178K [0x00000000c0000000, 0x00000000c5580000, 0x00000000eab00000)
  object space 87552K, 7% used [0x00000000c0000000,0x00000000c0608950,0x00000000c5580000)
 Metaspace       used 6213K, capacity 7094K, committed 7296K, reserved 1056768K
  class space    used 604K, capacity 622K, committed 640K, reserved 1048576K
}

Deoptimization events (10 events):
Event: 1.747 Thread 0x0000000000de1000 Uncommon trap: reason=speculate_class_check action=maybe_recompile pc=0x000000000383438c method=com.android.dx.util.FixedSizeList.equals(Ljava/lang/Object;)Z @ 25
Event: 1.747 Thread 0x0000000000de1000 Uncommon trap: reason=class_check action=maybe_recompile pc=0x00000000037be550 method=java.util.Arrays.equals([Ljava/lang/Object;[Ljava/lang/Object;)Z @ 62
Event: 1.748 Thread 0x0000000000de1000 Uncommon trap: reason=speculate_class_check action=maybe_recompile pc=0x000000000383438c method=com.android.dx.util.FixedSizeList.equals(Ljava/lang/Object;)Z @ 25
Event: 1.748 Thread 0x0000000000de1000 Uncommon trap: reason=class_check action=maybe_recompile pc=0x00000000037be550 method=java.util.Arrays.equals([Ljava/lang/Object;[Ljava/lang/Object;)Z @ 62
Event: 1.748 Thread 0x0000000000de1000 Uncommon trap: reason=speculate_class_check action=maybe_recompile pc=0x000000000383438c method=com.android.dx.util.FixedSizeList.equals(Ljava/lang/Object;)Z @ 25
Event: 1.748 Thread 0x0000000000de1000 Uncommon trap: reason=class_check action=maybe_recompile pc=0x00000000037be550 method=java.util.Arrays.equals([Ljava/lang/Object;[Ljava/lang/Object;)Z @ 62
Event: 1.748 Thread 0x0000000000de1000 Uncommon trap: reason=speculate_class_check action=maybe_recompile pc=0x000000000383438c method=com.android.dx.util.FixedSizeList.equals(Ljava/lang/Object;)Z @ 25
Event: 1.748 Thread 0x0000000000de1000 Uncommon trap: reason=unstable_if action=reinterpret pc=0x00000000037be528 method=java.util.Arrays.equals([Ljava/lang/Object;[Ljava/lang/Object;)Z @ 23
Event: 1.828 Thread 0x0000000000de1000 Uncommon trap: reason=unstable_if action=reinterpret pc=0x0000000003a4e100 method=com.android.dx.dex.code.OutputFinisher.findOpcodeForInsn(Lcom/android/dx/dex/code/DalvInsn;Lcom/android/dx/dex/code/Dop;)Lcom/android/dx/dex/code/Dop; @ 1
Event: 1.841 Thread 0x0000000000de1000 Uncommon trap: reason=unstable_if action=reinterpret pc=0x0000000003a732fc method=com.android.dx.rop.code.RegisterSpec.matchesVariable(Lcom/android/dx/rop/code/RegisterSpec;)Z @ 59

Internal exceptions (4 events):
Event: 0.051 Thread 0x0000000000de1000 Exception <a 'java/lang/NoSuchMethodError': Method sun.misc.Unsafe.defineClass(Ljava/lang/String;[BII)Ljava/lang/Class; name or signature does not match> (0x00000000eab12d00) thrown at [C:\re\workspace\8-2-build-windows-amd64-cygwin\jdk8u66\4988\hotspot\srô˝ZLP™?
Event: 0.051 Thread 0x0000000000de1000 Exception <a 'java/lang/NoSuchMethodError': Method sun.misc.Unsafe.prefetchRead(Ljava/lang/Object;J)V name or signature does not match> (0x00000000eab12fe8) thrown at [C:\re\workspace\8-2-build-windows-amd64-cygwin\jdk8u66\4988\hotspot\src\share\vm\prims\j¬‚ù⁄7«Î?
Event: 0.868 Thread 0x000000001669d000 Implicit null exception at 0x00000000036ef822 to 0x00000000036ef912
Event: 1.146 Thread 0x0000000016685000 Implicit null exception at 0x00000000038312e1 to 0x0000000003831cad

Events (10 events):
Event: 1.749 loading class com/android/dx/util/ByteArrayAnnotatedOutput
Event: 1.749 loading class com/android/dx/util/ByteArrayAnnotatedOutput done
Event: 1.828 Thread 0x0000000000de1000 Uncommon trap: trap_request=0xffffff65 fr.pc=0x0000000003a4e100
Event: 1.828 Thread 0x0000000000de1000 DEOPT PACKING pc=0x0000000003a4e100 sp=0x0000000000dae9c0
Event: 1.828 Thread 0x0000000000de1000 DEOPT UNPACKING pc=0x000000000344582a sp=0x0000000000dae960 mode 2
Event: 1.828 loading class com/android/dx/rop/code/RegisterSpecList$Expander
Event: 1.828 loading class com/android/dx/rop/code/RegisterSpecList$Expander done
Event: 1.841 Thread 0x0000000000de1000 Uncommon trap: trap_request=0xffffff65 fr.pc=0x0000000003a732fc
Event: 1.841 Thread 0x0000000000de1000 DEOPT PACKING pc=0x0000000003a732fc sp=0x0000000000dae9a0
Event: 1.841 Thread 0x0000000000de1000 DEOPT UNPACKING pc=0x000000000344582a sp=0x0000000000dae948 mode 2


Dynamic libraries:
0x00007ff719a70000 - 0x00007ff719aa7000 	C:\Program Files\Java\jdk1.8.0_66\bin\java.exe
0x00007ff89e510000 - 0x00007ff89e6d1000 	C:\Windows\SYSTEM32\ntdll.dll
0x00007ff89da60000 - 0x00007ff89db0d000 	C:\Windows\system32\KERNEL32.DLL
0x00007ff89ac70000 - 0x00007ff89ae58000 	C:\Windows\system32\KERNELBASE.dll
0x00007ff89bfd0000 - 0x00007ff89c077000 	C:\Windows\system32\ADVAPI32.dll
0x00007ff89df80000 - 0x00007ff89e01d000 	C:\Windows\system32\msvcrt.dll
0x00007ff89da00000 - 0x00007ff89da5b000 	C:\Windows\system32\sechost.dll
0x00007ff89e290000 - 0x00007ff89e3ac000 	C:\Windows\system32\RPCRT4.dll
0x00007ff89ba20000 - 0x00007ff89bb76000 	C:\Windows\system32\USER32.dll
0x00007ff89db10000 - 0x00007ff89dc96000 	C:\Windows\system32\GDI32.dll
0x00007ff88e4b0000 - 0x00007ff88e724000 	C:\Windows\WinSxS\amd64_microsoft.windows.common-controls_6595b64144ccf1df_6.0.10586.0_none_8c15ae12515e1c22\COMCTL32.dll
0x00007ff89dca0000 - 0x00007ff89df1d000 	C:\Windows\system32\combase.dll
0x00007ff89b680000 - 0x00007ff89b6ea000 	C:\Windows\system32\bcryptPrimitives.dll
0x00007ff89b9e0000 - 0x00007ff89ba1b000 	C:\Windows\system32\IMM32.DLL
0x000000006d120000 - 0x000000006d1f2000 	C:\Program Files\Java\jdk1.8.0_66\jre\bin\msvcr100.dll
0x000000006d5a0000 - 0x000000006de29000 	C:\Program Files\Java\jdk1.8.0_66\jre\bin\server\jvm.dll
0x00007ff89d840000 - 0x00007ff89d848000 	C:\Windows\system32\PSAPI.DLL
0x00007ff8904e0000 - 0x00007ff8904e9000 	C:\Windows\SYSTEM32\WSOCK32.dll
0x00007ff89e150000 - 0x00007ff89e1bb000 	C:\Windows\system32\WS2_32.dll
0x00007ff898d50000 - 0x00007ff898d73000 	C:\Windows\SYSTEM32\WINMM.dll
0x00007ff8913f0000 - 0x00007ff8913fa000 	C:\Windows\SYSTEM32\VERSION.dll
0x00007ff898cb0000 - 0x00007ff898cdc000 	C:\Windows\SYSTEM32\WINMMBASE.dll
0x00007ff89ac20000 - 0x00007ff89ac63000 	C:\Windows\system32\cfgmgr32.dll
0x000000006d590000 - 0x000000006d59f000 	C:\Program Files\Java\jdk1.8.0_66\jre\bin\verify.dll
0x000000006d560000 - 0x000000006d589000 	C:\Program Files\Java\jdk1.8.0_66\jre\bin\java.dll
0x000000006d540000 - 0x000000006d556000 	C:\Program Files\Java\jdk1.8.0_66\jre\bin\zip.dll
0x00007ff89c080000 - 0x00007ff89d5dc000 	C:\Windows\system32\SHELL32.dll
0x00007ff89ae60000 - 0x00007ff89b4a5000 	C:\Windows\system32\windows.storage.dll
0x00007ff89d850000 - 0x00007ff89d8a2000 	C:\Windows\system32\shlwapi.dll
0x00007ff89ab40000 - 0x00007ff89ab4f000 	C:\Windows\system32\kernel.appcore.dll
0x00007ff89b710000 - 0x00007ff89b7c5000 	C:\Windows\system32\shcore.dll
0x00007ff89ab70000 - 0x00007ff89abbb000 	C:\Windows\system32\powrprof.dll
0x00007ff89ab50000 - 0x00007ff89ab64000 	C:\Windows\system32\profapi.dll

VM Arguments:
jvm_args: -Djava.awt.headless=true -Xmx1024M -Dfile.encoding=windows-1258 -Duser.country=US -Duser.language=en -Duser.variant 
java_command: com.android.dx.command.Main --dex --num-threads=4 --output D:\Dazone\crewemail\CrewEmail\app\build\intermediates\pre-dexed\debug\com.crashlytics.sdk.android-crashlytics-core-2.3.8_a1126c44fc8c7273b79ffdd92e3221cbbbd787e3.jar D:\Dazone\crewemail\CrewEmail\app\build\intermediates\exploded-aar\com.crashlytics.sdk.android\crashlytics-core\2.3.8\jars\classes.jar
java_class_path (initial): E:\android-sdk_r24.4.1-windows\android-sdk-windows\build-tools\23.0.2\lib\dx.jar
Launcher Type: SUN_STANDARD

Environment Variables:
JAVA_HOME=C:\Program Files\Java\jdk1.8.0_66
PATH=C:\ProgramData\Oracle\Java\javapath;C:\Windows\system32;C:\Windows;C:\Windows\System32\Wbem;C:\Windows\System32\WindowsPowerShell\v1.0\;C:\Program Files (x86)\Intel\OpenCL SDK\2.0\bin\x86;C:\Program Files (x86)\Intel\OpenCL SDK\2.0\bin\x64;C:\Program Files\Java\jdk1.8.0_66\bin;C:\Program Files (x86)\Skype\Phone\;E:\android-sdk_r24.4.1-windows\android-sdk-windows\tools;E:\android-sdk_r24.4.1-windows\android-sdk-windows\platform-tools;C:\Program Files\Bandizip\7z
USERNAME=THANHTUNG
OS=Windows_NT
PROCESSOR_IDENTIFIER=Intel64 Family 6 Model 42 Stepping 7, GenuineIntel



---------------  S Y S T E M  ---------------

OS: Windows 10.0 , 64 bit Build 10586 (10.0.10586.0)

CPU:total 4 (2 cores per cpu, 2 threads per core) family 6 model 42 stepping 7, cmov, cx8, fxsr, mmx, sse, sse2, sse3, ssse3, sse4.1, sse4.2, popcnt, avx, aes, clmul, ht, tsc, tscinvbit

Memory: 4k page, physical 8269036k(318588k free), swap 9317612k(2604k free)

vm_info: Java HotSpot(TM) 64-Bit Server VM (25.66-b17) for windows-amd64 JRE (1.8.0_66-b17), built on Oct  6 2015 18:55:33 by "java_re" with MS VC++ 10.0 (VS2010)

time: Thu Feb 25 15:06:33 2016
elapsed time: 1 seconds (0d 0h 0m 1s)

