#
# There is insufficient memory for the Java Runtime Environment to continue.
# Native memory allocation (malloc) failed to allocate 1055136 bytes for Chunk::new
# Possible reasons:
#   The system is out of physical RAM or swap space
#   In 32 bit mode, the process size limit was hit
# Possible solutions:
#   Reduce memory load on the system
#   Increase physical memory or swap space
#   Check if swap backing store is full
#   Use 64 bit Java on a 64 bit OS
#   Decrease Java heap size (-Xmx/-Xms)
#   Decrease number of Java threads
#   Decrease Java thread stack sizes (-Xss)
#   Set larger code cache with -XX:ReservedCodeCacheSize=
# This output file may be truncated or incomplete.
#
#  Out of Memory Error (allocation.cpp:390), pid=5784, tid=10600
#
# JRE version: Java(TM) SE Runtime Environment (8.0_66-b17) (build 1.8.0_66-b17)
# Java VM: Java HotSpot(TM) 64-Bit Server VM (25.66-b17 mixed mode windows-amd64 compressed oops)
# Failed to write core dump. Minidumps are not enabled by default on client versions of Windows
#

---------------  T H R E A D  ---------------

Current thread (0x0000000001e6e800):  JavaThread "C2 CompilerThread1" daemon [_thread_in_native, id=10600, stack(0x00000000161c0000,0x00000000162c0000)]

Stack: [0x00000000161c0000,0x00000000162c0000]
[error occurred during error reporting (printing stack bounds), id 0xc0000005]

Native frames: (J=compiled Java code, j=interpreted, Vv=VM code, C=native code)


Current CompileTask:
C2:   1463 1317       4       com.android.dx.ssa.SCCP::simulateBranch (666 bytes)


---------------  P R O C E S S  ---------------

Java Threads: ( => current thread )
  0x000000001657e800 JavaThread "pool-1-thread-4" [_thread_in_Java, id=11200, stack(0x0000000016dc0000,0x0000000016ec0000)]
  0x0000000016576800 JavaThread "pool-1-thread-3" [_thread_in_Java, id=2108, stack(0x0000000016cc0000,0x0000000016dc0000)]
  0x0000000016575800 JavaThread "pool-1-thread-2" [_thread_in_Java, id=10360, stack(0x0000000016bc0000,0x0000000016cc0000)]
  0x000000001654c800 JavaThread "pool-2-thread-1" [_thread_blocked, id=10980, stack(0x0000000016ac0000,0x0000000016bc0000)]
  0x000000001654b800 JavaThread "pool-1-thread-1" [_thread_in_Java, id=9404, stack(0x00000000169c0000,0x0000000016ac0000)]
  0x0000000016402800 JavaThread "Service Thread" daemon [_thread_blocked, id=11100, stack(0x00000000167c0000,0x00000000168c0000)]
  0x0000000001e72800 JavaThread "C1 CompilerThread2" daemon [_thread_blocked, id=6392, stack(0x00000000162c0000,0x00000000163c0000)]
=>0x0000000001e6e800 JavaThread "C2 CompilerThread1" daemon [_thread_in_native, id=10600, stack(0x00000000161c0000,0x00000000162c0000)]
  0x0000000001e6b000 JavaThread "C2 CompilerThread0" daemon [_thread_in_native, id=1064, stack(0x00000000160c0000,0x00000000161c0000)]
  0x0000000001e69000 JavaThread "Attach Listener" daemon [_thread_blocked, id=9712, stack(0x0000000015fc0000,0x00000000160c0000)]
  0x0000000001e68800 JavaThread "Signal Dispatcher" daemon [_thread_blocked, id=9704, stack(0x0000000015ec0000,0x0000000015fc0000)]
  0x0000000000f47000 JavaThread "Finalizer" daemon [_thread_blocked, id=1344, stack(0x0000000015ce0000,0x0000000015de0000)]
  0x0000000000f3e000 JavaThread "Reference Handler" daemon [_thread_blocked, id=10440, stack(0x0000000015be0000,0x0000000015ce0000)]
  0x0000000000e51000 JavaThread "main" [_thread_blocked, id=1160, stack(0x0000000000d40000,0x0000000000e40000)]

Other Threads:
  0x0000000001de8000 VMThread [stack: 0x0000000015ae0000,0x0000000015be0000] [id=10396]
  0x0000000016477000 WatcherThread [stack: 0x00000000168c0000,0x00000000169c0000] [id=2556]

VM state:not at safepoint (normal execution)

VM Mutex/Monitor currently owned by a thread: None

Heap:
 PSYoungGen      total 71680K, used 24070K [0x00000000eab00000, 0x00000000ef600000, 0x0000000100000000)
  eden space 66560K, 28% used [0x00000000eab00000,0x00000000ebd88010,0x00000000eec00000)
  from space 5120K, 99% used [0x00000000ef100000,0x00000000ef5f9b58,0x00000000ef600000)
  to   space 5120K, 0% used [0x00000000eec00000,0x00000000eec00000,0x00000000ef100000)
 ParOldGen       total 87552K, used 8311K [0x00000000c0000000, 0x00000000c5580000, 0x00000000eab00000)
  object space 87552K, 9% used [0x00000000c0000000,0x00000000c081dc50,0x00000000c5580000)
 Metaspace       used 6127K, capacity 7028K, committed 7296K, reserved 1056768K
  class space    used 600K, capacity 620K, committed 640K, reserved 1048576K

Card table byte_map: [0x0000000001310000,0x0000000001520000] byte_map_base: 0x0000000000d10000

Marking Bits: (ParMarkBitMap*) 0x000000006ddaa5b0
 Begin Bits: [0x0000000012400000, 0x0000000013400000)
 End Bits:   [0x0000000013400000, 0x0000000014400000)

Polling page: 0x0000000000520000

CodeCache: size=245760Kb used=5215Kb max_used=5215Kb free=240544Kb
 bounds [0x0000000003400000, 0x0000000003920000, 0x0000000012400000]
 total_blobs=1643 nmethods=1374 adapters=182
 compilation: enabled

Compilation events (10 events):
Event: 1.431 Thread 0x0000000001e72800 1393   !   2       java.util.zip.ZipFile$ZipFileInflaterInputStream::close (67 bytes)
Event: 1.432 Thread 0x0000000001e72800 nmethod 1393 0x0000000003911610 code [0x00000000039117a0, 0x0000000003911bd8]
Event: 1.432 Thread 0x0000000001e72800 1394       1       sun.util.calendar.CalendarDate::getMonth (5 bytes)
Event: 1.432 Thread 0x0000000001e72800 nmethod 1394 0x0000000003911ed0 code [0x0000000003912020, 0x0000000003912130]
Event: 1.432 Thread 0x0000000001e72800 1395   !   2       com.android.dx.cf.direct.AttributeListParser::parse (323 bytes)
Event: 1.435 Thread 0x0000000001e72800 nmethod 1395 0x0000000003912190 code [0x0000000003912560, 0x0000000003913988]
Event: 1.435 Thread 0x0000000001e72800 1397   !   2       com.android.dx.cf.direct.StdAttributeFactory::parseLocalVariables (274 bytes)
Event: 1.439 Thread 0x0000000001e72800 nmethod 1397 0x00000000039156d0 code [0x0000000003915bc0, 0x0000000003917908]
Event: 1.439 Thread 0x0000000001e72800 1396       2       com.android.dx.cf.iface.StdMember::<init> (69 bytes)
Event: 1.440 Thread 0x0000000001e72800 nmethod 1396 0x000000000391b810 code [0x000000000391b9a0, 0x000000000391bd28]

GC Heap History (4 events):
Event: 1.080 GC heap before
{Heap before GC invocations=1 (full 0):
 PSYoungGen      total 38400K, used 33280K [0x00000000eab00000, 0x00000000ed580000, 0x0000000100000000)
  eden space 33280K, 100% used [0x00000000eab00000,0x00000000ecb80000,0x00000000ecb80000)
  from space 5120K, 0% used [0x00000000ed080000,0x00000000ed080000,0x00000000ed580000)
  to   space 5120K, 0% used [0x00000000ecb80000,0x00000000ecb80000,0x00000000ed080000)
 ParOldGen       total 87552K, used 0K [0x00000000c0000000, 0x00000000c5580000, 0x00000000eab00000)
  object space 87552K, 0% used [0x00000000c0000000,0x00000000c0000000,0x00000000c5580000)
 Metaspace       used 5947K, capacity 6836K, committed 7040K, reserved 1056768K
  class space    used 600K, capacity 620K, committed 640K, reserved 1048576K
Event: 1.096 GC heap after
Heap after GC invocations=1 (full 0):
 PSYoungGen      total 38400K, used 5094K [0x00000000eab00000, 0x00000000ef600000, 0x0000000100000000)
  eden space 33280K, 0% used [0x00000000eab00000,0x00000000eab00000,0x00000000ecb80000)
  from space 5120K, 99% used [0x00000000ecb80000,0x00000000ed079800,0x00000000ed080000)
  to   space 5120K, 0% used [0x00000000ef100000,0x00000000ef100000,0x00000000ef600000)
 ParOldGen       total 87552K, used 3006K [0x00000000c0000000, 0x00000000c5580000, 0x00000000eab00000)
  object space 87552K, 3% used [0x00000000c0000000,0x00000000c02ef8a0,0x00000000c5580000)
 Metaspace       used 5947K, capacity 6836K, committed 7040K, reserved 1056768K
  class space    used 600K, capacity 620K, committed 640K, reserved 1048576K
}
Event: 1.339 GC heap before
{Heap before GC invocations=2 (full 0):
 PSYoungGen      total 38400K, used 38374K [0x00000000eab00000, 0x00000000ef600000, 0x0000000100000000)
  eden space 33280K, 100% used [0x00000000eab00000,0x00000000ecb80000,0x00000000ecb80000)
  from space 5120K, 99% used [0x00000000ecb80000,0x00000000ed079800,0x00000000ed080000)
  to   space 5120K, 0% used [0x00000000ef100000,0x00000000ef100000,0x00000000ef600000)
 ParOldGen       total 87552K, used 3006K [0x00000000c0000000, 0x00000000c5580000, 0x00000000eab00000)
  object space 87552K, 3% used [0x00000000c0000000,0x00000000c02ef8a0,0x00000000c5580000)
 Metaspace       used 6067K, capacity 6964K, committed 7040K, reserved 1056768K
  class space    used 600K, capacity 620K, committed 640K, reserved 1048576K
Event: 1.358 GC heap after
Heap after GC invocations=2 (full 0):
 PSYoungGen      total 71680K, used 5094K [0x00000000eab00000, 0x00000000ef600000, 0x0000000100000000)
  eden space 66560K, 0% used [0x00000000eab00000,0x00000000eab00000,0x00000000eec00000)
  from space 5120K, 99% used [0x00000000ef100000,0x00000000ef5f9b58,0x00000000ef600000)
  to   space 5120K, 0% used [0x00000000eec00000,0x00000000eec00000,0x00000000ef100000)
 ParOldGen       total 87552K, used 8311K [0x00000000c0000000, 0x00000000c5580000, 0x00000000eab00000)
  object space 87552K, 9% used [0x00000000c0000000,0x00000000c081dc50,0x00000000c5580000)
 Metaspace       used 6067K, capacity 6964K, committed 7040K, reserved 1056768K
  class space    used 600K, capacity 620K, committed 640K, reserved 1048576K
}

Deoptimization events (10 events):
Event: 0.682 Thread 0x0000000016576800 Uncommon trap: reason=bimorphic action=maybe_recompile pc=0x00000000036039a4 method=java.util.HashMap.getNode(ILjava/lang/Object;)Ljava/util/HashMap$Node; @ 126
Event: 0.682 Thread 0x0000000016576800 Uncommon trap: reason=bimorphic action=maybe_recompile pc=0x00000000036039a4 method=java.util.HashMap.getNode(ILjava/lang/Object;)Ljava/util/HashMap$Node; @ 126
Event: 0.725 Thread 0x0000000016575800 Uncommon trap: reason=null_check action=make_not_entrant pc=0x00000000036f60d8 method=com.android.dx.ssa.SsaRenamer.getLocalForNewReg(I)Lcom/android/dx/rop/code/LocalItem; @ 19
Event: 1.023 Thread 0x0000000016575800 Uncommon trap: reason=unstable_if action=reinterpret pc=0x00000000036440ac method=com.android.dx.rop.code.RegisterSpecSet.put(Lcom/android/dx/rop/code/RegisterSpec;)V @ 77
Event: 1.023 Thread 0x0000000016575800 Uncommon trap: reason=unstable_if action=reinterpret pc=0x000000000374b6a8 method=com.android.dx.rop.code.RegisterSpecSet.put(Lcom/android/dx/rop/code/RegisterSpec;)V @ 77
Event: 1.042 Thread 0x0000000000e51000 Uncommon trap: reason=unstable_if action=reinterpret pc=0x00000000036a5298 method=com.android.dx.rop.code.LocalItem.compareHandlesNulls(Lcom/android/dx/rop/cst/CstString;Lcom/android/dx/rop/cst/CstString;)I @ 14
Event: 1.042 Thread 0x0000000000e51000 Uncommon trap: reason=unstable_if action=reinterpret pc=0x0000000003856658 method=com.android.dx.rop.code.LocalItem.compareHandlesNulls(Lcom/android/dx/rop/cst/CstString;Lcom/android/dx/rop/cst/CstString;)I @ 14
Event: 1.042 Thread 0x0000000000e51000 Uncommon trap: reason=unstable_if action=reinterpret pc=0x00000000038616f0 method=com.android.dx.rop.code.LocalItem.compareHandlesNulls(Lcom/android/dx/rop/cst/CstString;Lcom/android/dx/rop/cst/CstString;)I @ 14
Event: 1.098 Thread 0x0000000016575800 Uncommon trap: reason=unstable_if action=reinterpret pc=0x0000000003788a94 method=com.android.dx.ssa.SsaRenamer$BlockRenamer.addMapping(ILcom/android/dx/rop/code/RegisterSpec;)V @ 120
Event: 1.169 Thread 0x0000000000e51000 Uncommon trap: reason=bimorphic action=maybe_recompile pc=0x00000000036039a4 method=java.util.HashMap.getNode(ILjava/lang/Object;)Ljava/util/HashMap$Node; @ 126

Internal exceptions (6 events):
Event: 0.035 Thread 0x0000000000e51000 Exception <a 'java/lang/NoSuchMethodError': Method sun.misc.Unsafe.defineClass(Ljava/lang/String;[BII)Ljava/lang/Class; name or signature does not match> (0x00000000eab12d50) thrown at [C:\re\workspace\8-2-build-windows-amd64-cygwin\jdk8u66\4988\hotspot\sr0} ‘1¢?
Event: 0.036 Thread 0x0000000000e51000 Exception <a 'java/lang/NoSuchMethodError': Method sun.misc.Unsafe.prefetchRead(Ljava/lang/Object;J)V name or signature does not match> (0x00000000eab13038) thrown at [C:\re\workspace\8-2-build-windows-amd64-cygwin\jdk8u66\4988\hotspot\src\share\vm\prims\j+ÑÜüß3ç?
Event: 0.725 Thread 0x0000000016575800 Implicit null exception at 0x00000000036f4298 to 0x00000000036f6095
Event: 1.042 Thread 0x0000000000e51000 Implicit null exception at 0x00000000036a4fc7 to 0x00000000036a5285
Event: 1.042 Thread 0x0000000000e51000 Implicit null exception at 0x00000000038564d8 to 0x0000000003856645
Event: 1.042 Thread 0x0000000000e51000 Implicit null exception at 0x00000000038614f4 to 0x00000000038616cd

Events (10 events):
Event: 1.297 Thread 0x0000000016576800 DEOPT PACKING pc=0x000000000382b11a sp=0x0000000016dbeb90
Event: 1.297 Thread 0x0000000016576800 DEOPT UNPACKING pc=0x000000000344787f sp=0x0000000016dbe8e0 mode 0
Event: 1.336 Executing VM operation: ParallelGCFailedAllocation
Event: 1.358 Executing VM operation: ParallelGCFailedAllocation done
Event: 1.374 Thread 0x000000001657e800 DEOPT PACKING pc=0x00000000038451ac sp=0x0000000016ebe7c0
Event: 1.374 Thread 0x000000001657e800 DEOPT UNPACKING pc=0x000000000344787f sp=0x0000000016ebe4d0 mode 0
Event: 1.390 loading class com/android/dx/cf/attrib/AttEnclosingMethod
Event: 1.390 loading class com/android/dx/cf/attrib/AttEnclosingMethod done
Event: 1.401 Thread 0x0000000016576800 DEOPT PACKING pc=0x00000000038d8158 sp=0x0000000016dbeb30
Event: 1.401 Thread 0x0000000016576800 DEOPT UNPACKING pc=0x000000000344787f sp=0x0000000016dbe8b0 mode 0


Dynamic libraries:
0x00007ff719a70000 - 0x00007ff719aa7000 	C:\Program Files\Java\jdk1.8.0_66\bin\java.exe
0x00007ff89e510000 - 0x00007ff89e6d1000 	C:\Windows\SYSTEM32\ntdll.dll
0x00007ff89da60000 - 0x00007ff89db0d000 	C:\Windows\system32\KERNEL32.DLL
0x00007ff89ac70000 - 0x00007ff89ae58000 	C:\Windows\system32\KERNELBASE.dll
0x00007ff89bfd0000 - 0x00007ff89c077000 	C:\Windows\system32\ADVAPI32.dll
0x00007ff89df80000 - 0x00007ff89e01d000 	C:\Windows\system32\msvcrt.dll
0x00007ff89da00000 - 0x00007ff89da5b000 	C:\Windows\system32\sechost.dll
0x00007ff89e290000 - 0x00007ff89e3ac000 	C:\Windows\system32\RPCRT4.dll
0x00007ff89ba20000 - 0x00007ff89bb76000 	C:\Windows\system32\USER32.dll
0x00007ff89db10000 - 0x00007ff89dc96000 	C:\Windows\system32\GDI32.dll
0x00007ff88e4b0000 - 0x00007ff88e724000 	C:\Windows\WinSxS\amd64_microsoft.windows.common-controls_6595b64144ccf1df_6.0.10586.0_none_8c15ae12515e1c22\COMCTL32.dll
0x00007ff89dca0000 - 0x00007ff89df1d000 	C:\Windows\system32\combase.dll
0x00007ff89b680000 - 0x00007ff89b6ea000 	C:\Windows\system32\bcryptPrimitives.dll
0x00007ff89b9e0000 - 0x00007ff89ba1b000 	C:\Windows\system32\IMM32.DLL
0x000000006d120000 - 0x000000006d1f2000 	C:\Program Files\Java\jdk1.8.0_66\jre\bin\msvcr100.dll
0x000000006d5a0000 - 0x000000006de29000 	C:\Program Files\Java\jdk1.8.0_66\jre\bin\server\jvm.dll
0x00007ff89d840000 - 0x00007ff89d848000 	C:\Windows\system32\PSAPI.DLL
0x00007ff8913f0000 - 0x00007ff8913fa000 	C:\Windows\SYSTEM32\VERSION.dll
0x00007ff8904e0000 - 0x00007ff8904e9000 	C:\Windows\SYSTEM32\WSOCK32.dll
0x00007ff898d50000 - 0x00007ff898d73000 	C:\Windows\SYSTEM32\WINMM.dll
0x00007ff89e150000 - 0x00007ff89e1bb000 	C:\Windows\system32\WS2_32.dll
0x00007ff898cb0000 - 0x00007ff898cdc000 	C:\Windows\SYSTEM32\WINMMBASE.dll
0x00007ff89ac20000 - 0x00007ff89ac63000 	C:\Windows\system32\cfgmgr32.dll
0x000000006d590000 - 0x000000006d59f000 	C:\Program Files\Java\jdk1.8.0_66\jre\bin\verify.dll
0x000000006d560000 - 0x000000006d589000 	C:\Program Files\Java\jdk1.8.0_66\jre\bin\java.dll
0x000000006d540000 - 0x000000006d556000 	C:\Program Files\Java\jdk1.8.0_66\jre\bin\zip.dll
0x00007ff89c080000 - 0x00007ff89d5dc000 	C:\Windows\system32\SHELL32.dll
0x00007ff89ae60000 - 0x00007ff89b4a5000 	C:\Windows\system32\windows.storage.dll
0x00007ff89d850000 - 0x00007ff89d8a2000 	C:\Windows\system32\shlwapi.dll
0x00007ff89ab40000 - 0x00007ff89ab4f000 	C:\Windows\system32\kernel.appcore.dll
0x00007ff89b710000 - 0x00007ff89b7c5000 	C:\Windows\system32\shcore.dll
0x00007ff89ab70000 - 0x00007ff89abbb000 	C:\Windows\system32\powrprof.dll
0x00007ff89ab50000 - 0x00007ff89ab64000 	C:\Windows\system32\profapi.dll

VM Arguments:
jvm_args: -Djava.awt.headless=true -Xmx1024M -Dfile.encoding=windows-1258 -Duser.country=US -Duser.language=en -Duser.variant 
java_command: com.android.dx.command.Main --dex --num-threads=4 --output D:\Dazone\crewemail\CrewEmail\app\build\intermediates\pre-dexed\debug\htmlcleaner-2.16_f9127d9a4a126cc827150c6481efd60359ac7492.jar C:\Users\THANHTUNG\.gradle\caches\modules-2\files-2.1\net.sourceforge.htmlcleaner\htmlcleaner\2.16\4a565770e8d1fe3e82cc7f42744ed2a73fc8600\htmlcleaner-2.16.jar
java_class_path (initial): E:\android-sdk_r24.4.1-windows\android-sdk-windows\build-tools\23.0.2\lib\dx.jar
Launcher Type: SUN_STANDARD

Environment Variables:
JAVA_HOME=C:\Program Files\Java\jdk1.8.0_66
PATH=C:\ProgramData\Oracle\Java\javapath;C:\Windows\system32;C:\Windows;C:\Windows\System32\Wbem;C:\Windows\System32\WindowsPowerShell\v1.0\;C:\Program Files (x86)\Intel\OpenCL SDK\2.0\bin\x86;C:\Program Files (x86)\Intel\OpenCL SDK\2.0\bin\x64;C:\Program Files\Java\jdk1.8.0_66\bin;C:\Program Files (x86)\Skype\Phone\;E:\android-sdk_r24.4.1-windows\android-sdk-windows\tools;E:\android-sdk_r24.4.1-windows\android-sdk-windows\platform-tools;C:\Program Files\Bandizip\7z
USERNAME=THANHTUNG
OS=Windows_NT
PROCESSOR_IDENTIFIER=Intel64 Family 6 Model 42 Stepping 7, GenuineIntel



---------------  S Y S T E M  ---------------

OS: Windows 10.0 , 64 bit Build 10586 (10.0.10586.0)

CPU:total 4 (2 cores per cpu, 2 threads per core) family 6 model 42 stepping 7, cmov, cx8, fxsr, mmx, sse, sse2, sse3, ssse3, sse4.1, sse4.2, popcnt, avx, aes, clmul, ht, tsc, tscinvbit

Memory: 4k page, physical 8269036k(326064k free), swap 9317612k(5644k free)

vm_info: Java HotSpot(TM) 64-Bit Server VM (25.66-b17) for windows-amd64 JRE (1.8.0_66-b17), built on Oct  6 2015 18:55:33 by "java_re" with MS VC++ 10.0 (VS2010)

time: Thu Feb 25 15:10:44 2016
elapsed time: 1 seconds (0d 0h 0m 1s)

