#
# There is insufficient memory for the Java Runtime Environment to continue.
# Native memory allocation (malloc) failed to allocate 32744 bytes for ChunkPool::allocate
# Possible reasons:
#   The system is out of physical RAM or swap space
#   In 32 bit mode, the process size limit was hit
# Possible solutions:
#   Reduce memory load on the system
#   Increase physical memory or swap space
#   Check if swap backing store is full
#   Use 64 bit Java on a 64 bit OS
#   Decrease Java heap size (-Xmx/-Xms)
#   Decrease number of Java threads
#   Decrease Java thread stack sizes (-Xss)
#   Set larger code cache with -XX:ReservedCodeCacheSize=
# This output file may be truncated or incomplete.
#
#  Out of Memory Error (allocation.cpp:273), pid=1284, tid=9236
#
# JRE version: Java(TM) SE Runtime Environment (8.0_66-b17) (build 1.8.0_66-b17)
# Java VM: Java HotSpot(TM) 64-Bit Server VM (25.66-b17 mixed mode windows-amd64 compressed oops)
# Failed to write core dump. Minidumps are not enabled by default on client versions of Windows
#

---------------  T H R E A D  ---------------

Current thread (0x0000000001e94800):  JavaThread "C1 CompilerThread2" daemon [_thread_in_native, id=9236, stack(0x00000000162d0000,0x00000000163d0000)]

Stack: [0x00000000162d0000,0x00000000163d0000]
[error occurred during error reporting (printing stack bounds), id 0xc0000005]

Native frames: (J=compiled Java code, j=interpreted, Vv=VM code, C=native code)


Current CompileTask:
C1:   1309 1345       3       com.android.dx.ssa.ConstCollector::getConstsSortedByCountUse (386 bytes)


---------------  P R O C E S S  ---------------

Java Threads: ( => current thread )
  0x0000000016642000 JavaThread "pool-1-thread-4" [_thread_blocked, id=3788, stack(0x0000000016dd0000,0x0000000016ed0000)]
  0x000000001663c800 JavaThread "pool-1-thread-3" [_thread_in_Java, id=11172, stack(0x0000000016cd0000,0x0000000016dd0000)]
  0x0000000016634800 JavaThread "pool-1-thread-2" [_thread_blocked, id=1064, stack(0x0000000016bd0000,0x0000000016cd0000)]
  0x0000000016624000 JavaThread "pool-2-thread-1" [_thread_blocked, id=7696, stack(0x0000000016ad0000,0x0000000016bd0000)]
  0x0000000016692000 JavaThread "pool-1-thread-1" [_thread_blocked, id=8936, stack(0x00000000169d0000,0x0000000016ad0000)]
  0x0000000001e9d800 JavaThread "Service Thread" daemon [_thread_blocked, id=2508, stack(0x00000000167d0000,0x00000000168d0000)]
=>0x0000000001e94800 JavaThread "C1 CompilerThread2" daemon [_thread_in_native, id=9236, stack(0x00000000162d0000,0x00000000163d0000)]
  0x0000000001e8d000 JavaThread "C2 CompilerThread1" daemon [_thread_in_native, id=1236, stack(0x00000000161d0000,0x00000000162d0000)]
  0x0000000001e8a000 JavaThread "C2 CompilerThread0" daemon [_thread_in_native, id=7240, stack(0x00000000160d0000,0x00000000161d0000)]
  0x0000000001e87800 JavaThread "Attach Listener" daemon [_thread_blocked, id=11016, stack(0x0000000015fd0000,0x00000000160d0000)]
  0x0000000001e37800 JavaThread "Signal Dispatcher" daemon [_thread_blocked, id=5872, stack(0x0000000015ed0000,0x0000000015fd0000)]
  0x0000000000f66000 JavaThread "Finalizer" daemon [_thread_blocked, id=7116, stack(0x0000000015cf0000,0x0000000015df0000)]
  0x0000000000f5d000 JavaThread "Reference Handler" daemon [_thread_blocked, id=4236, stack(0x0000000015bf0000,0x0000000015cf0000)]
  0x0000000000e71000 JavaThread "main" [_thread_in_native, id=10412, stack(0x0000000000d70000,0x0000000000e70000)]

Other Threads:
  0x0000000001e08000 VMThread [stack: 0x0000000015af0000,0x0000000015bf0000] [id=6976]
  0x000000001648e000 WatcherThread [stack: 0x00000000168d0000,0x00000000169d0000] [id=1344]

VM state:not at safepoint (normal execution)

VM Mutex/Monitor currently owned by a thread: None

Heap:
 PSYoungGen      total 38400K, used 10656K [0x00000000eab00000, 0x00000000ef600000, 0x0000000100000000)
  eden space 33280K, 16% used [0x00000000eab00000,0x00000000eb070030,0x00000000ecb80000)
  from space 5120K, 99% used [0x00000000ecb80000,0x00000000ed078078,0x00000000ed080000)
  to   space 5120K, 0% used [0x00000000ef100000,0x00000000ef100000,0x00000000ef600000)
 ParOldGen       total 87552K, used 822K [0x00000000c0000000, 0x00000000c5580000, 0x00000000eab00000)
  object space 87552K, 0% used [0x00000000c0000000,0x00000000c00cd870,0x00000000c5580000)
 Metaspace       used 6125K, capacity 6964K, committed 7040K, reserved 1056768K
  class space    used 605K, capacity 620K, committed 640K, reserved 1048576K

Card table byte_map: [0x0000000001330000,0x0000000001540000] byte_map_base: 0x0000000000d30000

Marking Bits: (ParMarkBitMap*) 0x000000006ddaa5b0
 Begin Bits: [0x0000000012400000, 0x0000000013400000)
 End Bits:   [0x0000000013400000, 0x0000000014400000)

Polling page: 0x0000000000920000

CodeCache: size=245760Kb used=5232Kb max_used=5232Kb free=240527Kb
 bounds [0x0000000003400000, 0x0000000003930000, 0x0000000012400000]
 total_blobs=1605 nmethods=1336 adapters=182
 compilation: enabled

Compilation events (10 events):
Event: 1.303 Thread 0x0000000001e94800 nmethod 1340 0x000000000391d810 code [0x000000000391d9c0, 0x000000000391e0f8]
Event: 1.303 Thread 0x0000000001e94800 1339  s    3       com.android.dx.dex.file.TypeIdsSection::intern (60 bytes)
Event: 1.304 Thread 0x0000000001e94800 nmethod 1339 0x000000000391e310 code [0x000000000391e540, 0x000000000391f208]
Event: 1.304 Thread 0x0000000001e94800 1341       3       com.android.dx.cf.code.LocalVariableList$Item::getLocalItem (12 bytes)
Event: 1.304 Thread 0x0000000001e94800 nmethod 1341 0x000000000391f890 code [0x000000000391fa00, 0x000000000391fd70]
Event: 1.304 Thread 0x0000000001e94800 1342       3       com.android.dx.rop.code.LocalItem::make (20 bytes)
Event: 1.305 Thread 0x0000000001e94800 nmethod 1342 0x000000000391fed0 code [0x0000000003920040, 0x0000000003920330]
Event: 1.305 Thread 0x0000000001e94800 1343       3       com.android.dx.rop.code.LocalItem::<init> (15 bytes)
Event: 1.305 Thread 0x0000000001e94800 nmethod 1343 0x0000000003920450 code [0x00000000039205a0, 0x0000000003920770]
Event: 1.305 Thread 0x0000000001e94800 1345       3       com.android.dx.ssa.ConstCollector::getConstsSortedByCountUse (386 bytes)

GC Heap History (2 events):
Event: 1.236 GC heap before
{Heap before GC invocations=1 (full 0):
 PSYoungGen      total 38400K, used 33280K [0x00000000eab00000, 0x00000000ed580000, 0x0000000100000000)
  eden space 33280K, 100% used [0x00000000eab00000,0x00000000ecb80000,0x00000000ecb80000)
  from space 5120K, 0% used [0x00000000ed080000,0x00000000ed080000,0x00000000ed580000)
  to   space 5120K, 0% used [0x00000000ecb80000,0x00000000ecb80000,0x00000000ed080000)
 ParOldGen       total 87552K, used 0K [0x00000000c0000000, 0x00000000c5580000, 0x00000000eab00000)
  object space 87552K, 0% used [0x00000000c0000000,0x00000000c0000000,0x00000000c5580000)
 Metaspace       used 6085K, capacity 6964K, committed 7040K, reserved 1056768K
  class space    used 605K, capacity 620K, committed 640K, reserved 1048576K
Event: 1.252 GC heap after
Heap after GC invocations=1 (full 0):
 PSYoungGen      total 38400K, used 5088K [0x00000000eab00000, 0x00000000ef600000, 0x0000000100000000)
  eden space 33280K, 0% used [0x00000000eab00000,0x00000000eab00000,0x00000000ecb80000)
  from space 5120K, 99% used [0x00000000ecb80000,0x00000000ed078078,0x00000000ed080000)
  to   space 5120K, 0% used [0x00000000ef100000,0x00000000ef100000,0x00000000ef600000)
 ParOldGen       total 87552K, used 822K [0x00000000c0000000, 0x00000000c5580000, 0x00000000eab00000)
  object space 87552K, 0% used [0x00000000c0000000,0x00000000c00cd870,0x00000000c5580000)
 Metaspace       used 6085K, capacity 6964K, committed 7040K, reserved 1056768K
  class space    used 605K, capacity 620K, committed 640K, reserved 1048576K
}

Deoptimization events (10 events):
Event: 0.767 Thread 0x0000000016692000 Uncommon trap: reason=unstable_if action=reinterpret pc=0x0000000003626330 method=java.util.BitSet.nextSetBit(I)I @ 87
Event: 0.921 Thread 0x0000000000e71000 Uncommon trap: reason=null_check action=make_not_entrant pc=0x0000000003718334 method=com.android.dx.ssa.SsaRenamer.getLocalForNewReg(I)Lcom/android/dx/rop/code/LocalItem; @ 19
Event: 1.014 Thread 0x0000000000e71000 Uncommon trap: reason=null_check action=make_not_entrant pc=0x000000000373c820 method=com.android.dx.rop.type.Type.equals(Ljava/lang/Object;)Z @ 8
Event: 1.166 Thread 0x0000000000e71000 Uncommon trap: reason=unstable_if action=reinterpret pc=0x00000000037f7094 method=com.android.dx.ssa.SsaRenamer$BlockRenamer.addMapping(ILcom/android/dx/rop/code/RegisterSpec;)V @ 120
Event: 1.213 Thread 0x0000000016692000 Uncommon trap: reason=bimorphic action=maybe_recompile pc=0x000000000364d1a8 method=java.util.HashMap.getNode(ILjava/lang/Object;)Ljava/util/HashMap$Node; @ 126
Event: 1.213 Thread 0x0000000016692000 Uncommon trap: reason=class_check action=maybe_recompile pc=0x00000000038949a8 method=java.util.HashMap.putVal(ILjava/lang/Object;Ljava/lang/Object;ZZ)Ljava/lang/Object; @ 203
Event: 1.297 Thread 0x000000001663c800 Uncommon trap: reason=bimorphic action=maybe_recompile pc=0x000000000364d1a8 method=java.util.HashMap.getNode(ILjava/lang/Object;)Ljava/util/HashMap$Node; @ 126
Event: 1.297 Thread 0x000000001663c800 Uncommon trap: reason=class_check action=maybe_recompile pc=0x00000000038949a8 method=java.util.HashMap.putVal(ILjava/lang/Object;Ljava/lang/Object;ZZ)Ljava/lang/Object; @ 203
Event: 1.297 Thread 0x000000001663c800 Uncommon trap: reason=unstable_if action=reinterpret pc=0x00000000037e3edc method=com.android.dx.rop.cst.Constant.compareTo(Lcom/android/dx/rop/cst/Constant;)I @ 12
Event: 1.297 Thread 0x000000001663c800 Uncommon trap: reason=bimorphic action=maybe_recompile pc=0x000000000364d1a8 method=java.util.HashMap.getNode(ILjava/lang/Object;)Ljava/util/HashMap$Node; @ 126

Internal exceptions (4 events):
Event: 0.052 Thread 0x0000000000e71000 Exception <a 'java/lang/NoSuchMethodError': Method sun.misc.Unsafe.defineClass(Ljava/lang/String;[BII)Ljava/lang/Class; name or signature does not match> (0x00000000eab12ff8) thrown at [C:\re\workspace\8-2-build-windows-amd64-cygwin\jdk8u66\4988\hotspot\srÅ/ÔNæª?
Event: 0.053 Thread 0x0000000000e71000 Exception <a 'java/lang/NoSuchMethodError': Method sun.misc.Unsafe.prefetchRead(Ljava/lang/Object;J)V name or signature does not match> (0x00000000eab132e0) thrown at [C:\re\workspace\8-2-build-windows-amd64-cygwin\jdk8u66\4988\hotspot\src\share\vm\prims\j`}ÑÍ yí?
Event: 0.921 Thread 0x0000000000e71000 Implicit null exception at 0x000000000371682d to 0x00000000037182f1
Event: 1.014 Thread 0x0000000000e71000 Implicit null exception at 0x000000000373c722 to 0x000000000373c812

Events (10 events):
Event: 1.297 Thread 0x000000001663c800 DEOPT UNPACKING pc=0x000000000344582a sp=0x0000000016dcea98 mode 2
Event: 1.297 Thread 0x000000001663c800 Uncommon trap: trap_request=0xffffffde fr.pc=0x00000000038949a8
Event: 1.297 Thread 0x000000001663c800 DEOPT PACKING pc=0x00000000038949a8 sp=0x0000000016dceb50
Event: 1.297 Thread 0x000000001663c800 DEOPT UNPACKING pc=0x000000000344582a sp=0x0000000016dcea78 mode 2
Event: 1.297 Thread 0x000000001663c800 Uncommon trap: trap_request=0xffffff65 fr.pc=0x00000000037e3edc
Event: 1.297 Thread 0x000000001663c800 DEOPT PACKING pc=0x00000000037e3edc sp=0x0000000016dce850
Event: 1.297 Thread 0x000000001663c800 DEOPT UNPACKING pc=0x000000000344582a sp=0x0000000016dce7f0 mode 2
Event: 1.297 Thread 0x000000001663c800 Uncommon trap: trap_request=0xffffffc6 fr.pc=0x000000000364d1a8
Event: 1.297 Thread 0x000000001663c800 DEOPT PACKING pc=0x000000000364d1a8 sp=0x0000000016dceb00
Event: 1.298 Thread 0x000000001663c800 DEOPT UNPACKING pc=0x000000000344582a sp=0x0000000016dcea08 mode 2


Dynamic libraries:
0x00007ff719a70000 - 0x00007ff719aa7000 	C:\Program Files\Java\jdk1.8.0_66\bin\java.exe
0x00007ff89e510000 - 0x00007ff89e6d1000 	C:\Windows\SYSTEM32\ntdll.dll
0x00007ff89da60000 - 0x00007ff89db0d000 	C:\Windows\system32\KERNEL32.DLL
0x00007ff89ac70000 - 0x00007ff89ae58000 	C:\Windows\system32\KERNELBASE.dll
0x00007ff89bfd0000 - 0x00007ff89c077000 	C:\Windows\system32\ADVAPI32.dll
0x00007ff89df80000 - 0x00007ff89e01d000 	C:\Windows\system32\msvcrt.dll
0x00007ff89da00000 - 0x00007ff89da5b000 	C:\Windows\system32\sechost.dll
0x00007ff89e290000 - 0x00007ff89e3ac000 	C:\Windows\system32\RPCRT4.dll
0x00007ff89ba20000 - 0x00007ff89bb76000 	C:\Windows\system32\USER32.dll
0x00007ff89db10000 - 0x00007ff89dc96000 	C:\Windows\system32\GDI32.dll
0x00007ff88e4b0000 - 0x00007ff88e724000 	C:\Windows\WinSxS\amd64_microsoft.windows.common-controls_6595b64144ccf1df_6.0.10586.0_none_8c15ae12515e1c22\COMCTL32.dll
0x00007ff89dca0000 - 0x00007ff89df1d000 	C:\Windows\system32\combase.dll
0x00007ff89b680000 - 0x00007ff89b6ea000 	C:\Windows\system32\bcryptPrimitives.dll
0x00007ff89b9e0000 - 0x00007ff89ba1b000 	C:\Windows\system32\IMM32.DLL
0x000000006d120000 - 0x000000006d1f2000 	C:\Program Files\Java\jdk1.8.0_66\jre\bin\msvcr100.dll
0x000000006d5a0000 - 0x000000006de29000 	C:\Program Files\Java\jdk1.8.0_66\jre\bin\server\jvm.dll
0x00007ff89d840000 - 0x00007ff89d848000 	C:\Windows\system32\PSAPI.DLL
0x00007ff8904e0000 - 0x00007ff8904e9000 	C:\Windows\SYSTEM32\WSOCK32.dll
0x00007ff898d50000 - 0x00007ff898d73000 	C:\Windows\SYSTEM32\WINMM.dll
0x00007ff8913f0000 - 0x00007ff8913fa000 	C:\Windows\SYSTEM32\VERSION.dll
0x00007ff89e150000 - 0x00007ff89e1bb000 	C:\Windows\system32\WS2_32.dll
0x00007ff898cb0000 - 0x00007ff898cdc000 	C:\Windows\SYSTEM32\WINMMBASE.dll
0x00007ff89ac20000 - 0x00007ff89ac63000 	C:\Windows\system32\cfgmgr32.dll
0x000000006d590000 - 0x000000006d59f000 	C:\Program Files\Java\jdk1.8.0_66\jre\bin\verify.dll
0x000000006d560000 - 0x000000006d589000 	C:\Program Files\Java\jdk1.8.0_66\jre\bin\java.dll
0x000000006d540000 - 0x000000006d556000 	C:\Program Files\Java\jdk1.8.0_66\jre\bin\zip.dll
0x00007ff89c080000 - 0x00007ff89d5dc000 	C:\Windows\system32\SHELL32.dll
0x00007ff89ae60000 - 0x00007ff89b4a5000 	C:\Windows\system32\windows.storage.dll
0x00007ff89d850000 - 0x00007ff89d8a2000 	C:\Windows\system32\shlwapi.dll
0x00007ff89ab40000 - 0x00007ff89ab4f000 	C:\Windows\system32\kernel.appcore.dll
0x00007ff89b710000 - 0x00007ff89b7c5000 	C:\Windows\system32\shcore.dll
0x00007ff89ab70000 - 0x00007ff89abbb000 	C:\Windows\system32\powrprof.dll
0x00007ff89ab50000 - 0x00007ff89ab64000 	C:\Windows\system32\profapi.dll

VM Arguments:
jvm_args: -Djava.awt.headless=true -Xmx1024M -Dfile.encoding=windows-1258 -Duser.country=US -Duser.language=en -Duser.variant 
java_command: com.android.dx.command.Main --dex --num-threads=4 --output D:\Dazone\crewemail\CrewEmail\app\build\intermediates\pre-dexed\debug\com.facebook.fresco-imagepipeline-0.8.1_6f8b210450d840bc44513fdbbefcea0ad9a23d3b.jar D:\Dazone\crewemail\CrewEmail\app\build\intermediates\exploded-aar\com.facebook.fresco\imagepipeline\0.8.1\jars\classes.jar
java_class_path (initial): E:\android-sdk_r24.4.1-windows\android-sdk-windows\build-tools\23.0.2\lib\dx.jar
Launcher Type: SUN_STANDARD

Environment Variables:
JAVA_HOME=C:\Program Files\Java\jdk1.8.0_66
PATH=C:\ProgramData\Oracle\Java\javapath;C:\Windows\system32;C:\Windows;C:\Windows\System32\Wbem;C:\Windows\System32\WindowsPowerShell\v1.0\;C:\Program Files (x86)\Intel\OpenCL SDK\2.0\bin\x86;C:\Program Files (x86)\Intel\OpenCL SDK\2.0\bin\x64;C:\Program Files\Java\jdk1.8.0_66\bin;C:\Program Files (x86)\Skype\Phone\;E:\android-sdk_r24.4.1-windows\android-sdk-windows\tools;E:\android-sdk_r24.4.1-windows\android-sdk-windows\platform-tools;C:\Program Files\Bandizip\7z
USERNAME=THANHTUNG
OS=Windows_NT
PROCESSOR_IDENTIFIER=Intel64 Family 6 Model 42 Stepping 7, GenuineIntel



---------------  S Y S T E M  ---------------

OS: Windows 10.0 , 64 bit Build 10586 (10.0.10586.0)

CPU:total 4 (2 cores per cpu, 2 threads per core) family 6 model 42 stepping 7, cmov, cx8, fxsr, mmx, sse, sse2, sse3, ssse3, sse4.1, sse4.2, popcnt, avx, aes, clmul, ht, tsc, tscinvbit

Memory: 4k page, physical 8269036k(380868k free), swap 9317612k(5468k free)

vm_info: Java HotSpot(TM) 64-Bit Server VM (25.66-b17) for windows-amd64 JRE (1.8.0_66-b17), built on Oct  6 2015 18:55:33 by "java_re" with MS VC++ 10.0 (VS2010)

time: Thu Feb 25 15:11:02 2016
elapsed time: 1 seconds (0d 0h 0m 1s)

